2021-07-05 02:23:01,922 - mmseg - INFO - Environment info:
------------------------------------------------------------
sys.platform: linux
Python: 3.7.10 (default, Feb 26 2021, 18:47:35) [GCC 7.3.0]
CUDA available: True
GPU 0,1,2,3: Tesla V100-SXM2-32GB
CUDA_HOME: /mnt/cache/share/polaris/dep/cuda-10.1-cudnn7.6.5
NVCC: Cuda compilation tools, release 10.1, V10.1.243
GCC: gcc (GCC) 5.4.0
PyTorch: 1.8.0
PyTorch compiling details: PyTorch built with:
  - GCC 7.3
  - C++ Version: 201402
  - Intel(R) Math Kernel Library Version 2020.0.2 Product Build 20200624 for Intel(R) 64 architecture applications
  - Intel(R) MKL-DNN v1.7.0 (Git Hash 7aed236906b1f7a05c0917e5257a1af05e9ff683)
  - OpenMP 201511 (a.k.a. OpenMP 4.5)
  - NNPACK is enabled
  - CPU capability usage: AVX2
  - CUDA Runtime 10.1
  - NVCC architecture flags: -gencode;arch=compute_37,code=sm_37;-gencode;arch=compute_50,code=sm_50;-gencode;arch=compute_60,code=sm_60;-gencode;arch=compute_61,code=sm_61;-gencode;arch=compute_70,code=sm_70;-gencode;arch=compute_75,code=sm_75;-gencode;arch=compute_37,code=compute_37
  - CuDNN 7.6.3
  - Magma 2.5.2
  - Build settings: BLAS_INFO=mkl, BUILD_TYPE=Release, CUDA_VERSION=10.1, CUDNN_VERSION=7.6.3, CXX_COMPILER=/opt/rh/devtoolset-7/root/usr/bin/c++, CXX_FLAGS= -Wno-deprecated -fvisibility-inlines-hidden -DUSE_PTHREADPOOL -fopenmp -DNDEBUG -DUSE_KINETO -DUSE_FBGEMM -DUSE_QNNPACK -DUSE_PYTORCH_QNNPACK -DUSE_XNNPACK -O2 -fPIC -Wno-narrowing -Wall -Wextra -Werror=return-type -Wno-missing-field-initializers -Wno-type-limits -Wno-array-bounds -Wno-unknown-pragmas -Wno-sign-compare -Wno-unused-parameter -Wno-unused-variable -Wno-unused-function -Wno-unused-result -Wno-unused-local-typedefs -Wno-strict-overflow -Wno-strict-aliasing -Wno-error=deprecated-declarations -Wno-stringop-overflow -Wno-psabi -Wno-error=pedantic -Wno-error=redundant-decls -Wno-error=old-style-cast -fdiagnostics-color=always -faligned-new -Wno-unused-but-set-variable -Wno-maybe-uninitialized -fno-math-errno -fno-trapping-math -Werror=format -Wno-stringop-overflow, LAPACK_INFO=mkl, PERF_WITH_AVX=1, PERF_WITH_AVX2=1, PERF_WITH_AVX512=1, TORCH_VERSION=1.8.0, USE_CUDA=ON, USE_CUDNN=ON, USE_EXCEPTION_PTR=1, USE_GFLAGS=OFF, USE_GLOG=OFF, USE_MKL=ON, USE_MKLDNN=ON, USE_MPI=OFF, USE_NCCL=ON, USE_NNPACK=ON, USE_OPENMP=ON,

TorchVision: 0.9.0
OpenCV: 4.5.1
MMCV: 1.3.8
MMCV Compiler: GCC 7.3
MMCV CUDA Compiler: 10.1
MMSegmentation: 0.14.1+9988853
------------------------------------------------------------

2021-07-05 02:23:01,924 - mmseg - INFO - Distributed training: True
2021-07-05 02:23:02,159 - mmseg - INFO - Config:
norm_cfg = dict(type='SyncBN', requires_grad=True)
model = dict(
    type='EncoderDecoder',
    pretrained='open-mmlab://resnet50_v1c',
    backbone=dict(
        type='ResNetV1c',
        depth=50,
        num_stages=4,
        out_indices=(0, 1, 2, 3),
        dilations=(1, 1, 2, 4),
        strides=(1, 2, 1, 1),
        norm_cfg=dict(type='SyncBN', requires_grad=True),
        norm_eval=False,
        style='pytorch',
        contract_dilation=True),
    decode_head=dict(
        type='FCNHead',
        in_channels=2048,
        in_index=3,
        channels=512,
        num_convs=2,
        concat_input=True,
        dropout_ratio=0.1,
        num_classes=19,
        norm_cfg=dict(type='SyncBN', requires_grad=True),
        align_corners=False,
        loss_decode=dict(
            type='CrossEntropyLoss', use_sigmoid=False, loss_weight=1.0)),
    auxiliary_head=dict(
        type='FCNHead',
        in_channels=1024,
        in_index=2,
        channels=256,
        num_convs=1,
        concat_input=False,
        dropout_ratio=0.1,
        num_classes=19,
        norm_cfg=dict(type='SyncBN', requires_grad=True),
        align_corners=False,
        loss_decode=dict(
            type='CrossEntropyLoss', use_sigmoid=False, loss_weight=0.4)),
    train_cfg=dict(),
    test_cfg=dict(mode='whole'))
dataset_type = 'DummyCityscapes'
img_norm_cfg = dict(
    mean=[123.675, 116.28, 103.53], std=[58.395, 57.12, 57.375], to_rgb=True)
crop_size = (512, 1024)
train_pipeline = [
    dict(type='Resize', img_scale=(2048, 1024), ratio_range=(0.5, 2.0)),
    dict(type='RandomCrop', crop_size=(512, 1024), cat_max_ratio=0.75),
    dict(type='RandomFlip', prob=0.5),
    dict(type='PhotoMetricDistortion'),
    dict(
        type='Normalize',
        mean=[123.675, 116.28, 103.53],
        std=[58.395, 57.12, 57.375],
        to_rgb=True),
    dict(type='DefaultFormatBundle'),
    dict(type='Collect', keys=['img', 'gt_semantic_seg'])
]
test_pipeline = [
    dict(
        type='MultiScaleFlipAug',
        img_scale=(2048, 1024),
        flip=False,
        transforms=[
            dict(type='Resize', keep_ratio=True),
            dict(type='RandomFlip'),
            dict(
                type='Normalize',
                mean=[123.675, 116.28, 103.53],
                std=[58.395, 57.12, 57.375],
                to_rgb=True),
            dict(type='ImageToTensor', keys=['img']),
            dict(type='Collect', keys=['img'])
        ])
]
data = dict(
    samples_per_gpu=2,
    workers_per_gpu=2,
    train=dict(
        type='DummyCityscapes',
        pipeline=[
            dict(
                type='Resize', img_scale=(2048, 1024), ratio_range=(0.5, 2.0)),
            dict(type='RandomCrop', crop_size=(512, 1024), cat_max_ratio=0.75),
            dict(type='RandomFlip', prob=0.5),
            dict(type='PhotoMetricDistortion'),
            dict(
                type='Normalize',
                mean=[123.675, 116.28, 103.53],
                std=[58.395, 57.12, 57.375],
                to_rgb=True),
            dict(type='DefaultFormatBundle'),
            dict(type='Collect', keys=['img', 'gt_semantic_seg'])
        ]),
    val=dict(
        type='DummyCityscapes',
        pipeline=[
            dict(
                type='MultiScaleFlipAug',
                img_scale=(2048, 1024),
                flip=False,
                transforms=[
                    dict(type='Resize', keep_ratio=True),
                    dict(type='RandomFlip'),
                    dict(
                        type='Normalize',
                        mean=[123.675, 116.28, 103.53],
                        std=[58.395, 57.12, 57.375],
                        to_rgb=True),
                    dict(type='ImageToTensor', keys=['img']),
                    dict(type='Collect', keys=['img'])
                ])
        ]),
    test=dict(
        type='DummyCityscapes',
        pipeline=[
            dict(
                type='MultiScaleFlipAug',
                img_scale=(2048, 1024),
                flip=False,
                transforms=[
                    dict(type='Resize', keep_ratio=True),
                    dict(type='RandomFlip'),
                    dict(
                        type='Normalize',
                        mean=[123.675, 116.28, 103.53],
                        std=[58.395, 57.12, 57.375],
                        to_rgb=True),
                    dict(type='ImageToTensor', keys=['img']),
                    dict(type='Collect', keys=['img'])
                ])
        ]))
log_config = dict(
    interval=50, hooks=[dict(type='TextLoggerHook', by_epoch=False)])
dist_params = dict(backend='nccl')
log_level = 'INFO'
load_from = None
resume_from = None
workflow = [('train', 1)]
cudnn_benchmark = True
optimizer = dict(type='SGD', lr=0.01, momentum=0.9, weight_decay=0.0005)
optimizer_config = dict()
lr_config = dict(policy='poly', power=0.9, min_lr=0.0001, by_epoch=False)
runner = dict(type='IterBasedRunner', max_iters=4000)
checkpoint_config = dict(by_epoch=False, interval=2000)
evaluation = dict(interval=2000, metric='mIoU')
work_dir = 'work_dirs_2node_8gpu/fcn_r50-d8_512x1024_4k_dummy_cityscapes'
gpu_ids = range(0, 1)

2021-07-05 02:25:17,761 - mmseg - INFO - EncoderDecoder(
  (backbone): ResNetV1c(
    (stem): Sequential(
      (0): Conv2d(3, 32, kernel_size=(3, 3), stride=(2, 2), padding=(1, 1), bias=False)
      (1): SyncBatchNorm(32, eps=1e-05, momentum=0.1, affine=True, track_running_stats=True)
      (2): ReLU(inplace=True)
      (3): Conv2d(32, 32, kernel_size=(3, 3), stride=(1, 1), padding=(1, 1), bias=False)
      (4): SyncBatchNorm(32, eps=1e-05, momentum=0.1, affine=True, track_running_stats=True)
      (5): ReLU(inplace=True)
      (6): Conv2d(32, 64, kernel_size=(3, 3), stride=(1, 1), padding=(1, 1), bias=False)
      (7): SyncBatchNorm(64, eps=1e-05, momentum=0.1, affine=True, track_running_stats=True)
      (8): ReLU(inplace=True)
    )
    (maxpool): MaxPool2d(kernel_size=3, stride=2, padding=1, dilation=1, ceil_mode=False)
    (layer1): ResLayer(
      (0): Bottleneck(
        (conv1): Conv2d(64, 64, kernel_size=(1, 1), stride=(1, 1), bias=False)
        (bn1): SyncBatchNorm(64, eps=1e-05, momentum=0.1, affine=True, track_running_stats=True)
        (conv2): Conv2d(64, 64, kernel_size=(3, 3), stride=(1, 1), padding=(1, 1), bias=False)
        (bn2): SyncBatchNorm(64, eps=1e-05, momentum=0.1, affine=True, track_running_stats=True)
        (conv3): Conv2d(64, 256, kernel_size=(1, 1), stride=(1, 1), bias=False)
        (bn3): SyncBatchNorm(256, eps=1e-05, momentum=0.1, affine=True, track_running_stats=True)
        (relu): ReLU(inplace=True)
        (downsample): Sequential(
          (0): Conv2d(64, 256, kernel_size=(1, 1), stride=(1, 1), bias=False)
          (1): SyncBatchNorm(256, eps=1e-05, momentum=0.1, affine=True, track_running_stats=True)
        )
      )
      (1): Bottleneck(
        (conv1): Conv2d(256, 64, kernel_size=(1, 1), stride=(1, 1), bias=False)
        (bn1): SyncBatchNorm(64, eps=1e-05, momentum=0.1, affine=True, track_running_stats=True)
        (conv2): Conv2d(64, 64, kernel_size=(3, 3), stride=(1, 1), padding=(1, 1), bias=False)
        (bn2): SyncBatchNorm(64, eps=1e-05, momentum=0.1, affine=True, track_running_stats=True)
        (conv3): Conv2d(64, 256, kernel_size=(1, 1), stride=(1, 1), bias=False)
        (bn3): SyncBatchNorm(256, eps=1e-05, momentum=0.1, affine=True, track_running_stats=True)
        (relu): ReLU(inplace=True)
      )
      (2): Bottleneck(
        (conv1): Conv2d(256, 64, kernel_size=(1, 1), stride=(1, 1), bias=False)
        (bn1): SyncBatchNorm(64, eps=1e-05, momentum=0.1, affine=True, track_running_stats=True)
        (conv2): Conv2d(64, 64, kernel_size=(3, 3), stride=(1, 1), padding=(1, 1), bias=False)
        (bn2): SyncBatchNorm(64, eps=1e-05, momentum=0.1, affine=True, track_running_stats=True)
        (conv3): Conv2d(64, 256, kernel_size=(1, 1), stride=(1, 1), bias=False)
        (bn3): SyncBatchNorm(256, eps=1e-05, momentum=0.1, affine=True, track_running_stats=True)
        (relu): ReLU(inplace=True)
      )
    )
    (layer2): ResLayer(
      (0): Bottleneck(
        (conv1): Conv2d(256, 128, kernel_size=(1, 1), stride=(1, 1), bias=False)
        (bn1): SyncBatchNorm(128, eps=1e-05, momentum=0.1, affine=True, track_running_stats=True)
        (conv2): Conv2d(128, 128, kernel_size=(3, 3), stride=(2, 2), padding=(1, 1), bias=False)
        (bn2): SyncBatchNorm(128, eps=1e-05, momentum=0.1, affine=True, track_running_stats=True)
        (conv3): Conv2d(128, 512, kernel_size=(1, 1), stride=(1, 1), bias=False)
        (bn3): SyncBatchNorm(512, eps=1e-05, momentum=0.1, affine=True, track_running_stats=True)
        (relu): ReLU(inplace=True)
        (downsample): Sequential(
          (0): Conv2d(256, 512, kernel_size=(1, 1), stride=(2, 2), bias=False)
          (1): SyncBatchNorm(512, eps=1e-05, momentum=0.1, affine=True, track_running_stats=True)
        )
      )
      (1): Bottleneck(
        (conv1): Conv2d(512, 128, kernel_size=(1, 1), stride=(1, 1), bias=False)
        (bn1): SyncBatchNorm(128, eps=1e-05, momentum=0.1, affine=True, track_running_stats=True)
        (conv2): Conv2d(128, 128, kernel_size=(3, 3), stride=(1, 1), padding=(1, 1), bias=False)
        (bn2): SyncBatchNorm(128, eps=1e-05, momentum=0.1, affine=True, track_running_stats=True)
        (conv3): Conv2d(128, 512, kernel_size=(1, 1), stride=(1, 1), bias=False)
        (bn3): SyncBatchNorm(512, eps=1e-05, momentum=0.1, affine=True, track_running_stats=True)
        (relu): ReLU(inplace=True)
      )
      (2): Bottleneck(
        (conv1): Conv2d(512, 128, kernel_size=(1, 1), stride=(1, 1), bias=False)
        (bn1): SyncBatchNorm(128, eps=1e-05, momentum=0.1, affine=True, track_running_stats=True)
        (conv2): Conv2d(128, 128, kernel_size=(3, 3), stride=(1, 1), padding=(1, 1), bias=False)
        (bn2): SyncBatchNorm(128, eps=1e-05, momentum=0.1, affine=True, track_running_stats=True)
        (conv3): Conv2d(128, 512, kernel_size=(1, 1), stride=(1, 1), bias=False)
        (bn3): SyncBatchNorm(512, eps=1e-05, momentum=0.1, affine=True, track_running_stats=True)
        (relu): ReLU(inplace=True)
      )
      (3): Bottleneck(
        (conv1): Conv2d(512, 128, kernel_size=(1, 1), stride=(1, 1), bias=False)
        (bn1): SyncBatchNorm(128, eps=1e-05, momentum=0.1, affine=True, track_running_stats=True)
        (conv2): Conv2d(128, 128, kernel_size=(3, 3), stride=(1, 1), padding=(1, 1), bias=False)
        (bn2): SyncBatchNorm(128, eps=1e-05, momentum=0.1, affine=True, track_running_stats=True)
        (conv3): Conv2d(128, 512, kernel_size=(1, 1), stride=(1, 1), bias=False)
        (bn3): SyncBatchNorm(512, eps=1e-05, momentum=0.1, affine=True, track_running_stats=True)
        (relu): ReLU(inplace=True)
      )
    )
    (layer3): ResLayer(
      (0): Bottleneck(
        (conv1): Conv2d(512, 256, kernel_size=(1, 1), stride=(1, 1), bias=False)
        (bn1): SyncBatchNorm(256, eps=1e-05, momentum=0.1, affine=True, track_running_stats=True)
        (conv2): Conv2d(256, 256, kernel_size=(3, 3), stride=(1, 1), padding=(1, 1), bias=False)
        (bn2): SyncBatchNorm(256, eps=1e-05, momentum=0.1, affine=True, track_running_stats=True)
        (conv3): Conv2d(256, 1024, kernel_size=(1, 1), stride=(1, 1), bias=False)
        (bn3): SyncBatchNorm(1024, eps=1e-05, momentum=0.1, affine=True, track_running_stats=True)
        (relu): ReLU(inplace=True)
        (downsample): Sequential(
          (0): Conv2d(512, 1024, kernel_size=(1, 1), stride=(1, 1), bias=False)
          (1): SyncBatchNorm(1024, eps=1e-05, momentum=0.1, affine=True, track_running_stats=True)
        )
      )
      (1): Bottleneck(
        (conv1): Conv2d(1024, 256, kernel_size=(1, 1), stride=(1, 1), bias=False)
        (bn1): SyncBatchNorm(256, eps=1e-05, momentum=0.1, affine=True, track_running_stats=True)
        (conv2): Conv2d(256, 256, kernel_size=(3, 3), stride=(1, 1), padding=(2, 2), dilation=(2, 2), bias=False)
        (bn2): SyncBatchNorm(256, eps=1e-05, momentum=0.1, affine=True, track_running_stats=True)
        (conv3): Conv2d(256, 1024, kernel_size=(1, 1), stride=(1, 1), bias=False)
        (bn3): SyncBatchNorm(1024, eps=1e-05, momentum=0.1, affine=True, track_running_stats=True)
        (relu): ReLU(inplace=True)
      )
      (2): Bottleneck(
        (conv1): Conv2d(1024, 256, kernel_size=(1, 1), stride=(1, 1), bias=False)
        (bn1): SyncBatchNorm(256, eps=1e-05, momentum=0.1, affine=True, track_running_stats=True)
        (conv2): Conv2d(256, 256, kernel_size=(3, 3), stride=(1, 1), padding=(2, 2), dilation=(2, 2), bias=False)
        (bn2): SyncBatchNorm(256, eps=1e-05, momentum=0.1, affine=True, track_running_stats=True)
        (conv3): Conv2d(256, 1024, kernel_size=(1, 1), stride=(1, 1), bias=False)
        (bn3): SyncBatchNorm(1024, eps=1e-05, momentum=0.1, affine=True, track_running_stats=True)
        (relu): ReLU(inplace=True)
      )
      (3): Bottleneck(
        (conv1): Conv2d(1024, 256, kernel_size=(1, 1), stride=(1, 1), bias=False)
        (bn1): SyncBatchNorm(256, eps=1e-05, momentum=0.1, affine=True, track_running_stats=True)
        (conv2): Conv2d(256, 256, kernel_size=(3, 3), stride=(1, 1), padding=(2, 2), dilation=(2, 2), bias=False)
        (bn2): SyncBatchNorm(256, eps=1e-05, momentum=0.1, affine=True, track_running_stats=True)
        (conv3): Conv2d(256, 1024, kernel_size=(1, 1), stride=(1, 1), bias=False)
        (bn3): SyncBatchNorm(1024, eps=1e-05, momentum=0.1, affine=True, track_running_stats=True)
        (relu): ReLU(inplace=True)
      )
      (4): Bottleneck(
        (conv1): Conv2d(1024, 256, kernel_size=(1, 1), stride=(1, 1), bias=False)
        (bn1): SyncBatchNorm(256, eps=1e-05, momentum=0.1, affine=True, track_running_stats=True)
        (conv2): Conv2d(256, 256, kernel_size=(3, 3), stride=(1, 1), padding=(2, 2), dilation=(2, 2), bias=False)
        (bn2): SyncBatchNorm(256, eps=1e-05, momentum=0.1, affine=True, track_running_stats=True)
        (conv3): Conv2d(256, 1024, kernel_size=(1, 1), stride=(1, 1), bias=False)
        (bn3): SyncBatchNorm(1024, eps=1e-05, momentum=0.1, affine=True, track_running_stats=True)
        (relu): ReLU(inplace=True)
      )
      (5): Bottleneck(
        (conv1): Conv2d(1024, 256, kernel_size=(1, 1), stride=(1, 1), bias=False)
        (bn1): SyncBatchNorm(256, eps=1e-05, momentum=0.1, affine=True, track_running_stats=True)
        (conv2): Conv2d(256, 256, kernel_size=(3, 3), stride=(1, 1), padding=(2, 2), dilation=(2, 2), bias=False)
        (bn2): SyncBatchNorm(256, eps=1e-05, momentum=0.1, affine=True, track_running_stats=True)
        (conv3): Conv2d(256, 1024, kernel_size=(1, 1), stride=(1, 1), bias=False)
        (bn3): SyncBatchNorm(1024, eps=1e-05, momentum=0.1, affine=True, track_running_stats=True)
        (relu): ReLU(inplace=True)
      )
    )
    (layer4): ResLayer(
      (0): Bottleneck(
        (conv1): Conv2d(1024, 512, kernel_size=(1, 1), stride=(1, 1), bias=False)
        (bn1): SyncBatchNorm(512, eps=1e-05, momentum=0.1, affine=True, track_running_stats=True)
        (conv2): Conv2d(512, 512, kernel_size=(3, 3), stride=(1, 1), padding=(2, 2), dilation=(2, 2), bias=False)
        (bn2): SyncBatchNorm(512, eps=1e-05, momentum=0.1, affine=True, track_running_stats=True)
        (conv3): Conv2d(512, 2048, kernel_size=(1, 1), stride=(1, 1), bias=False)
        (bn3): SyncBatchNorm(2048, eps=1e-05, momentum=0.1, affine=True, track_running_stats=True)
        (relu): ReLU(inplace=True)
        (downsample): Sequential(
          (0): Conv2d(1024, 2048, kernel_size=(1, 1), stride=(1, 1), bias=False)
          (1): SyncBatchNorm(2048, eps=1e-05, momentum=0.1, affine=True, track_running_stats=True)
        )
      )
      (1): Bottleneck(
        (conv1): Conv2d(2048, 512, kernel_size=(1, 1), stride=(1, 1), bias=False)
        (bn1): SyncBatchNorm(512, eps=1e-05, momentum=0.1, affine=True, track_running_stats=True)
        (conv2): Conv2d(512, 512, kernel_size=(3, 3), stride=(1, 1), padding=(4, 4), dilation=(4, 4), bias=False)
        (bn2): SyncBatchNorm(512, eps=1e-05, momentum=0.1, affine=True, track_running_stats=True)
        (conv3): Conv2d(512, 2048, kernel_size=(1, 1), stride=(1, 1), bias=False)
        (bn3): SyncBatchNorm(2048, eps=1e-05, momentum=0.1, affine=True, track_running_stats=True)
        (relu): ReLU(inplace=True)
      )
      (2): Bottleneck(
        (conv1): Conv2d(2048, 512, kernel_size=(1, 1), stride=(1, 1), bias=False)
        (bn1): SyncBatchNorm(512, eps=1e-05, momentum=0.1, affine=True, track_running_stats=True)
        (conv2): Conv2d(512, 512, kernel_size=(3, 3), stride=(1, 1), padding=(4, 4), dilation=(4, 4), bias=False)
        (bn2): SyncBatchNorm(512, eps=1e-05, momentum=0.1, affine=True, track_running_stats=True)
        (conv3): Conv2d(512, 2048, kernel_size=(1, 1), stride=(1, 1), bias=False)
        (bn3): SyncBatchNorm(2048, eps=1e-05, momentum=0.1, affine=True, track_running_stats=True)
        (relu): ReLU(inplace=True)
      )
    )
  )
  init_cfg={'type': 'Pretrained', 'checkpoint': 'open-mmlab://resnet50_v1c'}
  (decode_head): FCNHead(
    input_transform=None, ignore_index=255, align_corners=False
    (loss_decode): CrossEntropyLoss()
    (conv_seg): Conv2d(512, 19, kernel_size=(1, 1), stride=(1, 1))
    (dropout): Dropout2d(p=0.1, inplace=False)
    (convs): Sequential(
      (0): ConvModule(
        (conv): Conv2d(2048, 512, kernel_size=(3, 3), stride=(1, 1), padding=(1, 1), bias=False)
        (bn): SyncBatchNorm(512, eps=1e-05, momentum=0.1, affine=True, track_running_stats=True)
        (activate): ReLU(inplace=True)
      )
      (1): ConvModule(
        (conv): Conv2d(512, 512, kernel_size=(3, 3), stride=(1, 1), padding=(1, 1), bias=False)
        (bn): SyncBatchNorm(512, eps=1e-05, momentum=0.1, affine=True, track_running_stats=True)
        (activate): ReLU(inplace=True)
      )
    )
    (conv_cat): ConvModule(
      (conv): Conv2d(2560, 512, kernel_size=(3, 3), stride=(1, 1), padding=(1, 1), bias=False)
      (bn): SyncBatchNorm(512, eps=1e-05, momentum=0.1, affine=True, track_running_stats=True)
      (activate): ReLU(inplace=True)
    )
  )
  init_cfg={'type': 'Normal', 'std': 0.01, 'override': {'name': 'conv_seg'}}
  (auxiliary_head): FCNHead(
    input_transform=None, ignore_index=255, align_corners=False
    (loss_decode): CrossEntropyLoss()
    (conv_seg): Conv2d(256, 19, kernel_size=(1, 1), stride=(1, 1))
    (dropout): Dropout2d(p=0.1, inplace=False)
    (convs): Sequential(
      (0): ConvModule(
        (conv): Conv2d(1024, 256, kernel_size=(3, 3), stride=(1, 1), padding=(1, 1), bias=False)
        (bn): SyncBatchNorm(256, eps=1e-05, momentum=0.1, affine=True, track_running_stats=True)
        (activate): ReLU(inplace=True)
      )
    )
  )
  init_cfg={'type': 'Normal', 'std': 0.01, 'override': {'name': 'conv_seg'}}
)
2021-07-05 02:25:20,966 - mmseg - INFO - Start running, host: chengzesen@SH-IDC1-10-198-4-110, work_dir: /mnt/cache/chengzesen/workspace/mmsegmentation/work_dirs_2node_8gpu/fcn_r50-d8_512x1024_4k_dummy_cityscapes
2021-07-05 02:25:20,970 - mmseg - INFO - Hooks will be executed in the following order:
before_run:
(VERY_HIGH   ) PolyLrUpdaterHook
(NORMAL      ) CheckpointHook
(NORMAL      ) DistEvalHook
(VERY_LOW    ) TextLoggerHook
 --------------------
before_train_epoch:
(VERY_HIGH   ) PolyLrUpdaterHook
(NORMAL      ) IterTimerHook
(NORMAL      ) DistEvalHook
(VERY_LOW    ) TextLoggerHook
 --------------------
before_train_iter:
(VERY_HIGH   ) PolyLrUpdaterHook
(NORMAL      ) IterTimerHook
(NORMAL      ) DistEvalHook
 --------------------
after_train_iter:
(ABOVE_NORMAL) OptimizerHook
(NORMAL      ) CheckpointHook
(NORMAL      ) IterTimerHook
(NORMAL      ) DistEvalHook
(VERY_LOW    ) TextLoggerHook
 --------------------
after_train_epoch:
(NORMAL      ) CheckpointHook
(NORMAL      ) DistEvalHook
(VERY_LOW    ) TextLoggerHook
 --------------------
before_val_epoch:
(NORMAL      ) IterTimerHook
(VERY_LOW    ) TextLoggerHook
 --------------------
before_val_iter:
(NORMAL      ) IterTimerHook
 --------------------
after_val_iter:
(NORMAL      ) IterTimerHook
 --------------------
after_val_epoch:
(VERY_LOW    ) TextLoggerHook
 --------------------
2021-07-05 02:25:20,971 - mmseg - INFO - workflow: [('train', 1)], max: 4000 iters
2021-07-05 02:27:18,682 - mmseg - INFO - Iter [50/4000]	lr: 9.891e-03, eta: 1:15:38, time: 1.149, data_time: 0.026, memory: 18774, decode.loss_seg: 2.9504, decode.acc_seg: 5.2643, aux.loss_seg: 1.1792, aux.acc_seg: 5.2648, loss: 4.1296
2021-07-05 02:27:49,309 - mmseg - INFO - Iter [100/4000]	lr: 9.779e-03, eta: 0:57:15, time: 0.613, data_time: 0.012, memory: 18774, decode.loss_seg: 2.9490, decode.acc_seg: 5.2628, aux.loss_seg: 1.1789, aux.acc_seg: 5.2635, loss: 4.1279
2021-07-05 02:28:24,962 - mmseg - INFO - Iter [150/4000]	lr: 9.667e-03, eta: 0:52:52, time: 0.710, data_time: 0.028, memory: 18774, decode.loss_seg: 2.9483, decode.acc_seg: 5.2628, aux.loss_seg: 1.1788, aux.acc_seg: 5.2641, loss: 4.1272
2021-07-05 02:28:57,395 - mmseg - INFO - Iter [200/4000]	lr: 9.556e-03, eta: 0:49:27, time: 0.652, data_time: 0.022, memory: 18774, decode.loss_seg: 2.9478, decode.acc_seg: 5.2613, aux.loss_seg: 1.1788, aux.acc_seg: 5.2641, loss: 4.1265
2021-07-05 02:29:29,275 - mmseg - INFO - Iter [250/4000]	lr: 9.444e-03, eta: 0:47:01, time: 0.638, data_time: 0.015, memory: 18774, decode.loss_seg: 2.9474, decode.acc_seg: 5.2639, aux.loss_seg: 1.1787, aux.acc_seg: 5.2613, loss: 4.1260
2021-07-05 02:30:02,323 - mmseg - INFO - Iter [300/4000]	lr: 9.331e-03, eta: 0:45:26, time: 0.661, data_time: 0.012, memory: 18774, decode.loss_seg: 2.9470, decode.acc_seg: 5.2637, aux.loss_seg: 1.1786, aux.acc_seg: 5.2639, loss: 4.1256
2021-07-05 02:30:33,555 - mmseg - INFO - Iter [350/4000]	lr: 9.219e-03, eta: 0:43:51, time: 0.625, data_time: 0.017, memory: 18774, decode.loss_seg: 2.9467, decode.acc_seg: 5.2646, aux.loss_seg: 1.1786, aux.acc_seg: 5.2652, loss: 4.1252
2021-07-05 02:31:10,318 - mmseg - INFO - Iter [400/4000]	lr: 9.107e-03, eta: 0:43:21, time: 0.733, data_time: 0.037, memory: 18774, decode.loss_seg: 2.9464, decode.acc_seg: 5.2634, aux.loss_seg: 1.1785, aux.acc_seg: 5.2641, loss: 4.1249
2021-07-05 02:31:40,979 - mmseg - INFO - Iter [450/4000]	lr: 8.994e-03, eta: 0:42:02, time: 0.613, data_time: 0.017, memory: 18774, decode.loss_seg: 2.9462, decode.acc_seg: 5.2628, aux.loss_seg: 1.1785, aux.acc_seg: 5.2620, loss: 4.1247
2021-07-05 02:32:10,327 - mmseg - INFO - Iter [500/4000]	lr: 8.881e-03, eta: 0:40:43, time: 0.587, data_time: 0.019, memory: 18774, decode.loss_seg: 2.9460, decode.acc_seg: 5.2634, aux.loss_seg: 1.1784, aux.acc_seg: 5.2646, loss: 4.1244
2021-07-05 02:32:41,307 - mmseg - INFO - Iter [550/4000]	lr: 8.768e-03, eta: 0:39:44, time: 0.621, data_time: 0.016, memory: 18774, decode.loss_seg: 2.9458, decode.acc_seg: 5.2642, aux.loss_seg: 1.1784, aux.acc_seg: 5.2641, loss: 4.1242
2021-07-05 02:33:16,253 - mmseg - INFO - Iter [600/4000]	lr: 8.655e-03, eta: 0:39:11, time: 0.697, data_time: 0.024, memory: 18774, decode.loss_seg: 2.9457, decode.acc_seg: 5.2647, aux.loss_seg: 1.1783, aux.acc_seg: 5.2622, loss: 4.1240
2021-07-05 02:33:46,122 - mmseg - INFO - Iter [650/4000]	lr: 8.542e-03, eta: 0:38:08, time: 0.582, data_time: 0.024, memory: 18774, decode.loss_seg: 2.9455, decode.acc_seg: 5.2640, aux.loss_seg: 1.1783, aux.acc_seg: 5.2631, loss: 4.1239
2021-07-05 02:34:17,559 - mmseg - INFO - Iter [700/4000]	lr: 8.428e-03, eta: 0:37:25, time: 0.645, data_time: 0.032, memory: 18774, decode.loss_seg: 2.9454, decode.acc_seg: 5.2625, aux.loss_seg: 1.1783, aux.acc_seg: 5.2652, loss: 4.1237
2021-07-05 02:34:47,592 - mmseg - INFO - Iter [750/4000]	lr: 8.315e-03, eta: 0:36:34, time: 0.602, data_time: 0.023, memory: 18774, decode.loss_seg: 2.9453, decode.acc_seg: 5.2633, aux.loss_seg: 1.1782, aux.acc_seg: 5.2617, loss: 4.1236
2021-07-05 02:35:23,406 - mmseg - INFO - Iter [800/4000]	lr: 8.201e-03, eta: 0:36:08, time: 0.715, data_time: 0.034, memory: 18774, decode.loss_seg: 2.9452, decode.acc_seg: 5.2617, aux.loss_seg: 1.1782, aux.acc_seg: 5.2648, loss: 4.1234
2021-07-05 02:35:53,699 - mmseg - INFO - Iter [850/4000]	lr: 8.087e-03, eta: 0:35:21, time: 0.606, data_time: 0.014, memory: 18774, decode.loss_seg: 2.9451, decode.acc_seg: 5.2626, aux.loss_seg: 1.1782, aux.acc_seg: 5.2622, loss: 4.1233
2021-07-05 02:36:23,667 - mmseg - INFO - Iter [900/4000]	lr: 7.973e-03, eta: 0:34:35, time: 0.600, data_time: 0.023, memory: 18774, decode.loss_seg: 2.9450, decode.acc_seg: 5.2627, aux.loss_seg: 1.1782, aux.acc_seg: 5.2624, loss: 4.1232
2021-07-05 02:36:50,496 - mmseg - INFO - Iter [950/4000]	lr: 7.859e-03, eta: 0:33:40, time: 0.536, data_time: 0.016, memory: 18774, decode.loss_seg: 2.9449, decode.acc_seg: 5.2623, aux.loss_seg: 1.1781, aux.acc_seg: 5.2641, loss: 4.1231
2021-07-05 02:37:21,435 - mmseg - INFO - Exp name: fcn_r50-d8_512x1024_4k_dummy_cityscapes.py
2021-07-05 02:37:21,477 - mmseg - INFO - Iter [1000/4000]	lr: 7.744e-03, eta: 0:33:00, time: 0.619, data_time: 0.013, memory: 18774, decode.loss_seg: 2.9449, decode.acc_seg: 5.2619, aux.loss_seg: 1.1781, aux.acc_seg: 5.2625, loss: 4.1230
2021-07-05 02:37:50,564 - mmseg - INFO - Iter [1050/4000]	lr: 7.629e-03, eta: 0:32:16, time: 0.582, data_time: 0.014, memory: 18774, decode.loss_seg: 2.9448, decode.acc_seg: 5.2637, aux.loss_seg: 1.1781, aux.acc_seg: 5.2649, loss: 4.1229
2021-07-05 02:38:26,415 - mmseg - INFO - Iter [1100/4000]	lr: 7.514e-03, eta: 0:31:50, time: 0.704, data_time: 0.021, memory: 18774, decode.loss_seg: 2.9448, decode.acc_seg: 5.2632, aux.loss_seg: 1.1781, aux.acc_seg: 5.2651, loss: 4.1229
2021-07-05 02:38:58,697 - mmseg - INFO - Iter [1150/4000]	lr: 7.399e-03, eta: 0:31:17, time: 0.659, data_time: 0.030, memory: 18774, decode.loss_seg: 2.9447, decode.acc_seg: 5.2636, aux.loss_seg: 1.1781, aux.acc_seg: 5.2635, loss: 4.1228
2021-07-05 02:39:29,901 - mmseg - INFO - Iter [1200/4000]	lr: 7.284e-03, eta: 0:30:40, time: 0.623, data_time: 0.015, memory: 18774, decode.loss_seg: 2.9447, decode.acc_seg: 5.2634, aux.loss_seg: 1.1781, aux.acc_seg: 5.2623, loss: 4.1228
2021-07-05 02:39:57,704 - mmseg - INFO - Iter [1250/4000]	lr: 7.168e-03, eta: 0:29:56, time: 0.557, data_time: 0.015, memory: 18774, decode.loss_seg: 2.9447, decode.acc_seg: 5.2640, aux.loss_seg: 1.1780, aux.acc_seg: 5.2631, loss: 4.1228
2021-07-05 02:40:24,585 - mmseg - INFO - Iter [1300/4000]	lr: 7.053e-03, eta: 0:29:11, time: 0.538, data_time: 0.015, memory: 18774, decode.loss_seg: 2.9447, decode.acc_seg: 5.2629, aux.loss_seg: 1.1780, aux.acc_seg: 5.2632, loss: 4.1227
2021-07-05 02:40:54,706 - mmseg - INFO - Iter [1350/4000]	lr: 6.937e-03, eta: 0:28:34, time: 0.602, data_time: 0.016, memory: 18774, decode.loss_seg: 2.9447, decode.acc_seg: 5.2626, aux.loss_seg: 1.1780, aux.acc_seg: 5.2625, loss: 4.1227
2021-07-05 02:41:29,381 - mmseg - INFO - Iter [1400/4000]	lr: 6.821e-03, eta: 0:28:06, time: 0.693, data_time: 0.013, memory: 18774, decode.loss_seg: 2.9447, decode.acc_seg: 5.2621, aux.loss_seg: 1.1780, aux.acc_seg: 5.2631, loss: 4.1227
2021-07-05 02:42:01,380 - mmseg - INFO - Iter [1450/4000]	lr: 6.704e-03, eta: 0:27:33, time: 0.640, data_time: 0.019, memory: 18774, decode.loss_seg: 2.9446, decode.acc_seg: 5.2637, aux.loss_seg: 1.1780, aux.acc_seg: 5.2633, loss: 4.1226
2021-07-05 02:42:33,747 - mmseg - INFO - Iter [1500/4000]	lr: 6.588e-03, eta: 0:27:00, time: 0.649, data_time: 0.032, memory: 18774, decode.loss_seg: 2.9446, decode.acc_seg: 5.2620, aux.loss_seg: 1.1780, aux.acc_seg: 5.2629, loss: 4.1226
2021-07-05 02:43:03,343 - mmseg - INFO - Iter [1550/4000]	lr: 6.471e-03, eta: 0:26:23, time: 0.591, data_time: 0.014, memory: 18774, decode.loss_seg: 2.9446, decode.acc_seg: 5.2613, aux.loss_seg: 1.1780, aux.acc_seg: 5.2616, loss: 4.1226
2021-07-05 02:43:42,770 - mmseg - INFO - Iter [1600/4000]	lr: 6.354e-03, eta: 0:26:02, time: 0.788, data_time: 0.023, memory: 18774, decode.loss_seg: 2.9446, decode.acc_seg: 5.2643, aux.loss_seg: 1.1780, aux.acc_seg: 5.2637, loss: 4.1226
2021-07-05 02:44:20,686 - mmseg - INFO - Iter [1650/4000]	lr: 6.236e-03, eta: 0:25:37, time: 0.758, data_time: 0.018, memory: 18774, decode.loss_seg: 2.9446, decode.acc_seg: 5.2629, aux.loss_seg: 1.1780, aux.acc_seg: 5.2635, loss: 4.1226
2021-07-05 02:44:53,817 - mmseg - INFO - Iter [1700/4000]	lr: 6.119e-03, eta: 0:25:05, time: 0.663, data_time: 0.029, memory: 18774, decode.loss_seg: 2.9446, decode.acc_seg: 5.2628, aux.loss_seg: 1.1780, aux.acc_seg: 5.2636, loss: 4.1226
2021-07-05 02:45:24,897 - mmseg - INFO - Iter [1750/4000]	lr: 6.001e-03, eta: 0:24:30, time: 0.622, data_time: 0.025, memory: 18774, decode.loss_seg: 2.9446, decode.acc_seg: 5.2625, aux.loss_seg: 1.1780, aux.acc_seg: 5.2636, loss: 4.1226
2021-07-05 02:46:01,303 - mmseg - INFO - Iter [1800/4000]	lr: 5.883e-03, eta: 0:24:02, time: 0.728, data_time: 0.036, memory: 18774, decode.loss_seg: 2.9446, decode.acc_seg: 5.2607, aux.loss_seg: 1.1780, aux.acc_seg: 5.2652, loss: 4.1225
2021-07-05 02:46:34,307 - mmseg - INFO - Iter [1850/4000]	lr: 5.764e-03, eta: 0:23:29, time: 0.660, data_time: 0.015, memory: 18774, decode.loss_seg: 2.9446, decode.acc_seg: 5.2642, aux.loss_seg: 1.1780, aux.acc_seg: 5.2650, loss: 4.1225
2021-07-05 02:47:09,152 - mmseg - INFO - Iter [1900/4000]	lr: 5.646e-03, eta: 0:22:59, time: 0.697, data_time: 0.030, memory: 18774, decode.loss_seg: 2.9446, decode.acc_seg: 5.2634, aux.loss_seg: 1.1779, aux.acc_seg: 5.2626, loss: 4.1225
2021-07-05 02:47:43,609 - mmseg - INFO - Iter [1950/4000]	lr: 5.527e-03, eta: 0:22:28, time: 0.690, data_time: 0.018, memory: 18774, decode.loss_seg: 2.9446, decode.acc_seg: 5.2634, aux.loss_seg: 1.1779, aux.acc_seg: 5.2640, loss: 4.1225
2021-07-05 02:48:15,450 - mmseg - INFO - Saving checkpoint at 2000 iterations
2021-07-05 02:49:55,381 - mmseg - INFO - per class results:
2021-07-05 02:49:55,414 - mmseg - INFO -
+---------------+------+------+
|     Class     | IoU  | Acc  |
+---------------+------+------+
|      road     | 2.96 | 6.35 |
|    sidewalk   | 1.45 | 1.96 |
|    building   | 2.84 | 5.83 |
|      wall     | 3.04 | 6.73 |
|     fence     | 2.44 | 4.35 |
|      pole     | 1.88 | 2.84 |
| traffic light | 3.5  | 9.51 |
|  traffic sign | 2.44 | 4.35 |
|   vegetation  | 2.78 | 5.58 |
|    terrain    | 2.73 | 5.38 |
|      sky      | 1.89 | 2.88 |
|     person    | 2.69 | 5.23 |
|     rider     | 2.26 | 3.81 |
|      car      | 3.1  | 7.02 |
|     truck     | 2.57 | 4.76 |
|      bus      | 2.5  | 4.54 |
|     train     | 2.85 | 5.84 |
|   motorcycle  | 3.39 | 8.72 |
|    bicycle    | 2.43 | 4.3  |
+---------------+------+------+
2021-07-05 02:49:55,414 - mmseg - INFO - Summary:
2021-07-05 02:49:55,414 - mmseg - INFO -
+------+------+------+
| aAcc | mIoU | mAcc |
+------+------+------+
| 5.26 | 2.62 | 5.26 |
+------+------+------+
2021-07-05 02:49:55,710 - mmseg - INFO - Exp name: fcn_r50-d8_512x1024_4k_dummy_cityscapes.py
2021-07-05 02:49:55,710 - mmseg - INFO - Iter [63/4000]	lr: 5.408e-03, eta: 0:21:55, time: 0.663, data_time: 0.018, memory: 18774, aAcc: 0.0526, mIoU: 0.0262, mAcc: 0.0526, IoU.road: 0.0296, IoU.sidewalk: 0.0145, IoU.building: 0.0284, IoU.wall: 0.0304, IoU.fence: 0.0244, IoU.pole: 0.0188, IoU.traffic light: 0.0350, IoU.traffic sign: 0.0244, IoU.vegetation: 0.0278, IoU.terrain: 0.0273, IoU.sky: 0.0189, IoU.person: 0.0269, IoU.rider: 0.0226, IoU.car: 0.0310, IoU.truck: 0.0257, IoU.bus: 0.0250, IoU.train: 0.0285, IoU.motorcycle: 0.0339, IoU.bicycle: 0.0243, Acc.road: 0.0635, Acc.sidewalk: 0.0196, Acc.building: 0.0583, Acc.wall: 0.0673, Acc.fence: 0.0435, Acc.pole: 0.0284, Acc.traffic light: 0.0951, Acc.traffic sign: 0.0435, Acc.vegetation: 0.0558, Acc.terrain: 0.0538, Acc.sky: 0.0288, Acc.person: 0.0523, Acc.rider: 0.0381, Acc.car: 0.0702, Acc.truck: 0.0476, Acc.bus: 0.0454, Acc.train: 0.0584, Acc.motorcycle: 0.0872, Acc.bicycle: 0.0430, decode.loss_seg: 2.9446, decode.acc_seg: 5.2621, aux.loss_seg: 1.1779, aux.acc_seg: 5.2627, loss: 4.1225
2021-07-05 02:50:27,697 - mmseg - INFO - Iter [2050/4000]	lr: 5.288e-03, eta: 0:22:55, time: 2.619, data_time: 1.996, memory: 18774, decode.loss_seg: 2.9446, decode.acc_seg: 5.2611, aux.loss_seg: 1.1779, aux.acc_seg: 5.2629, loss: 4.1225
2021-07-05 02:51:03,681 - mmseg - INFO - Iter [2100/4000]	lr: 5.168e-03, eta: 0:22:21, time: 0.718, data_time: 0.027, memory: 18774, decode.loss_seg: 2.9446, decode.acc_seg: 5.2630, aux.loss_seg: 1.1779, aux.acc_seg: 5.2644, loss: 4.1225
2021-07-05 02:51:33,872 - mmseg - INFO - Iter [2150/4000]	lr: 5.048e-03, eta: 0:21:41, time: 0.605, data_time: 0.014, memory: 18774, decode.loss_seg: 2.9446, decode.acc_seg: 5.2624, aux.loss_seg: 1.1779, aux.acc_seg: 5.2617, loss: 4.1225
2021-07-05 02:52:11,429 - mmseg - INFO - Iter [2200/4000]	lr: 4.928e-03, eta: 0:21:08, time: 0.750, data_time: 0.015, memory: 18774, decode.loss_seg: 2.9445, decode.acc_seg: 5.2618, aux.loss_seg: 1.1779, aux.acc_seg: 5.2640, loss: 4.1225
2021-07-05 02:52:40,648 - mmseg - INFO - Iter [2250/4000]	lr: 4.807e-03, eta: 0:20:28, time: 0.585, data_time: 0.018, memory: 18774, decode.loss_seg: 2.9445, decode.acc_seg: 5.2630, aux.loss_seg: 1.1779, aux.acc_seg: 5.2648, loss: 4.1225
2021-07-05 02:53:11,141 - mmseg - INFO - Iter [2300/4000]	lr: 4.686e-03, eta: 0:19:49, time: 0.609, data_time: 0.013, memory: 18774, decode.loss_seg: 2.9445, decode.acc_seg: 5.2638, aux.loss_seg: 1.1779, aux.acc_seg: 5.2636, loss: 4.1225
2021-07-05 02:53:45,607 - mmseg - INFO - Iter [2350/4000]	lr: 4.564e-03, eta: 0:19:14, time: 0.689, data_time: 0.013, memory: 18774, decode.loss_seg: 2.9445, decode.acc_seg: 5.2630, aux.loss_seg: 1.1779, aux.acc_seg: 5.2625, loss: 4.1225
2021-07-05 02:54:12,843 - mmseg - INFO - Iter [2400/4000]	lr: 4.442e-03, eta: 0:18:34, time: 0.546, data_time: 0.015, memory: 18774, decode.loss_seg: 2.9445, decode.acc_seg: 5.2649, aux.loss_seg: 1.1779, aux.acc_seg: 5.2638, loss: 4.1224
2021-07-05 02:54:49,375 - mmseg - INFO - Iter [2450/4000]	lr: 4.320e-03, eta: 0:18:00, time: 0.723, data_time: 0.032, memory: 18774, decode.loss_seg: 2.9445, decode.acc_seg: 5.2638, aux.loss_seg: 1.1779, aux.acc_seg: 5.2634, loss: 4.1224
2021-07-05 02:55:21,557 - mmseg - INFO - Iter [2500/4000]	lr: 4.198e-03, eta: 0:17:24, time: 0.651, data_time: 0.019, memory: 18774, decode.loss_seg: 2.9445, decode.acc_seg: 5.2641, aux.loss_seg: 1.1779, aux.acc_seg: 5.2647, loss: 4.1224
2021-07-05 02:55:53,164 - mmseg - INFO - Iter [2550/4000]	lr: 4.074e-03, eta: 0:16:47, time: 0.632, data_time: 0.015, memory: 18774, decode.loss_seg: 2.9445, decode.acc_seg: 5.2630, aux.loss_seg: 1.1779, aux.acc_seg: 5.2646, loss: 4.1224
2021-07-05 02:56:26,359 - mmseg - INFO - Iter [2600/4000]	lr: 3.951e-03, eta: 0:16:11, time: 0.664, data_time: 0.012, memory: 18774, decode.loss_seg: 2.9445, decode.acc_seg: 5.2631, aux.loss_seg: 1.1779, aux.acc_seg: 5.2644, loss: 4.1224
2021-07-05 02:57:00,261 - mmseg - INFO - Iter [2650/4000]	lr: 3.827e-03, eta: 0:15:36, time: 0.677, data_time: 0.034, memory: 18774, decode.loss_seg: 2.9445, decode.acc_seg: 5.2630, aux.loss_seg: 1.1779, aux.acc_seg: 5.2619, loss: 4.1224
2021-07-05 02:57:34,290 - mmseg - INFO - Iter [2700/4000]	lr: 3.703e-03, eta: 0:15:01, time: 0.675, data_time: 0.025, memory: 18774, decode.loss_seg: 2.9445, decode.acc_seg: 5.2644, aux.loss_seg: 1.1779, aux.acc_seg: 5.2627, loss: 4.1224
2021-07-05 02:58:05,685 - mmseg - INFO - Iter [2750/4000]	lr: 3.578e-03, eta: 0:14:25, time: 0.635, data_time: 0.019, memory: 18774, decode.loss_seg: 2.9445, decode.acc_seg: 5.2627, aux.loss_seg: 1.1779, aux.acc_seg: 5.2626, loss: 4.1224
2021-07-05 02:58:38,635 - mmseg - INFO - Iter [2800/4000]	lr: 3.453e-03, eta: 0:13:50, time: 0.658, data_time: 0.026, memory: 18774, decode.loss_seg: 2.9445, decode.acc_seg: 5.2625, aux.loss_seg: 1.1779, aux.acc_seg: 5.2641, loss: 4.1224
2021-07-05 02:59:13,923 - mmseg - INFO - Iter [2850/4000]	lr: 3.327e-03, eta: 0:13:15, time: 0.707, data_time: 0.015, memory: 18774, decode.loss_seg: 2.9445, decode.acc_seg: 5.2641, aux.loss_seg: 1.1779, aux.acc_seg: 5.2620, loss: 4.1224
2021-07-05 02:59:46,159 - mmseg - INFO - Iter [2900/4000]	lr: 3.200e-03, eta: 0:12:40, time: 0.645, data_time: 0.022, memory: 18774, decode.loss_seg: 2.9445, decode.acc_seg: 5.2647, aux.loss_seg: 1.1779, aux.acc_seg: 5.2634, loss: 4.1224
2021-07-05 03:00:16,828 - mmseg - INFO - Iter [2950/4000]	lr: 3.073e-03, eta: 0:12:04, time: 0.613, data_time: 0.014, memory: 18774, decode.loss_seg: 2.9445, decode.acc_seg: 5.2626, aux.loss_seg: 1.1779, aux.acc_seg: 5.2642, loss: 4.1224
2021-07-05 03:00:54,986 - mmseg - INFO - Exp name: fcn_r50-d8_512x1024_4k_dummy_cityscapes.py
2021-07-05 03:00:54,988 - mmseg - INFO - Iter [3000/4000]	lr: 2.946e-03, eta: 0:11:31, time: 0.761, data_time: 0.021, memory: 18774, decode.loss_seg: 2.9445, decode.acc_seg: 5.2632, aux.loss_seg: 1.1779, aux.acc_seg: 5.2628, loss: 4.1224
2021-07-05 03:01:25,692 - mmseg - INFO - Iter [3050/4000]	lr: 2.817e-03, eta: 0:10:55, time: 0.616, data_time: 0.014, memory: 18774, decode.loss_seg: 2.9445, decode.acc_seg: 5.2624, aux.loss_seg: 1.1779, aux.acc_seg: 5.2637, loss: 4.1224
2021-07-05 03:02:02,935 - mmseg - INFO - Iter [3100/4000]	lr: 2.688e-03, eta: 0:10:21, time: 0.745, data_time: 0.025, memory: 18774, decode.loss_seg: 2.9445, decode.acc_seg: 5.2647, aux.loss_seg: 1.1779, aux.acc_seg: 5.2649, loss: 4.1224
2021-07-05 03:02:42,420 - mmseg - INFO - Iter [3150/4000]	lr: 2.559e-03, eta: 0:09:48, time: 0.790, data_time: 0.024, memory: 18774, decode.loss_seg: 2.9445, decode.acc_seg: 5.2643, aux.loss_seg: 1.1779, aux.acc_seg: 5.2619, loss: 4.1224
2021-07-05 03:03:17,593 - mmseg - INFO - Iter [3200/4000]	lr: 2.428e-03, eta: 0:09:14, time: 0.702, data_time: 0.022, memory: 18774, decode.loss_seg: 2.9445, decode.acc_seg: 5.2632, aux.loss_seg: 1.1779, aux.acc_seg: 5.2627, loss: 4.1224
2021-07-05 03:03:54,869 - mmseg - INFO - Iter [3250/4000]	lr: 2.297e-03, eta: 0:08:40, time: 0.744, data_time: 0.023, memory: 18774, decode.loss_seg: 2.9445, decode.acc_seg: 5.2628, aux.loss_seg: 1.1779, aux.acc_seg: 5.2621, loss: 4.1224
2021-07-05 03:04:26,565 - mmseg - INFO - Iter [3300/4000]	lr: 2.165e-03, eta: 0:08:04, time: 0.637, data_time: 0.027, memory: 18774, decode.loss_seg: 2.9445, decode.acc_seg: 5.2631, aux.loss_seg: 1.1779, aux.acc_seg: 5.2643, loss: 4.1224
2021-07-05 03:05:03,476 - mmseg - INFO - Iter [3350/4000]	lr: 2.032e-03, eta: 0:07:30, time: 0.738, data_time: 0.019, memory: 18774, decode.loss_seg: 2.9445, decode.acc_seg: 5.2635, aux.loss_seg: 1.1779, aux.acc_seg: 5.2629, loss: 4.1224
2021-07-05 03:05:35,074 - mmseg - INFO - Iter [3400/4000]	lr: 1.898e-03, eta: 0:06:55, time: 0.631, data_time: 0.022, memory: 18774, decode.loss_seg: 2.9445, decode.acc_seg: 5.2626, aux.loss_seg: 1.1779, aux.acc_seg: 5.2647, loss: 4.1224
2021-07-05 03:06:09,411 - mmseg - INFO - Iter [3450/4000]	lr: 1.763e-03, eta: 0:06:20, time: 0.688, data_time: 0.017, memory: 18774, decode.loss_seg: 2.9445, decode.acc_seg: 5.2635, aux.loss_seg: 1.1779, aux.acc_seg: 5.2634, loss: 4.1224
2021-07-05 03:06:44,616 - mmseg - INFO - Iter [3500/4000]	lr: 1.626e-03, eta: 0:05:46, time: 0.704, data_time: 0.023, memory: 18774, decode.loss_seg: 2.9445, decode.acc_seg: 5.2611, aux.loss_seg: 1.1779, aux.acc_seg: 5.2647, loss: 4.1224
2021-07-05 03:07:13,461 - mmseg - INFO - Iter [3550/4000]	lr: 1.488e-03, eta: 0:05:10, time: 0.578, data_time: 0.030, memory: 18774, decode.loss_seg: 2.9445, decode.acc_seg: 5.2631, aux.loss_seg: 1.1779, aux.acc_seg: 5.2630, loss: 4.1224
2021-07-05 03:07:47,435 - mmseg - INFO - Iter [3600/4000]	lr: 1.349e-03, eta: 0:04:36, time: 0.679, data_time: 0.020, memory: 18774, decode.loss_seg: 2.9445, decode.acc_seg: 5.2629, aux.loss_seg: 1.1779, aux.acc_seg: 5.2646, loss: 4.1224
2021-07-05 03:08:15,631 - mmseg - INFO - Iter [3650/4000]	lr: 1.208e-03, eta: 0:04:01, time: 0.564, data_time: 0.014, memory: 18774, decode.loss_seg: 2.9445, decode.acc_seg: 5.2647, aux.loss_seg: 1.1779, aux.acc_seg: 5.2654, loss: 4.1224
2021-07-05 03:08:54,143 - mmseg - INFO - Iter [3700/4000]	lr: 1.065e-03, eta: 0:03:26, time: 0.770, data_time: 0.024, memory: 18774, decode.loss_seg: 2.9445, decode.acc_seg: 5.2620, aux.loss_seg: 1.1779, aux.acc_seg: 5.2639, loss: 4.1224
2021-07-05 03:09:26,907 - mmseg - INFO - Iter [3750/4000]	lr: 9.194e-04, eta: 0:02:52, time: 0.656, data_time: 0.017, memory: 18774, decode.loss_seg: 2.9445, decode.acc_seg: 5.2635, aux.loss_seg: 1.1779, aux.acc_seg: 5.2637, loss: 4.1224
2021-07-05 03:09:56,695 - mmseg - INFO - Iter [3800/4000]	lr: 7.709e-04, eta: 0:02:17, time: 0.596, data_time: 0.017, memory: 18774, decode.loss_seg: 2.9445, decode.acc_seg: 5.2625, aux.loss_seg: 1.1779, aux.acc_seg: 5.2633, loss: 4.1224
2021-07-05 03:10:30,693 - mmseg - INFO - Iter [3850/4000]	lr: 6.186e-04, eta: 0:01:43, time: 0.677, data_time: 0.016, memory: 18774, decode.loss_seg: 2.9445, decode.acc_seg: 5.2643, aux.loss_seg: 1.1779, aux.acc_seg: 5.2628, loss: 4.1224
2021-07-05 03:10:58,342 - mmseg - INFO - Iter [3900/4000]	lr: 4.611e-04, eta: 0:01:08, time: 0.555, data_time: 0.019, memory: 18774, decode.loss_seg: 2.9445, decode.acc_seg: 5.2630, aux.loss_seg: 1.1779, aux.acc_seg: 5.2633, loss: 4.1224
2021-07-05 03:11:33,452 - mmseg - INFO - Iter [3950/4000]	lr: 2.953e-04, eta: 0:00:34, time: 0.702, data_time: 0.026, memory: 18774, decode.loss_seg: 2.9445, decode.acc_seg: 5.2627, aux.loss_seg: 1.1779, aux.acc_seg: 5.2649, loss: 4.1224
2021-07-05 03:12:06,185 - mmseg - INFO - Saving checkpoint at 4000 iterations
2021-07-05 03:12:36,575 - mmseg - INFO - per class results:
2021-07-05 03:12:36,605 - mmseg - INFO -
+---------------+------+------+
|     Class     | IoU  | Acc  |
+---------------+------+------+
|      road     | 2.97 | 6.39 |
|    sidewalk   | 1.74 | 2.54 |
|    building   | 2.96 | 6.34 |
|      wall     | 2.98 | 6.42 |
|     fence     | 2.28 | 3.88 |
|      pole     | 1.86 | 2.79 |
| traffic light | 3.39 | 8.74 |
|  traffic sign | 2.34 | 4.05 |
|   vegetation  | 3.13 | 7.2  |
|    terrain    | 2.59 | 4.86 |
|      sky      | 1.97 | 3.06 |
|     person    | 2.87 | 5.95 |
|     rider     | 2.36 | 4.09 |
|      car      | 3.11 | 7.07 |
|     truck     | 2.63 | 5.0  |
|      bus      | 2.18 | 3.57 |
|     train     | 2.73 | 5.38 |
|   motorcycle  | 3.22 | 7.67 |
|    bicycle    | 2.61 | 4.92 |
+---------------+------+------+
2021-07-05 03:12:36,605 - mmseg - INFO - Summary:
2021-07-05 03:12:36,606 - mmseg - INFO -
+------+------+------+
| aAcc | mIoU | mAcc |
+------+------+------+
| 5.26 | 2.63 | 5.26 |
+------+------+------+
