2021-07-04 21:18:35,499 - mmseg - INFO - Environment info:
------------------------------------------------------------
sys.platform: linux
Python: 3.7.10 (default, Feb 26 2021, 18:47:35) [GCC 7.3.0]
CUDA available: True
GPU 0: Tesla V100-SXM2-32GB
CUDA_HOME: /mnt/cache/share/polaris/dep/cuda-10.1-cudnn7.6.5
NVCC: Cuda compilation tools, release 10.1, V10.1.243
GCC: gcc (GCC) 5.4.0
PyTorch: 1.8.0
PyTorch compiling details: PyTorch built with:
  - GCC 7.3
  - C++ Version: 201402
  - Intel(R) Math Kernel Library Version 2020.0.2 Product Build 20200624 for Intel(R) 64 architecture applications
  - Intel(R) MKL-DNN v1.7.0 (Git Hash 7aed236906b1f7a05c0917e5257a1af05e9ff683)
  - OpenMP 201511 (a.k.a. OpenMP 4.5)
  - NNPACK is enabled
  - CPU capability usage: AVX2
  - CUDA Runtime 10.1
  - NVCC architecture flags: -gencode;arch=compute_37,code=sm_37;-gencode;arch=compute_50,code=sm_50;-gencode;arch=compute_60,code=sm_60;-gencode;arch=compute_61,code=sm_61;-gencode;arch=compute_70,code=sm_70;-gencode;arch=compute_75,code=sm_75;-gencode;arch=compute_37,code=compute_37
  - CuDNN 7.6.3
  - Magma 2.5.2
  - Build settings: BLAS_INFO=mkl, BUILD_TYPE=Release, CUDA_VERSION=10.1, CUDNN_VERSION=7.6.3, CXX_COMPILER=/opt/rh/devtoolset-7/root/usr/bin/c++, CXX_FLAGS= -Wno-deprecated -fvisibility-inlines-hidden -DUSE_PTHREADPOOL -fopenmp -DNDEBUG -DUSE_KINETO -DUSE_FBGEMM -DUSE_QNNPACK -DUSE_PYTORCH_QNNPACK -DUSE_XNNPACK -O2 -fPIC -Wno-narrowing -Wall -Wextra -Werror=return-type -Wno-missing-field-initializers -Wno-type-limits -Wno-array-bounds -Wno-unknown-pragmas -Wno-sign-compare -Wno-unused-parameter -Wno-unused-variable -Wno-unused-function -Wno-unused-result -Wno-unused-local-typedefs -Wno-strict-overflow -Wno-strict-aliasing -Wno-error=deprecated-declarations -Wno-stringop-overflow -Wno-psabi -Wno-error=pedantic -Wno-error=redundant-decls -Wno-error=old-style-cast -fdiagnostics-color=always -faligned-new -Wno-unused-but-set-variable -Wno-maybe-uninitialized -fno-math-errno -fno-trapping-math -Werror=format -Wno-stringop-overflow, LAPACK_INFO=mkl, PERF_WITH_AVX=1, PERF_WITH_AVX2=1, PERF_WITH_AVX512=1, TORCH_VERSION=1.8.0, USE_CUDA=ON, USE_CUDNN=ON, USE_EXCEPTION_PTR=1, USE_GFLAGS=OFF, USE_GLOG=OFF, USE_MKL=ON, USE_MKLDNN=ON, USE_MPI=OFF, USE_NCCL=ON, USE_NNPACK=ON, USE_OPENMP=ON,

TorchVision: 0.9.0
OpenCV: 4.5.1
MMCV: 1.3.8
MMCV Compiler: GCC 7.3
MMCV CUDA Compiler: 10.1
MMSegmentation: 0.14.1+9988853
------------------------------------------------------------

2021-07-04 21:18:35,500 - mmseg - INFO - Distributed training: True
2021-07-04 21:18:35,936 - mmseg - INFO - Config:
norm_cfg = dict(type='SyncBN', requires_grad=True)
model = dict(
    type='EncoderDecoder',
    pretrained='open-mmlab://resnet50_v1c',
    backbone=dict(
        type='ResNetV1c',
        depth=50,
        num_stages=4,
        out_indices=(0, 1, 2, 3),
        dilations=(1, 1, 2, 4),
        strides=(1, 2, 1, 1),
        norm_cfg=dict(type='SyncBN', requires_grad=True),
        norm_eval=False,
        style='pytorch',
        contract_dilation=True),
    decode_head=dict(
        type='ASPPHead',
        in_channels=2048,
        in_index=3,
        channels=512,
        dilations=(1, 12, 24, 36),
        dropout_ratio=0.1,
        num_classes=19,
        norm_cfg=dict(type='SyncBN', requires_grad=True),
        align_corners=False,
        loss_decode=dict(
            type='CrossEntropyLoss', use_sigmoid=False, loss_weight=1.0)),
    auxiliary_head=dict(
        type='FCNHead',
        in_channels=1024,
        in_index=2,
        channels=256,
        num_convs=1,
        concat_input=False,
        dropout_ratio=0.1,
        num_classes=19,
        norm_cfg=dict(type='SyncBN', requires_grad=True),
        align_corners=False,
        loss_decode=dict(
            type='CrossEntropyLoss', use_sigmoid=False, loss_weight=0.4)),
    train_cfg=dict(),
    test_cfg=dict(mode='whole'))
dataset_type = 'DummyCityscapes'
img_norm_cfg = dict(
    mean=[123.675, 116.28, 103.53], std=[58.395, 57.12, 57.375], to_rgb=True)
crop_size = (512, 1024)
train_pipeline = [
    dict(type='Resize', img_scale=(2048, 1024), ratio_range=(0.5, 2.0)),
    dict(type='RandomCrop', crop_size=(512, 1024), cat_max_ratio=0.75),
    dict(type='RandomFlip', prob=0.5),
    dict(type='PhotoMetricDistortion'),
    dict(
        type='Normalize',
        mean=[123.675, 116.28, 103.53],
        std=[58.395, 57.12, 57.375],
        to_rgb=True),
    dict(type='DefaultFormatBundle'),
    dict(type='Collect', keys=['img', 'gt_semantic_seg'])
]
test_pipeline = [
    dict(
        type='MultiScaleFlipAug',
        img_scale=(2048, 1024),
        flip=False,
        transforms=[
            dict(type='Resize', keep_ratio=True),
            dict(type='RandomFlip'),
            dict(
                type='Normalize',
                mean=[123.675, 116.28, 103.53],
                std=[58.395, 57.12, 57.375],
                to_rgb=True),
            dict(type='ImageToTensor', keys=['img']),
            dict(type='Collect', keys=['img'])
        ])
]
data = dict(
    samples_per_gpu=2,
    workers_per_gpu=2,
    train=dict(
        type='DummyCityscapes',
        pipeline=[
            dict(
                type='Resize', img_scale=(2048, 1024), ratio_range=(0.5, 2.0)),
            dict(type='RandomCrop', crop_size=(512, 1024), cat_max_ratio=0.75),
            dict(type='RandomFlip', prob=0.5),
            dict(type='PhotoMetricDistortion'),
            dict(
                type='Normalize',
                mean=[123.675, 116.28, 103.53],
                std=[58.395, 57.12, 57.375],
                to_rgb=True),
            dict(type='DefaultFormatBundle'),
            dict(type='Collect', keys=['img', 'gt_semantic_seg'])
        ]),
    val=dict(
        type='DummyCityscapes',
        pipeline=[
            dict(
                type='MultiScaleFlipAug',
                img_scale=(2048, 1024),
                flip=False,
                transforms=[
                    dict(type='Resize', keep_ratio=True),
                    dict(type='RandomFlip'),
                    dict(
                        type='Normalize',
                        mean=[123.675, 116.28, 103.53],
                        std=[58.395, 57.12, 57.375],
                        to_rgb=True),
                    dict(type='ImageToTensor', keys=['img']),
                    dict(type='Collect', keys=['img'])
                ])
        ]),
    test=dict(
        type='DummyCityscapes',
        pipeline=[
            dict(
                type='MultiScaleFlipAug',
                img_scale=(2048, 1024),
                flip=False,
                transforms=[
                    dict(type='Resize', keep_ratio=True),
                    dict(type='RandomFlip'),
                    dict(
                        type='Normalize',
                        mean=[123.675, 116.28, 103.53],
                        std=[58.395, 57.12, 57.375],
                        to_rgb=True),
                    dict(type='ImageToTensor', keys=['img']),
                    dict(type='Collect', keys=['img'])
                ])
        ]))
log_config = dict(
    interval=50, hooks=[dict(type='TextLoggerHook', by_epoch=False)])
dist_params = dict(backend='nccl')
log_level = 'INFO'
load_from = None
resume_from = None
workflow = [('train', 1)]
cudnn_benchmark = True
optimizer = dict(type='SGD', lr=0.01, momentum=0.9, weight_decay=0.0005)
optimizer_config = dict()
lr_config = dict(policy='poly', power=0.9, min_lr=0.0001, by_epoch=False)
runner = dict(type='IterBasedRunner', max_iters=4000)
checkpoint_config = dict(by_epoch=False, interval=2000)
evaluation = dict(interval=2000, metric='mIoU')
work_dir = 'work_dirs_1node_1gpu/deeplabv3_r50-d8_512x1024_4k_dummy_cityscapes'
gpu_ids = range(0, 1)

2021-07-04 21:18:40,031 - mmseg - INFO - EncoderDecoder(
  (backbone): ResNetV1c(
    (stem): Sequential(
      (0): Conv2d(3, 32, kernel_size=(3, 3), stride=(2, 2), padding=(1, 1), bias=False)
      (1): SyncBatchNorm(32, eps=1e-05, momentum=0.1, affine=True, track_running_stats=True)
      (2): ReLU(inplace=True)
      (3): Conv2d(32, 32, kernel_size=(3, 3), stride=(1, 1), padding=(1, 1), bias=False)
      (4): SyncBatchNorm(32, eps=1e-05, momentum=0.1, affine=True, track_running_stats=True)
      (5): ReLU(inplace=True)
      (6): Conv2d(32, 64, kernel_size=(3, 3), stride=(1, 1), padding=(1, 1), bias=False)
      (7): SyncBatchNorm(64, eps=1e-05, momentum=0.1, affine=True, track_running_stats=True)
      (8): ReLU(inplace=True)
    )
    (maxpool): MaxPool2d(kernel_size=3, stride=2, padding=1, dilation=1, ceil_mode=False)
    (layer1): ResLayer(
      (0): Bottleneck(
        (conv1): Conv2d(64, 64, kernel_size=(1, 1), stride=(1, 1), bias=False)
        (bn1): SyncBatchNorm(64, eps=1e-05, momentum=0.1, affine=True, track_running_stats=True)
        (conv2): Conv2d(64, 64, kernel_size=(3, 3), stride=(1, 1), padding=(1, 1), bias=False)
        (bn2): SyncBatchNorm(64, eps=1e-05, momentum=0.1, affine=True, track_running_stats=True)
        (conv3): Conv2d(64, 256, kernel_size=(1, 1), stride=(1, 1), bias=False)
        (bn3): SyncBatchNorm(256, eps=1e-05, momentum=0.1, affine=True, track_running_stats=True)
        (relu): ReLU(inplace=True)
        (downsample): Sequential(
          (0): Conv2d(64, 256, kernel_size=(1, 1), stride=(1, 1), bias=False)
          (1): SyncBatchNorm(256, eps=1e-05, momentum=0.1, affine=True, track_running_stats=True)
        )
      )
      (1): Bottleneck(
        (conv1): Conv2d(256, 64, kernel_size=(1, 1), stride=(1, 1), bias=False)
        (bn1): SyncBatchNorm(64, eps=1e-05, momentum=0.1, affine=True, track_running_stats=True)
        (conv2): Conv2d(64, 64, kernel_size=(3, 3), stride=(1, 1), padding=(1, 1), bias=False)
        (bn2): SyncBatchNorm(64, eps=1e-05, momentum=0.1, affine=True, track_running_stats=True)
        (conv3): Conv2d(64, 256, kernel_size=(1, 1), stride=(1, 1), bias=False)
        (bn3): SyncBatchNorm(256, eps=1e-05, momentum=0.1, affine=True, track_running_stats=True)
        (relu): ReLU(inplace=True)
      )
      (2): Bottleneck(
        (conv1): Conv2d(256, 64, kernel_size=(1, 1), stride=(1, 1), bias=False)
        (bn1): SyncBatchNorm(64, eps=1e-05, momentum=0.1, affine=True, track_running_stats=True)
        (conv2): Conv2d(64, 64, kernel_size=(3, 3), stride=(1, 1), padding=(1, 1), bias=False)
        (bn2): SyncBatchNorm(64, eps=1e-05, momentum=0.1, affine=True, track_running_stats=True)
        (conv3): Conv2d(64, 256, kernel_size=(1, 1), stride=(1, 1), bias=False)
        (bn3): SyncBatchNorm(256, eps=1e-05, momentum=0.1, affine=True, track_running_stats=True)
        (relu): ReLU(inplace=True)
      )
    )
    (layer2): ResLayer(
      (0): Bottleneck(
        (conv1): Conv2d(256, 128, kernel_size=(1, 1), stride=(1, 1), bias=False)
        (bn1): SyncBatchNorm(128, eps=1e-05, momentum=0.1, affine=True, track_running_stats=True)
        (conv2): Conv2d(128, 128, kernel_size=(3, 3), stride=(2, 2), padding=(1, 1), bias=False)
        (bn2): SyncBatchNorm(128, eps=1e-05, momentum=0.1, affine=True, track_running_stats=True)
        (conv3): Conv2d(128, 512, kernel_size=(1, 1), stride=(1, 1), bias=False)
        (bn3): SyncBatchNorm(512, eps=1e-05, momentum=0.1, affine=True, track_running_stats=True)
        (relu): ReLU(inplace=True)
        (downsample): Sequential(
          (0): Conv2d(256, 512, kernel_size=(1, 1), stride=(2, 2), bias=False)
          (1): SyncBatchNorm(512, eps=1e-05, momentum=0.1, affine=True, track_running_stats=True)
        )
      )
      (1): Bottleneck(
        (conv1): Conv2d(512, 128, kernel_size=(1, 1), stride=(1, 1), bias=False)
        (bn1): SyncBatchNorm(128, eps=1e-05, momentum=0.1, affine=True, track_running_stats=True)
        (conv2): Conv2d(128, 128, kernel_size=(3, 3), stride=(1, 1), padding=(1, 1), bias=False)
        (bn2): SyncBatchNorm(128, eps=1e-05, momentum=0.1, affine=True, track_running_stats=True)
        (conv3): Conv2d(128, 512, kernel_size=(1, 1), stride=(1, 1), bias=False)
        (bn3): SyncBatchNorm(512, eps=1e-05, momentum=0.1, affine=True, track_running_stats=True)
        (relu): ReLU(inplace=True)
      )
      (2): Bottleneck(
        (conv1): Conv2d(512, 128, kernel_size=(1, 1), stride=(1, 1), bias=False)
        (bn1): SyncBatchNorm(128, eps=1e-05, momentum=0.1, affine=True, track_running_stats=True)
        (conv2): Conv2d(128, 128, kernel_size=(3, 3), stride=(1, 1), padding=(1, 1), bias=False)
        (bn2): SyncBatchNorm(128, eps=1e-05, momentum=0.1, affine=True, track_running_stats=True)
        (conv3): Conv2d(128, 512, kernel_size=(1, 1), stride=(1, 1), bias=False)
        (bn3): SyncBatchNorm(512, eps=1e-05, momentum=0.1, affine=True, track_running_stats=True)
        (relu): ReLU(inplace=True)
      )
      (3): Bottleneck(
        (conv1): Conv2d(512, 128, kernel_size=(1, 1), stride=(1, 1), bias=False)
        (bn1): SyncBatchNorm(128, eps=1e-05, momentum=0.1, affine=True, track_running_stats=True)
        (conv2): Conv2d(128, 128, kernel_size=(3, 3), stride=(1, 1), padding=(1, 1), bias=False)
        (bn2): SyncBatchNorm(128, eps=1e-05, momentum=0.1, affine=True, track_running_stats=True)
        (conv3): Conv2d(128, 512, kernel_size=(1, 1), stride=(1, 1), bias=False)
        (bn3): SyncBatchNorm(512, eps=1e-05, momentum=0.1, affine=True, track_running_stats=True)
        (relu): ReLU(inplace=True)
      )
    )
    (layer3): ResLayer(
      (0): Bottleneck(
        (conv1): Conv2d(512, 256, kernel_size=(1, 1), stride=(1, 1), bias=False)
        (bn1): SyncBatchNorm(256, eps=1e-05, momentum=0.1, affine=True, track_running_stats=True)
        (conv2): Conv2d(256, 256, kernel_size=(3, 3), stride=(1, 1), padding=(1, 1), bias=False)
        (bn2): SyncBatchNorm(256, eps=1e-05, momentum=0.1, affine=True, track_running_stats=True)
        (conv3): Conv2d(256, 1024, kernel_size=(1, 1), stride=(1, 1), bias=False)
        (bn3): SyncBatchNorm(1024, eps=1e-05, momentum=0.1, affine=True, track_running_stats=True)
        (relu): ReLU(inplace=True)
        (downsample): Sequential(
          (0): Conv2d(512, 1024, kernel_size=(1, 1), stride=(1, 1), bias=False)
          (1): SyncBatchNorm(1024, eps=1e-05, momentum=0.1, affine=True, track_running_stats=True)
        )
      )
      (1): Bottleneck(
        (conv1): Conv2d(1024, 256, kernel_size=(1, 1), stride=(1, 1), bias=False)
        (bn1): SyncBatchNorm(256, eps=1e-05, momentum=0.1, affine=True, track_running_stats=True)
        (conv2): Conv2d(256, 256, kernel_size=(3, 3), stride=(1, 1), padding=(2, 2), dilation=(2, 2), bias=False)
        (bn2): SyncBatchNorm(256, eps=1e-05, momentum=0.1, affine=True, track_running_stats=True)
        (conv3): Conv2d(256, 1024, kernel_size=(1, 1), stride=(1, 1), bias=False)
        (bn3): SyncBatchNorm(1024, eps=1e-05, momentum=0.1, affine=True, track_running_stats=True)
        (relu): ReLU(inplace=True)
      )
      (2): Bottleneck(
        (conv1): Conv2d(1024, 256, kernel_size=(1, 1), stride=(1, 1), bias=False)
        (bn1): SyncBatchNorm(256, eps=1e-05, momentum=0.1, affine=True, track_running_stats=True)
        (conv2): Conv2d(256, 256, kernel_size=(3, 3), stride=(1, 1), padding=(2, 2), dilation=(2, 2), bias=False)
        (bn2): SyncBatchNorm(256, eps=1e-05, momentum=0.1, affine=True, track_running_stats=True)
        (conv3): Conv2d(256, 1024, kernel_size=(1, 1), stride=(1, 1), bias=False)
        (bn3): SyncBatchNorm(1024, eps=1e-05, momentum=0.1, affine=True, track_running_stats=True)
        (relu): ReLU(inplace=True)
      )
      (3): Bottleneck(
        (conv1): Conv2d(1024, 256, kernel_size=(1, 1), stride=(1, 1), bias=False)
        (bn1): SyncBatchNorm(256, eps=1e-05, momentum=0.1, affine=True, track_running_stats=True)
        (conv2): Conv2d(256, 256, kernel_size=(3, 3), stride=(1, 1), padding=(2, 2), dilation=(2, 2), bias=False)
        (bn2): SyncBatchNorm(256, eps=1e-05, momentum=0.1, affine=True, track_running_stats=True)
        (conv3): Conv2d(256, 1024, kernel_size=(1, 1), stride=(1, 1), bias=False)
        (bn3): SyncBatchNorm(1024, eps=1e-05, momentum=0.1, affine=True, track_running_stats=True)
        (relu): ReLU(inplace=True)
      )
      (4): Bottleneck(
        (conv1): Conv2d(1024, 256, kernel_size=(1, 1), stride=(1, 1), bias=False)
        (bn1): SyncBatchNorm(256, eps=1e-05, momentum=0.1, affine=True, track_running_stats=True)
        (conv2): Conv2d(256, 256, kernel_size=(3, 3), stride=(1, 1), padding=(2, 2), dilation=(2, 2), bias=False)
        (bn2): SyncBatchNorm(256, eps=1e-05, momentum=0.1, affine=True, track_running_stats=True)
        (conv3): Conv2d(256, 1024, kernel_size=(1, 1), stride=(1, 1), bias=False)
        (bn3): SyncBatchNorm(1024, eps=1e-05, momentum=0.1, affine=True, track_running_stats=True)
        (relu): ReLU(inplace=True)
      )
      (5): Bottleneck(
        (conv1): Conv2d(1024, 256, kernel_size=(1, 1), stride=(1, 1), bias=False)
        (bn1): SyncBatchNorm(256, eps=1e-05, momentum=0.1, affine=True, track_running_stats=True)
        (conv2): Conv2d(256, 256, kernel_size=(3, 3), stride=(1, 1), padding=(2, 2), dilation=(2, 2), bias=False)
        (bn2): SyncBatchNorm(256, eps=1e-05, momentum=0.1, affine=True, track_running_stats=True)
        (conv3): Conv2d(256, 1024, kernel_size=(1, 1), stride=(1, 1), bias=False)
        (bn3): SyncBatchNorm(1024, eps=1e-05, momentum=0.1, affine=True, track_running_stats=True)
        (relu): ReLU(inplace=True)
      )
    )
    (layer4): ResLayer(
      (0): Bottleneck(
        (conv1): Conv2d(1024, 512, kernel_size=(1, 1), stride=(1, 1), bias=False)
        (bn1): SyncBatchNorm(512, eps=1e-05, momentum=0.1, affine=True, track_running_stats=True)
        (conv2): Conv2d(512, 512, kernel_size=(3, 3), stride=(1, 1), padding=(2, 2), dilation=(2, 2), bias=False)
        (bn2): SyncBatchNorm(512, eps=1e-05, momentum=0.1, affine=True, track_running_stats=True)
        (conv3): Conv2d(512, 2048, kernel_size=(1, 1), stride=(1, 1), bias=False)
        (bn3): SyncBatchNorm(2048, eps=1e-05, momentum=0.1, affine=True, track_running_stats=True)
        (relu): ReLU(inplace=True)
        (downsample): Sequential(
          (0): Conv2d(1024, 2048, kernel_size=(1, 1), stride=(1, 1), bias=False)
          (1): SyncBatchNorm(2048, eps=1e-05, momentum=0.1, affine=True, track_running_stats=True)
        )
      )
      (1): Bottleneck(
        (conv1): Conv2d(2048, 512, kernel_size=(1, 1), stride=(1, 1), bias=False)
        (bn1): SyncBatchNorm(512, eps=1e-05, momentum=0.1, affine=True, track_running_stats=True)
        (conv2): Conv2d(512, 512, kernel_size=(3, 3), stride=(1, 1), padding=(4, 4), dilation=(4, 4), bias=False)
        (bn2): SyncBatchNorm(512, eps=1e-05, momentum=0.1, affine=True, track_running_stats=True)
        (conv3): Conv2d(512, 2048, kernel_size=(1, 1), stride=(1, 1), bias=False)
        (bn3): SyncBatchNorm(2048, eps=1e-05, momentum=0.1, affine=True, track_running_stats=True)
        (relu): ReLU(inplace=True)
      )
      (2): Bottleneck(
        (conv1): Conv2d(2048, 512, kernel_size=(1, 1), stride=(1, 1), bias=False)
        (bn1): SyncBatchNorm(512, eps=1e-05, momentum=0.1, affine=True, track_running_stats=True)
        (conv2): Conv2d(512, 512, kernel_size=(3, 3), stride=(1, 1), padding=(4, 4), dilation=(4, 4), bias=False)
        (bn2): SyncBatchNorm(512, eps=1e-05, momentum=0.1, affine=True, track_running_stats=True)
        (conv3): Conv2d(512, 2048, kernel_size=(1, 1), stride=(1, 1), bias=False)
        (bn3): SyncBatchNorm(2048, eps=1e-05, momentum=0.1, affine=True, track_running_stats=True)
        (relu): ReLU(inplace=True)
      )
    )
  )
  init_cfg={'type': 'Pretrained', 'checkpoint': 'open-mmlab://resnet50_v1c'}
  (decode_head): ASPPHead(
    input_transform=None, ignore_index=255, align_corners=False
    (loss_decode): CrossEntropyLoss()
    (conv_seg): Conv2d(512, 19, kernel_size=(1, 1), stride=(1, 1))
    (dropout): Dropout2d(p=0.1, inplace=False)
    (image_pool): Sequential(
      (0): AdaptiveAvgPool2d(output_size=1)
      (1): ConvModule(
        (conv): Conv2d(2048, 512, kernel_size=(1, 1), stride=(1, 1), bias=False)
        (bn): SyncBatchNorm(512, eps=1e-05, momentum=0.1, affine=True, track_running_stats=True)
        (activate): ReLU(inplace=True)
      )
    )
    (aspp_modules): ASPPModule(
      (0): ConvModule(
        (conv): Conv2d(2048, 512, kernel_size=(1, 1), stride=(1, 1), bias=False)
        (bn): SyncBatchNorm(512, eps=1e-05, momentum=0.1, affine=True, track_running_stats=True)
        (activate): ReLU(inplace=True)
      )
      (1): ConvModule(
        (conv): Conv2d(2048, 512, kernel_size=(3, 3), stride=(1, 1), padding=(12, 12), dilation=(12, 12), bias=False)
        (bn): SyncBatchNorm(512, eps=1e-05, momentum=0.1, affine=True, track_running_stats=True)
        (activate): ReLU(inplace=True)
      )
      (2): ConvModule(
        (conv): Conv2d(2048, 512, kernel_size=(3, 3), stride=(1, 1), padding=(24, 24), dilation=(24, 24), bias=False)
        (bn): SyncBatchNorm(512, eps=1e-05, momentum=0.1, affine=True, track_running_stats=True)
        (activate): ReLU(inplace=True)
      )
      (3): ConvModule(
        (conv): Conv2d(2048, 512, kernel_size=(3, 3), stride=(1, 1), padding=(36, 36), dilation=(36, 36), bias=False)
        (bn): SyncBatchNorm(512, eps=1e-05, momentum=0.1, affine=True, track_running_stats=True)
        (activate): ReLU(inplace=True)
      )
    )
    (bottleneck): ConvModule(
      (conv): Conv2d(2560, 512, kernel_size=(3, 3), stride=(1, 1), padding=(1, 1), bias=False)
      (bn): SyncBatchNorm(512, eps=1e-05, momentum=0.1, affine=True, track_running_stats=True)
      (activate): ReLU(inplace=True)
    )
  )
  init_cfg={'type': 'Normal', 'std': 0.01, 'override': {'name': 'conv_seg'}}
  (auxiliary_head): FCNHead(
    input_transform=None, ignore_index=255, align_corners=False
    (loss_decode): CrossEntropyLoss()
    (conv_seg): Conv2d(256, 19, kernel_size=(1, 1), stride=(1, 1))
    (dropout): Dropout2d(p=0.1, inplace=False)
    (convs): Sequential(
      (0): ConvModule(
        (conv): Conv2d(1024, 256, kernel_size=(3, 3), stride=(1, 1), padding=(1, 1), bias=False)
        (bn): SyncBatchNorm(256, eps=1e-05, momentum=0.1, affine=True, track_running_stats=True)
        (activate): ReLU(inplace=True)
      )
    )
  )
  init_cfg={'type': 'Normal', 'std': 0.01, 'override': {'name': 'conv_seg'}}
)
2021-07-04 21:18:51,224 - mmseg - INFO - Start running, host: chengzesen@SH-IDC1-10-198-4-64, work_dir: /mnt/cache/chengzesen/workspace/mmsegmentation/work_dirs_1node_1gpu/deeplabv3_r50-d8_512x1024_4k_dummy_cityscapes
2021-07-04 21:18:51,289 - mmseg - INFO - Hooks will be executed in the following order:
before_run:
(VERY_HIGH   ) PolyLrUpdaterHook
(NORMAL      ) CheckpointHook
(NORMAL      ) DistEvalHook
(VERY_LOW    ) TextLoggerHook
 --------------------
before_train_epoch:
(VERY_HIGH   ) PolyLrUpdaterHook
(NORMAL      ) IterTimerHook
(NORMAL      ) DistEvalHook
(VERY_LOW    ) TextLoggerHook
 --------------------
before_train_iter:
(VERY_HIGH   ) PolyLrUpdaterHook
(NORMAL      ) IterTimerHook
(NORMAL      ) DistEvalHook
 --------------------
after_train_iter:
(ABOVE_NORMAL) OptimizerHook
(NORMAL      ) CheckpointHook
(NORMAL      ) IterTimerHook
(NORMAL      ) DistEvalHook
(VERY_LOW    ) TextLoggerHook
 --------------------
after_train_epoch:
(NORMAL      ) CheckpointHook
(NORMAL      ) DistEvalHook
(VERY_LOW    ) TextLoggerHook
 --------------------
before_val_epoch:
(NORMAL      ) IterTimerHook
(VERY_LOW    ) TextLoggerHook
 --------------------
before_val_iter:
(NORMAL      ) IterTimerHook
 --------------------
after_val_iter:
(NORMAL      ) IterTimerHook
 --------------------
after_val_epoch:
(VERY_LOW    ) TextLoggerHook
 --------------------
2021-07-04 21:18:51,300 - mmseg - INFO - workflow: [('train', 1)], max: 4000 iters
2021-07-04 21:21:04,822 - mmseg - INFO - Iter [50/4000]	lr: 9.891e-03, eta: 0:57:23, time: 0.872, data_time: 0.029, memory: 18984, decode.loss_seg: 2.9505, decode.acc_seg: 5.2598, aux.loss_seg: 1.1792, aux.acc_seg: 5.2611, loss: 4.1296
2021-07-04 21:21:38,249 - mmseg - INFO - Iter [100/4000]	lr: 9.779e-03, eta: 0:50:03, time: 0.669, data_time: 0.018, memory: 18984, decode.loss_seg: 2.9490, decode.acc_seg: 5.2618, aux.loss_seg: 1.1789, aux.acc_seg: 5.2588, loss: 4.1278
2021-07-04 21:22:11,738 - mmseg - INFO - Iter [150/4000]	lr: 9.667e-03, eta: 0:47:16, time: 0.670, data_time: 0.016, memory: 18984, decode.loss_seg: 2.9483, decode.acc_seg: 5.2722, aux.loss_seg: 1.1788, aux.acc_seg: 5.2610, loss: 4.1271
2021-07-04 21:22:45,298 - mmseg - INFO - Iter [200/4000]	lr: 9.556e-03, eta: 0:45:36, time: 0.670, data_time: 0.017, memory: 18984, decode.loss_seg: 2.9478, decode.acc_seg: 5.2631, aux.loss_seg: 1.1787, aux.acc_seg: 5.2623, loss: 4.1266
2021-07-04 21:23:19,088 - mmseg - INFO - Iter [250/4000]	lr: 9.444e-03, eta: 0:44:27, time: 0.677, data_time: 0.020, memory: 18984, decode.loss_seg: 2.9474, decode.acc_seg: 5.2628, aux.loss_seg: 1.1786, aux.acc_seg: 5.2619, loss: 4.1261
2021-07-04 21:23:52,651 - mmseg - INFO - Iter [300/4000]	lr: 9.331e-03, eta: 0:43:27, time: 0.671, data_time: 0.020, memory: 18984, decode.loss_seg: 2.9471, decode.acc_seg: 5.2559, aux.loss_seg: 1.1786, aux.acc_seg: 5.2609, loss: 4.1257
2021-07-04 21:24:26,185 - mmseg - INFO - Iter [350/4000]	lr: 9.219e-03, eta: 0:42:34, time: 0.671, data_time: 0.018, memory: 18984, decode.loss_seg: 2.9468, decode.acc_seg: 5.2640, aux.loss_seg: 1.1785, aux.acc_seg: 5.2656, loss: 4.1253
2021-07-04 21:24:59,929 - mmseg - INFO - Iter [400/4000]	lr: 9.107e-03, eta: 0:41:48, time: 0.675, data_time: 0.020, memory: 18984, decode.loss_seg: 2.9465, decode.acc_seg: 5.2644, aux.loss_seg: 1.1785, aux.acc_seg: 5.2644, loss: 4.1250
2021-07-04 21:25:33,768 - mmseg - INFO - Iter [450/4000]	lr: 8.994e-03, eta: 0:41:05, time: 0.677, data_time: 0.023, memory: 18984, decode.loss_seg: 2.9463, decode.acc_seg: 5.2663, aux.loss_seg: 1.1784, aux.acc_seg: 5.2608, loss: 4.1248
2021-07-04 21:26:07,034 - mmseg - INFO - Iter [500/4000]	lr: 8.881e-03, eta: 0:40:20, time: 0.666, data_time: 0.019, memory: 18984, decode.loss_seg: 2.9461, decode.acc_seg: 5.2678, aux.loss_seg: 1.1784, aux.acc_seg: 5.2649, loss: 4.1245
2021-07-04 21:26:39,780 - mmseg - INFO - Iter [550/4000]	lr: 8.768e-03, eta: 0:39:34, time: 0.655, data_time: 0.011, memory: 18984, decode.loss_seg: 2.9460, decode.acc_seg: 5.2660, aux.loss_seg: 1.1784, aux.acc_seg: 5.2675, loss: 4.1243
2021-07-04 21:27:13,697 - mmseg - INFO - Iter [600/4000]	lr: 8.655e-03, eta: 0:38:56, time: 0.677, data_time: 0.024, memory: 18984, decode.loss_seg: 2.9458, decode.acc_seg: 5.2571, aux.loss_seg: 1.1783, aux.acc_seg: 5.2631, loss: 4.1241
2021-07-04 21:27:46,764 - mmseg - INFO - Iter [650/4000]	lr: 8.542e-03, eta: 0:38:16, time: 0.662, data_time: 0.015, memory: 18984, decode.loss_seg: 2.9457, decode.acc_seg: 5.2626, aux.loss_seg: 1.1783, aux.acc_seg: 5.2656, loss: 4.1240
2021-07-04 21:28:20,092 - mmseg - INFO - Iter [700/4000]	lr: 8.428e-03, eta: 0:37:37, time: 0.666, data_time: 0.016, memory: 18984, decode.loss_seg: 2.9456, decode.acc_seg: 5.2610, aux.loss_seg: 1.1783, aux.acc_seg: 5.2635, loss: 4.1238
2021-07-04 21:28:53,059 - mmseg - INFO - Iter [750/4000]	lr: 8.315e-03, eta: 0:36:57, time: 0.659, data_time: 0.012, memory: 18984, decode.loss_seg: 2.9455, decode.acc_seg: 5.2648, aux.loss_seg: 1.1782, aux.acc_seg: 5.2571, loss: 4.1237
2021-07-04 21:29:28,400 - mmseg - INFO - Iter [800/4000]	lr: 8.201e-03, eta: 0:36:28, time: 0.707, data_time: 0.034, memory: 18984, decode.loss_seg: 2.9454, decode.acc_seg: 5.2645, aux.loss_seg: 1.1782, aux.acc_seg: 5.2625, loss: 4.1236
2021-07-04 21:30:01,804 - mmseg - INFO - Iter [850/4000]	lr: 8.087e-03, eta: 0:35:51, time: 0.668, data_time: 0.016, memory: 18984, decode.loss_seg: 2.9453, decode.acc_seg: 5.2665, aux.loss_seg: 1.1782, aux.acc_seg: 5.2629, loss: 4.1235
2021-07-04 21:30:35,017 - mmseg - INFO - Iter [900/4000]	lr: 7.973e-03, eta: 0:35:14, time: 0.664, data_time: 0.014, memory: 18984, decode.loss_seg: 2.9452, decode.acc_seg: 5.2624, aux.loss_seg: 1.1782, aux.acc_seg: 5.2680, loss: 4.1234
2021-07-04 21:31:08,369 - mmseg - INFO - Iter [950/4000]	lr: 7.859e-03, eta: 0:34:37, time: 0.667, data_time: 0.017, memory: 18984, decode.loss_seg: 2.9451, decode.acc_seg: 5.2658, aux.loss_seg: 1.1781, aux.acc_seg: 5.2664, loss: 4.1233
2021-07-04 21:31:41,961 - mmseg - INFO - Exp name: deeplabv3_r50-d8_512x1024_4k_dummy_cityscapes.py
2021-07-04 21:31:41,962 - mmseg - INFO - Iter [1000/4000]	lr: 7.744e-03, eta: 0:34:02, time: 0.672, data_time: 0.019, memory: 18984, decode.loss_seg: 2.9451, decode.acc_seg: 5.2667, aux.loss_seg: 1.1781, aux.acc_seg: 5.2658, loss: 4.1232
2021-07-04 21:32:16,924 - mmseg - INFO - Iter [1050/4000]	lr: 7.629e-03, eta: 0:33:30, time: 0.699, data_time: 0.018, memory: 18984, decode.loss_seg: 2.9450, decode.acc_seg: 5.2639, aux.loss_seg: 1.1781, aux.acc_seg: 5.2577, loss: 4.1232
2021-07-04 21:32:50,266 - mmseg - INFO - Iter [1100/4000]	lr: 7.514e-03, eta: 0:32:54, time: 0.667, data_time: 0.018, memory: 18984, decode.loss_seg: 2.9450, decode.acc_seg: 5.2606, aux.loss_seg: 1.1781, aux.acc_seg: 5.2604, loss: 4.1231
2021-07-04 21:33:27,940 - mmseg - INFO - Iter [1150/4000]	lr: 7.399e-03, eta: 0:32:29, time: 0.754, data_time: 0.027, memory: 18984, decode.loss_seg: 2.9449, decode.acc_seg: 5.2682, aux.loss_seg: 1.1781, aux.acc_seg: 5.2649, loss: 4.1230
2021-07-04 21:34:05,871 - mmseg - INFO - Iter [1200/4000]	lr: 7.284e-03, eta: 0:32:04, time: 0.759, data_time: 0.031, memory: 18984, decode.loss_seg: 2.9449, decode.acc_seg: 5.2655, aux.loss_seg: 1.1781, aux.acc_seg: 5.2649, loss: 4.1230
2021-07-04 21:34:44,315 - mmseg - INFO - Iter [1250/4000]	lr: 7.168e-03, eta: 0:31:38, time: 0.769, data_time: 0.023, memory: 18984, decode.loss_seg: 2.9449, decode.acc_seg: 5.2653, aux.loss_seg: 1.1781, aux.acc_seg: 5.2683, loss: 4.1229
2021-07-04 21:35:18,185 - mmseg - INFO - Iter [1300/4000]	lr: 7.053e-03, eta: 0:31:02, time: 0.677, data_time: 0.021, memory: 18984, decode.loss_seg: 2.9448, decode.acc_seg: 5.2631, aux.loss_seg: 1.1780, aux.acc_seg: 5.2625, loss: 4.1229
2021-07-04 21:35:51,874 - mmseg - INFO - Iter [1350/4000]	lr: 6.937e-03, eta: 0:30:26, time: 0.674, data_time: 0.017, memory: 18984, decode.loss_seg: 2.9448, decode.acc_seg: 5.2667, aux.loss_seg: 1.1780, aux.acc_seg: 5.2728, loss: 4.1228
2021-07-04 21:36:27,215 - mmseg - INFO - Iter [1400/4000]	lr: 6.821e-03, eta: 0:29:53, time: 0.707, data_time: 0.014, memory: 18984, decode.loss_seg: 2.9448, decode.acc_seg: 5.2628, aux.loss_seg: 1.1780, aux.acc_seg: 5.2622, loss: 4.1228
2021-07-04 21:37:04,628 - mmseg - INFO - Iter [1450/4000]	lr: 6.704e-03, eta: 0:29:24, time: 0.748, data_time: 0.012, memory: 18984, decode.loss_seg: 2.9448, decode.acc_seg: 5.2702, aux.loss_seg: 1.1780, aux.acc_seg: 5.2673, loss: 4.1228
2021-07-04 21:37:41,553 - mmseg - INFO - Iter [1500/4000]	lr: 6.588e-03, eta: 0:28:53, time: 0.739, data_time: 0.025, memory: 18984, decode.loss_seg: 2.9447, decode.acc_seg: 5.2608, aux.loss_seg: 1.1780, aux.acc_seg: 5.2582, loss: 4.1228
2021-07-04 21:38:16,822 - mmseg - INFO - Iter [1550/4000]	lr: 6.471e-03, eta: 0:28:20, time: 0.705, data_time: 0.026, memory: 18984, decode.loss_seg: 2.9447, decode.acc_seg: 5.2663, aux.loss_seg: 1.1780, aux.acc_seg: 5.2638, loss: 4.1227
2021-07-04 21:38:50,982 - mmseg - INFO - Iter [1600/4000]	lr: 6.354e-03, eta: 0:27:44, time: 0.683, data_time: 0.022, memory: 18984, decode.loss_seg: 2.9447, decode.acc_seg: 5.2671, aux.loss_seg: 1.1780, aux.acc_seg: 5.2703, loss: 4.1227
2021-07-04 21:39:24,712 - mmseg - INFO - Iter [1650/4000]	lr: 6.236e-03, eta: 0:27:08, time: 0.674, data_time: 0.019, memory: 18984, decode.loss_seg: 2.9447, decode.acc_seg: 5.2651, aux.loss_seg: 1.1780, aux.acc_seg: 5.2636, loss: 4.1227
2021-07-04 21:39:59,206 - mmseg - INFO - Iter [1700/4000]	lr: 6.119e-03, eta: 0:26:33, time: 0.690, data_time: 0.028, memory: 18984, decode.loss_seg: 2.9447, decode.acc_seg: 5.2641, aux.loss_seg: 1.1780, aux.acc_seg: 5.2675, loss: 4.1227
2021-07-04 21:40:32,765 - mmseg - INFO - Iter [1750/4000]	lr: 6.001e-03, eta: 0:25:57, time: 0.671, data_time: 0.015, memory: 18984, decode.loss_seg: 2.9447, decode.acc_seg: 5.2654, aux.loss_seg: 1.1780, aux.acc_seg: 5.2598, loss: 4.1226
2021-07-04 21:41:06,220 - mmseg - INFO - Iter [1800/4000]	lr: 5.883e-03, eta: 0:25:21, time: 0.669, data_time: 0.018, memory: 18984, decode.loss_seg: 2.9446, decode.acc_seg: 5.2714, aux.loss_seg: 1.1780, aux.acc_seg: 5.2617, loss: 4.1226
2021-07-04 21:41:39,894 - mmseg - INFO - Iter [1850/4000]	lr: 5.764e-03, eta: 0:24:45, time: 0.674, data_time: 0.021, memory: 18984, decode.loss_seg: 2.9446, decode.acc_seg: 5.2628, aux.loss_seg: 1.1780, aux.acc_seg: 5.2630, loss: 4.1226
2021-07-04 21:42:13,343 - mmseg - INFO - Iter [1900/4000]	lr: 5.646e-03, eta: 0:24:10, time: 0.669, data_time: 0.020, memory: 18984, decode.loss_seg: 2.9446, decode.acc_seg: 5.2729, aux.loss_seg: 1.1780, aux.acc_seg: 5.2658, loss: 4.1226
2021-07-04 21:42:47,997 - mmseg - INFO - Iter [1950/4000]	lr: 5.527e-03, eta: 0:23:35, time: 0.693, data_time: 0.034, memory: 18984, decode.loss_seg: 2.9446, decode.acc_seg: 5.2645, aux.loss_seg: 1.1780, aux.acc_seg: 5.2687, loss: 4.1226
2021-07-04 21:43:22,503 - mmseg - INFO - Saving checkpoint at 2000 iterations
2021-07-04 21:48:51,349 - mmseg - INFO - per class results:
2021-07-04 21:48:51,384 - mmseg - INFO -
+---------------+------+-------+
|     Class     | IoU  |  Acc  |
+---------------+------+-------+
|      road     | 4.41 | 21.35 |
|    sidewalk   | 3.23 |  7.72 |
|    building   | 0.32 |  0.34 |
|      wall     | 0.44 |  0.48 |
|     fence     | 0.27 |  0.28 |
|      pole     | 2.46 |  4.42 |
| traffic light | 0.33 |  0.35 |
|  traffic sign | 0.21 |  0.22 |
|   vegetation  | 0.2  |  0.2  |
|    terrain    | 4.78 | 34.08 |
|      sky      | 2.7  |  5.25 |
|     person    | 1.38 |  1.83 |
|     rider     | 3.43 |  8.95 |
|      car      | 0.19 |  0.19 |
|     truck     | 0.98 |  1.19 |
|      bus      | 2.4  |  4.23 |
|     train     | 2.63 |  4.99 |
|   motorcycle  | 2.23 |  3.73 |
|    bicycle    | 0.26 |  0.27 |
+---------------+------+-------+
2021-07-04 21:48:51,384 - mmseg - INFO - Summary:
2021-07-04 21:48:51,384 - mmseg - INFO -
+------+------+------+
| aAcc | mIoU | mAcc |
+------+------+------+
| 5.27 | 1.73 | 5.27 |
+------+------+------+
2021-07-04 21:48:51,739 - mmseg - INFO - Exp name: deeplabv3_r50-d8_512x1024_4k_dummy_cityscapes.py
2021-07-04 21:48:51,739 - mmseg - INFO - Iter [500/4000]	lr: 5.408e-03, eta: 0:23:02, time: 0.719, data_time: 0.016, memory: 18984, aAcc: 0.0527, mIoU: 0.0173, mAcc: 0.0527, IoU.road: 0.0441, IoU.sidewalk: 0.0323, IoU.building: 0.0032, IoU.wall: 0.0044, IoU.fence: 0.0027, IoU.pole: 0.0246, IoU.traffic light: 0.0033, IoU.traffic sign: 0.0021, IoU.vegetation: 0.0020, IoU.terrain: 0.0478, IoU.sky: 0.0270, IoU.person: 0.0138, IoU.rider: 0.0343, IoU.car: 0.0019, IoU.truck: 0.0098, IoU.bus: 0.0240, IoU.train: 0.0263, IoU.motorcycle: 0.0223, IoU.bicycle: 0.0026, Acc.road: 0.2135, Acc.sidewalk: 0.0772, Acc.building: 0.0034, Acc.wall: 0.0048, Acc.fence: 0.0028, Acc.pole: 0.0442, Acc.traffic light: 0.0035, Acc.traffic sign: 0.0022, Acc.vegetation: 0.0020, Acc.terrain: 0.3408, Acc.sky: 0.0525, Acc.person: 0.0183, Acc.rider: 0.0895, Acc.car: 0.0019, Acc.truck: 0.0119, Acc.bus: 0.0423, Acc.train: 0.0499, Acc.motorcycle: 0.0373, Acc.bicycle: 0.0027, decode.loss_seg: 2.9446, decode.acc_seg: 5.2659, aux.loss_seg: 1.1779, aux.acc_seg: 5.2635, loss: 4.1226
2021-07-04 21:49:23,355 - mmseg - INFO - Iter [2050/4000]	lr: 5.288e-03, eta: 0:27:37, time: 7.188, data_time: 6.563, memory: 18984, decode.loss_seg: 2.9446, decode.acc_seg: 5.2707, aux.loss_seg: 1.1779, aux.acc_seg: 5.2669, loss: 4.1225
2021-07-04 21:49:55,096 - mmseg - INFO - Iter [2100/4000]	lr: 5.168e-03, eta: 0:26:44, time: 0.635, data_time: 0.008, memory: 18984, decode.loss_seg: 2.9446, decode.acc_seg: 5.2618, aux.loss_seg: 1.1779, aux.acc_seg: 5.2668, loss: 4.1225
2021-07-04 21:50:26,835 - mmseg - INFO - Iter [2150/4000]	lr: 5.048e-03, eta: 0:25:53, time: 0.635, data_time: 0.008, memory: 18984, decode.loss_seg: 2.9446, decode.acc_seg: 5.2701, aux.loss_seg: 1.1779, aux.acc_seg: 5.2632, loss: 4.1225
2021-07-04 21:50:58,572 - mmseg - INFO - Iter [2200/4000]	lr: 4.928e-03, eta: 0:25:03, time: 0.635, data_time: 0.008, memory: 18984, decode.loss_seg: 2.9446, decode.acc_seg: 5.2616, aux.loss_seg: 1.1779, aux.acc_seg: 5.2656, loss: 4.1225
2021-07-04 21:51:30,275 - mmseg - INFO - Iter [2250/4000]	lr: 4.807e-03, eta: 0:24:13, time: 0.634, data_time: 0.007, memory: 18984, decode.loss_seg: 2.9446, decode.acc_seg: 5.2636, aux.loss_seg: 1.1779, aux.acc_seg: 5.2643, loss: 4.1225
2021-07-04 21:52:02,016 - mmseg - INFO - Iter [2300/4000]	lr: 4.686e-03, eta: 0:23:24, time: 0.635, data_time: 0.007, memory: 18984, decode.loss_seg: 2.9446, decode.acc_seg: 5.2646, aux.loss_seg: 1.1779, aux.acc_seg: 5.2648, loss: 4.1225
2021-07-04 21:52:33,717 - mmseg - INFO - Iter [2350/4000]	lr: 4.564e-03, eta: 0:22:36, time: 0.634, data_time: 0.007, memory: 18984, decode.loss_seg: 2.9446, decode.acc_seg: 5.2698, aux.loss_seg: 1.1779, aux.acc_seg: 5.2621, loss: 4.1225
2021-07-04 21:53:05,318 - mmseg - INFO - Iter [2400/4000]	lr: 4.442e-03, eta: 0:21:49, time: 0.632, data_time: 0.007, memory: 18984, decode.loss_seg: 2.9446, decode.acc_seg: 5.2644, aux.loss_seg: 1.1779, aux.acc_seg: 5.2653, loss: 4.1225
2021-07-04 21:53:37,142 - mmseg - INFO - Iter [2450/4000]	lr: 4.320e-03, eta: 0:21:02, time: 0.636, data_time: 0.011, memory: 18984, decode.loss_seg: 2.9446, decode.acc_seg: 5.2639, aux.loss_seg: 1.1779, aux.acc_seg: 5.2604, loss: 4.1225
2021-07-04 21:54:13,958 - mmseg - INFO - Iter [2500/4000]	lr: 4.198e-03, eta: 0:20:19, time: 0.735, data_time: 0.024, memory: 18984, decode.loss_seg: 2.9445, decode.acc_seg: 5.2713, aux.loss_seg: 1.1779, aux.acc_seg: 5.2635, loss: 4.1225
2021-07-04 21:54:45,641 - mmseg - INFO - Iter [2550/4000]	lr: 4.074e-03, eta: 0:19:33, time: 0.635, data_time: 0.011, memory: 18984, decode.loss_seg: 2.9445, decode.acc_seg: 5.2707, aux.loss_seg: 1.1779, aux.acc_seg: 5.2637, loss: 4.1224
2021-07-04 21:55:17,267 - mmseg - INFO - Iter [2600/4000]	lr: 3.951e-03, eta: 0:18:48, time: 0.633, data_time: 0.007, memory: 18984, decode.loss_seg: 2.9445, decode.acc_seg: 5.2741, aux.loss_seg: 1.1779, aux.acc_seg: 5.2673, loss: 4.1224
2021-07-04 21:55:48,875 - mmseg - INFO - Iter [2650/4000]	lr: 3.827e-03, eta: 0:18:03, time: 0.632, data_time: 0.007, memory: 18984, decode.loss_seg: 2.9445, decode.acc_seg: 5.2613, aux.loss_seg: 1.1779, aux.acc_seg: 5.2647, loss: 4.1224
2021-07-04 21:56:20,476 - mmseg - INFO - Iter [2700/4000]	lr: 3.703e-03, eta: 0:17:19, time: 0.632, data_time: 0.007, memory: 18984, decode.loss_seg: 2.9445, decode.acc_seg: 5.2678, aux.loss_seg: 1.1779, aux.acc_seg: 5.2623, loss: 4.1224
2021-07-04 21:56:52,244 - mmseg - INFO - Iter [2750/4000]	lr: 3.578e-03, eta: 0:16:35, time: 0.635, data_time: 0.007, memory: 18984, decode.loss_seg: 2.9445, decode.acc_seg: 5.2655, aux.loss_seg: 1.1779, aux.acc_seg: 5.2668, loss: 4.1224
2021-07-04 21:57:23,908 - mmseg - INFO - Iter [2800/4000]	lr: 3.453e-03, eta: 0:15:52, time: 0.633, data_time: 0.007, memory: 18984, decode.loss_seg: 2.9445, decode.acc_seg: 5.2629, aux.loss_seg: 1.1779, aux.acc_seg: 5.2681, loss: 4.1224
2021-07-04 21:57:55,520 - mmseg - INFO - Iter [2850/4000]	lr: 3.327e-03, eta: 0:15:09, time: 0.632, data_time: 0.007, memory: 18984, decode.loss_seg: 2.9445, decode.acc_seg: 5.2663, aux.loss_seg: 1.1779, aux.acc_seg: 5.2673, loss: 4.1224
2021-07-04 21:58:28,046 - mmseg - INFO - Iter [2900/4000]	lr: 3.200e-03, eta: 0:14:27, time: 0.650, data_time: 0.012, memory: 18984, decode.loss_seg: 2.9445, decode.acc_seg: 5.2654, aux.loss_seg: 1.1779, aux.acc_seg: 5.2638, loss: 4.1224
2021-07-04 21:59:00,455 - mmseg - INFO - Iter [2950/4000]	lr: 3.073e-03, eta: 0:13:45, time: 0.649, data_time: 0.009, memory: 18984, decode.loss_seg: 2.9445, decode.acc_seg: 5.2677, aux.loss_seg: 1.1779, aux.acc_seg: 5.2677, loss: 4.1224
2021-07-04 21:59:32,140 - mmseg - INFO - Exp name: deeplabv3_r50-d8_512x1024_4k_dummy_cityscapes.py
2021-07-04 21:59:32,142 - mmseg - INFO - Iter [3000/4000]	lr: 2.946e-03, eta: 0:13:03, time: 0.634, data_time: 0.009, memory: 18984, decode.loss_seg: 2.9445, decode.acc_seg: 5.2712, aux.loss_seg: 1.1779, aux.acc_seg: 5.2619, loss: 4.1224
2021-07-04 22:00:03,709 - mmseg - INFO - Iter [3050/4000]	lr: 2.817e-03, eta: 0:12:22, time: 0.631, data_time: 0.007, memory: 18984, decode.loss_seg: 2.9445, decode.acc_seg: 5.2714, aux.loss_seg: 1.1779, aux.acc_seg: 5.2628, loss: 4.1224
2021-07-04 22:00:35,316 - mmseg - INFO - Iter [3100/4000]	lr: 2.688e-03, eta: 0:11:40, time: 0.632, data_time: 0.007, memory: 18984, decode.loss_seg: 2.9445, decode.acc_seg: 5.2643, aux.loss_seg: 1.1779, aux.acc_seg: 5.2671, loss: 4.1224
2021-07-04 22:01:13,635 - mmseg - INFO - Iter [3150/4000]	lr: 2.559e-03, eta: 0:11:01, time: 0.764, data_time: 0.034, memory: 18984, decode.loss_seg: 2.9445, decode.acc_seg: 5.2610, aux.loss_seg: 1.1779, aux.acc_seg: 5.2635, loss: 4.1224
2021-07-04 22:01:45,373 - mmseg - INFO - Iter [3200/4000]	lr: 2.428e-03, eta: 0:10:21, time: 0.637, data_time: 0.012, memory: 18984, decode.loss_seg: 2.9445, decode.acc_seg: 5.2657, aux.loss_seg: 1.1779, aux.acc_seg: 5.2599, loss: 4.1224
2021-07-04 22:02:17,126 - mmseg - INFO - Iter [3250/4000]	lr: 2.297e-03, eta: 0:09:40, time: 0.635, data_time: 0.007, memory: 18984, decode.loss_seg: 2.9445, decode.acc_seg: 5.2656, aux.loss_seg: 1.1779, aux.acc_seg: 5.2589, loss: 4.1224
2021-07-04 22:02:48,939 - mmseg - INFO - Iter [3300/4000]	lr: 2.165e-03, eta: 0:09:00, time: 0.636, data_time: 0.007, memory: 18984, decode.loss_seg: 2.9445, decode.acc_seg: 5.2704, aux.loss_seg: 1.1779, aux.acc_seg: 5.2610, loss: 4.1224
2021-07-04 22:03:20,812 - mmseg - INFO - Iter [3350/4000]	lr: 2.032e-03, eta: 0:08:20, time: 0.637, data_time: 0.007, memory: 18984, decode.loss_seg: 2.9445, decode.acc_seg: 5.2674, aux.loss_seg: 1.1779, aux.acc_seg: 5.2671, loss: 4.1224
2021-07-04 22:03:52,578 - mmseg - INFO - Iter [3400/4000]	lr: 1.898e-03, eta: 0:07:40, time: 0.635, data_time: 0.007, memory: 18984, decode.loss_seg: 2.9445, decode.acc_seg: 5.2697, aux.loss_seg: 1.1779, aux.acc_seg: 5.2628, loss: 4.1224
2021-07-04 22:04:24,273 - mmseg - INFO - Iter [3450/4000]	lr: 1.763e-03, eta: 0:07:01, time: 0.634, data_time: 0.007, memory: 18984, decode.loss_seg: 2.9445, decode.acc_seg: 5.2689, aux.loss_seg: 1.1779, aux.acc_seg: 5.2662, loss: 4.1224
2021-07-04 22:04:55,906 - mmseg - INFO - Iter [3500/4000]	lr: 1.626e-03, eta: 0:06:22, time: 0.633, data_time: 0.007, memory: 18984, decode.loss_seg: 2.9445, decode.acc_seg: 5.2669, aux.loss_seg: 1.1779, aux.acc_seg: 5.2574, loss: 4.1224
2021-07-04 22:05:27,523 - mmseg - INFO - Iter [3550/4000]	lr: 1.488e-03, eta: 0:05:43, time: 0.632, data_time: 0.007, memory: 18984, decode.loss_seg: 2.9445, decode.acc_seg: 5.2689, aux.loss_seg: 1.1779, aux.acc_seg: 5.2643, loss: 4.1224
2021-07-04 22:05:59,206 - mmseg - INFO - Iter [3600/4000]	lr: 1.349e-03, eta: 0:05:04, time: 0.634, data_time: 0.007, memory: 18984, decode.loss_seg: 2.9445, decode.acc_seg: 5.2640, aux.loss_seg: 1.1779, aux.acc_seg: 5.2654, loss: 4.1224
2021-07-04 22:06:30,822 - mmseg - INFO - Iter [3650/4000]	lr: 1.208e-03, eta: 0:04:25, time: 0.632, data_time: 0.007, memory: 18984, decode.loss_seg: 2.9445, decode.acc_seg: 5.2704, aux.loss_seg: 1.1779, aux.acc_seg: 5.2598, loss: 4.1224
2021-07-04 22:07:02,442 - mmseg - INFO - Iter [3700/4000]	lr: 1.065e-03, eta: 0:03:47, time: 0.632, data_time: 0.007, memory: 18984, decode.loss_seg: 2.9445, decode.acc_seg: 5.2708, aux.loss_seg: 1.1779, aux.acc_seg: 5.2608, loss: 4.1224
2021-07-04 22:07:34,043 - mmseg - INFO - Iter [3750/4000]	lr: 9.194e-04, eta: 0:03:08, time: 0.632, data_time: 0.007, memory: 18984, decode.loss_seg: 2.9445, decode.acc_seg: 5.2687, aux.loss_seg: 1.1779, aux.acc_seg: 5.2649, loss: 4.1224
2021-07-04 22:08:17,366 - mmseg - INFO - Iter [3800/4000]	lr: 7.709e-04, eta: 0:02:31, time: 0.866, data_time: 0.023, memory: 18984, decode.loss_seg: 2.9445, decode.acc_seg: 5.2695, aux.loss_seg: 1.1779, aux.acc_seg: 5.2652, loss: 4.1224
2021-07-04 22:08:53,199 - mmseg - INFO - Iter [3850/4000]	lr: 6.186e-04, eta: 0:01:53, time: 0.717, data_time: 0.029, memory: 18984, decode.loss_seg: 2.9445, decode.acc_seg: 5.2649, aux.loss_seg: 1.1779, aux.acc_seg: 5.2614, loss: 4.1224
2021-07-04 22:09:35,380 - mmseg - INFO - Iter [3900/4000]	lr: 4.611e-04, eta: 0:01:15, time: 0.844, data_time: 0.046, memory: 18984, decode.loss_seg: 2.9445, decode.acc_seg: 5.2700, aux.loss_seg: 1.1779, aux.acc_seg: 5.2587, loss: 4.1224
2021-07-04 22:10:18,246 - mmseg - INFO - Iter [3950/4000]	lr: 2.953e-04, eta: 0:00:37, time: 0.857, data_time: 0.030, memory: 18984, decode.loss_seg: 2.9445, decode.acc_seg: 5.2641, aux.loss_seg: 1.1779, aux.acc_seg: 5.2618, loss: 4.1224
2021-07-04 22:10:53,082 - mmseg - INFO - Saving checkpoint at 4000 iterations
2021-07-04 22:14:13,413 - mmseg - INFO - per class results:
2021-07-04 22:14:13,434 - mmseg - INFO -
+---------------+------+-------+
|     Class     | IoU  |  Acc  |
+---------------+------+-------+
|      road     | 2.11 |  3.4  |
|    sidewalk   | 4.38 | 20.65 |
|    building   | 0.83 |  0.98 |
|      wall     | 0.75 |  0.87 |
|     fence     | 0.41 |  0.44 |
|      pole     | 1.47 |  1.99 |
| traffic light | 0.3  |  0.32 |
|  traffic sign | 0.43 |  0.46 |
|   vegetation  | 0.74 |  0.85 |
|    terrain    | 4.96 | 45.79 |
|      sky      | 2.29 |  3.89 |
|     person    | 3.33 |  8.35 |
|     rider     | 2.89 |  6.0  |
|      car      | 0.7  |  0.8  |
|     truck     | 0.44 |  0.48 |
|      bus      | 0.13 |  0.13 |
|     train     | 2.13 |  3.44 |
|   motorcycle  | 0.72 |  0.83 |
|    bicycle    | 0.36 |  0.39 |
+---------------+------+-------+
2021-07-04 22:14:13,434 - mmseg - INFO - Summary:
2021-07-04 22:14:13,434 - mmseg - INFO -
+------+------+------+
| aAcc | mIoU | mAcc |
+------+------+------+
| 5.26 | 1.55 | 5.27 |
+------+------+------+
2021-07-04 22:14:13,839 - mmseg - INFO - Exp name: deeplabv3_r50-d8_512x1024_4k_dummy_cityscapes.py
2021-07-04 22:14:13,840 - mmseg - INFO - Iter [500/4000]	lr: 1.057e-04, eta: 0:00:00, time: 0.719, data_time: 0.026, memory: 18984, aAcc: 0.0526, mIoU: 0.0155, mAcc: 0.0527, IoU.road: 0.0211, IoU.sidewalk: 0.0438, IoU.building: 0.0083, IoU.wall: 0.0075, IoU.fence: 0.0041, IoU.pole: 0.0147, IoU.traffic light: 0.0030, IoU.traffic sign: 0.0043, IoU.vegetation: 0.0074, IoU.terrain: 0.0496, IoU.sky: 0.0229, IoU.person: 0.0333, IoU.rider: 0.0289, IoU.car: 0.0070, IoU.truck: 0.0044, IoU.bus: 0.0013, IoU.train: 0.0213, IoU.motorcycle: 0.0072, IoU.bicycle: 0.0036, Acc.road: 0.0340, Acc.sidewalk: 0.2065, Acc.building: 0.0098, Acc.wall: 0.0087, Acc.fence: 0.0044, Acc.pole: 0.0199, Acc.traffic light: 0.0032, Acc.traffic sign: 0.0046, Acc.vegetation: 0.0085, Acc.terrain: 0.4579, Acc.sky: 0.0389, Acc.person: 0.0835, Acc.rider: 0.0600, Acc.car: 0.0080, Acc.truck: 0.0048, Acc.bus: 0.0013, Acc.train: 0.0344, Acc.motorcycle: 0.0083, Acc.bicycle: 0.0039, decode.loss_seg: 2.9445, decode.acc_seg: 5.2687, aux.loss_seg: 1.1779, aux.acc_seg: 5.2635, loss: 4.1224
