2021-07-04 21:15:23,560 - mmseg - INFO - Environment info:
------------------------------------------------------------
sys.platform: linux
Python: 3.7.10 (default, Feb 26 2021, 18:47:35) [GCC 7.3.0]
CUDA available: True
GPU 0,1,2,3,4,5,6,7: Tesla V100-SXM2-32GB
CUDA_HOME: /mnt/cache/share/polaris/dep/cuda-10.1-cudnn7.6.5
NVCC: Cuda compilation tools, release 10.1, V10.1.243
GCC: gcc (GCC) 5.4.0
PyTorch: 1.8.0
PyTorch compiling details: PyTorch built with:
  - GCC 7.3
  - C++ Version: 201402
  - Intel(R) Math Kernel Library Version 2020.0.2 Product Build 20200624 for Intel(R) 64 architecture applications
  - Intel(R) MKL-DNN v1.7.0 (Git Hash 7aed236906b1f7a05c0917e5257a1af05e9ff683)
  - OpenMP 201511 (a.k.a. OpenMP 4.5)
  - NNPACK is enabled
  - CPU capability usage: AVX2
  - CUDA Runtime 10.1
  - NVCC architecture flags: -gencode;arch=compute_37,code=sm_37;-gencode;arch=compute_50,code=sm_50;-gencode;arch=compute_60,code=sm_60;-gencode;arch=compute_61,code=sm_61;-gencode;arch=compute_70,code=sm_70;-gencode;arch=compute_75,code=sm_75;-gencode;arch=compute_37,code=compute_37
  - CuDNN 7.6.3
  - Magma 2.5.2
  - Build settings: BLAS_INFO=mkl, BUILD_TYPE=Release, CUDA_VERSION=10.1, CUDNN_VERSION=7.6.3, CXX_COMPILER=/opt/rh/devtoolset-7/root/usr/bin/c++, CXX_FLAGS= -Wno-deprecated -fvisibility-inlines-hidden -DUSE_PTHREADPOOL -fopenmp -DNDEBUG -DUSE_KINETO -DUSE_FBGEMM -DUSE_QNNPACK -DUSE_PYTORCH_QNNPACK -DUSE_XNNPACK -O2 -fPIC -Wno-narrowing -Wall -Wextra -Werror=return-type -Wno-missing-field-initializers -Wno-type-limits -Wno-array-bounds -Wno-unknown-pragmas -Wno-sign-compare -Wno-unused-parameter -Wno-unused-variable -Wno-unused-function -Wno-unused-result -Wno-unused-local-typedefs -Wno-strict-overflow -Wno-strict-aliasing -Wno-error=deprecated-declarations -Wno-stringop-overflow -Wno-psabi -Wno-error=pedantic -Wno-error=redundant-decls -Wno-error=old-style-cast -fdiagnostics-color=always -faligned-new -Wno-unused-but-set-variable -Wno-maybe-uninitialized -fno-math-errno -fno-trapping-math -Werror=format -Wno-stringop-overflow, LAPACK_INFO=mkl, PERF_WITH_AVX=1, PERF_WITH_AVX2=1, PERF_WITH_AVX512=1, TORCH_VERSION=1.8.0, USE_CUDA=ON, USE_CUDNN=ON, USE_EXCEPTION_PTR=1, USE_GFLAGS=OFF, USE_GLOG=OFF, USE_MKL=ON, USE_MKLDNN=ON, USE_MPI=OFF, USE_NCCL=ON, USE_NNPACK=ON, USE_OPENMP=ON,

TorchVision: 0.9.0
OpenCV: 4.5.1
MMCV: 1.3.8
MMCV Compiler: GCC 7.3
MMCV CUDA Compiler: 10.1
MMSegmentation: 0.14.1+9988853
------------------------------------------------------------

2021-07-04 21:15:23,566 - mmseg - INFO - Distributed training: True
2021-07-04 21:15:23,841 - mmseg - INFO - Config:
norm_cfg = dict(type='SyncBN', requires_grad=True)
model = dict(
    type='EncoderDecoder',
    pretrained='open-mmlab://resnet50_v1c',
    backbone=dict(
        type='ResNetV1c',
        depth=50,
        num_stages=4,
        out_indices=(0, 1, 2, 3),
        dilations=(1, 1, 2, 4),
        strides=(1, 2, 1, 1),
        norm_cfg=dict(type='SyncBN', requires_grad=True),
        norm_eval=False,
        style='pytorch',
        contract_dilation=True),
    decode_head=dict(
        type='FCNHead',
        in_channels=2048,
        in_index=3,
        channels=512,
        num_convs=2,
        concat_input=True,
        dropout_ratio=0.1,
        num_classes=19,
        norm_cfg=dict(type='SyncBN', requires_grad=True),
        align_corners=False,
        loss_decode=dict(
            type='CrossEntropyLoss', use_sigmoid=False, loss_weight=1.0)),
    auxiliary_head=dict(
        type='FCNHead',
        in_channels=1024,
        in_index=2,
        channels=256,
        num_convs=1,
        concat_input=False,
        dropout_ratio=0.1,
        num_classes=19,
        norm_cfg=dict(type='SyncBN', requires_grad=True),
        align_corners=False,
        loss_decode=dict(
            type='CrossEntropyLoss', use_sigmoid=False, loss_weight=0.4)),
    train_cfg=dict(),
    test_cfg=dict(mode='whole'))
dataset_type = 'DummyCityscapes'
img_norm_cfg = dict(
    mean=[123.675, 116.28, 103.53], std=[58.395, 57.12, 57.375], to_rgb=True)
crop_size = (512, 1024)
train_pipeline = [
    dict(type='Resize', img_scale=(2048, 1024), ratio_range=(0.5, 2.0)),
    dict(type='RandomCrop', crop_size=(512, 1024), cat_max_ratio=0.75),
    dict(type='RandomFlip', prob=0.5),
    dict(type='PhotoMetricDistortion'),
    dict(
        type='Normalize',
        mean=[123.675, 116.28, 103.53],
        std=[58.395, 57.12, 57.375],
        to_rgb=True),
    dict(type='DefaultFormatBundle'),
    dict(type='Collect', keys=['img', 'gt_semantic_seg'])
]
test_pipeline = [
    dict(
        type='MultiScaleFlipAug',
        img_scale=(2048, 1024),
        flip=False,
        transforms=[
            dict(type='Resize', keep_ratio=True),
            dict(type='RandomFlip'),
            dict(
                type='Normalize',
                mean=[123.675, 116.28, 103.53],
                std=[58.395, 57.12, 57.375],
                to_rgb=True),
            dict(type='ImageToTensor', keys=['img']),
            dict(type='Collect', keys=['img'])
        ])
]
data = dict(
    samples_per_gpu=2,
    workers_per_gpu=2,
    train=dict(
        type='DummyCityscapes',
        pipeline=[
            dict(
                type='Resize', img_scale=(2048, 1024), ratio_range=(0.5, 2.0)),
            dict(type='RandomCrop', crop_size=(512, 1024), cat_max_ratio=0.75),
            dict(type='RandomFlip', prob=0.5),
            dict(type='PhotoMetricDistortion'),
            dict(
                type='Normalize',
                mean=[123.675, 116.28, 103.53],
                std=[58.395, 57.12, 57.375],
                to_rgb=True),
            dict(type='DefaultFormatBundle'),
            dict(type='Collect', keys=['img', 'gt_semantic_seg'])
        ]),
    val=dict(
        type='DummyCityscapes',
        pipeline=[
            dict(
                type='MultiScaleFlipAug',
                img_scale=(2048, 1024),
                flip=False,
                transforms=[
                    dict(type='Resize', keep_ratio=True),
                    dict(type='RandomFlip'),
                    dict(
                        type='Normalize',
                        mean=[123.675, 116.28, 103.53],
                        std=[58.395, 57.12, 57.375],
                        to_rgb=True),
                    dict(type='ImageToTensor', keys=['img']),
                    dict(type='Collect', keys=['img'])
                ])
        ]),
    test=dict(
        type='DummyCityscapes',
        pipeline=[
            dict(
                type='MultiScaleFlipAug',
                img_scale=(2048, 1024),
                flip=False,
                transforms=[
                    dict(type='Resize', keep_ratio=True),
                    dict(type='RandomFlip'),
                    dict(
                        type='Normalize',
                        mean=[123.675, 116.28, 103.53],
                        std=[58.395, 57.12, 57.375],
                        to_rgb=True),
                    dict(type='ImageToTensor', keys=['img']),
                    dict(type='Collect', keys=['img'])
                ])
        ]))
log_config = dict(
    interval=50, hooks=[dict(type='TextLoggerHook', by_epoch=False)])
dist_params = dict(backend='nccl')
log_level = 'INFO'
load_from = None
resume_from = None
workflow = [('train', 1)]
cudnn_benchmark = True
optimizer = dict(type='SGD', lr=0.01, momentum=0.9, weight_decay=0.0005)
optimizer_config = dict()
lr_config = dict(policy='poly', power=0.9, min_lr=0.0001, by_epoch=False)
runner = dict(type='IterBasedRunner', max_iters=4000)
checkpoint_config = dict(by_epoch=False, interval=2000)
evaluation = dict(interval=2000, metric='mIoU')
work_dir = './work_dirs/fcn_r50-d8_512x1024_4k_dummy_cityscapes'
gpu_ids = range(0, 1)

2021-07-04 21:15:30,324 - mmseg - INFO - EncoderDecoder(
  (backbone): ResNetV1c(
    (stem): Sequential(
      (0): Conv2d(3, 32, kernel_size=(3, 3), stride=(2, 2), padding=(1, 1), bias=False)
      (1): SyncBatchNorm(32, eps=1e-05, momentum=0.1, affine=True, track_running_stats=True)
      (2): ReLU(inplace=True)
      (3): Conv2d(32, 32, kernel_size=(3, 3), stride=(1, 1), padding=(1, 1), bias=False)
      (4): SyncBatchNorm(32, eps=1e-05, momentum=0.1, affine=True, track_running_stats=True)
      (5): ReLU(inplace=True)
      (6): Conv2d(32, 64, kernel_size=(3, 3), stride=(1, 1), padding=(1, 1), bias=False)
      (7): SyncBatchNorm(64, eps=1e-05, momentum=0.1, affine=True, track_running_stats=True)
      (8): ReLU(inplace=True)
    )
    (maxpool): MaxPool2d(kernel_size=3, stride=2, padding=1, dilation=1, ceil_mode=False)
    (layer1): ResLayer(
      (0): Bottleneck(
        (conv1): Conv2d(64, 64, kernel_size=(1, 1), stride=(1, 1), bias=False)
        (bn1): SyncBatchNorm(64, eps=1e-05, momentum=0.1, affine=True, track_running_stats=True)
        (conv2): Conv2d(64, 64, kernel_size=(3, 3), stride=(1, 1), padding=(1, 1), bias=False)
        (bn2): SyncBatchNorm(64, eps=1e-05, momentum=0.1, affine=True, track_running_stats=True)
        (conv3): Conv2d(64, 256, kernel_size=(1, 1), stride=(1, 1), bias=False)
        (bn3): SyncBatchNorm(256, eps=1e-05, momentum=0.1, affine=True, track_running_stats=True)
        (relu): ReLU(inplace=True)
        (downsample): Sequential(
          (0): Conv2d(64, 256, kernel_size=(1, 1), stride=(1, 1), bias=False)
          (1): SyncBatchNorm(256, eps=1e-05, momentum=0.1, affine=True, track_running_stats=True)
        )
      )
      (1): Bottleneck(
        (conv1): Conv2d(256, 64, kernel_size=(1, 1), stride=(1, 1), bias=False)
        (bn1): SyncBatchNorm(64, eps=1e-05, momentum=0.1, affine=True, track_running_stats=True)
        (conv2): Conv2d(64, 64, kernel_size=(3, 3), stride=(1, 1), padding=(1, 1), bias=False)
        (bn2): SyncBatchNorm(64, eps=1e-05, momentum=0.1, affine=True, track_running_stats=True)
        (conv3): Conv2d(64, 256, kernel_size=(1, 1), stride=(1, 1), bias=False)
        (bn3): SyncBatchNorm(256, eps=1e-05, momentum=0.1, affine=True, track_running_stats=True)
        (relu): ReLU(inplace=True)
      )
      (2): Bottleneck(
        (conv1): Conv2d(256, 64, kernel_size=(1, 1), stride=(1, 1), bias=False)
        (bn1): SyncBatchNorm(64, eps=1e-05, momentum=0.1, affine=True, track_running_stats=True)
        (conv2): Conv2d(64, 64, kernel_size=(3, 3), stride=(1, 1), padding=(1, 1), bias=False)
        (bn2): SyncBatchNorm(64, eps=1e-05, momentum=0.1, affine=True, track_running_stats=True)
        (conv3): Conv2d(64, 256, kernel_size=(1, 1), stride=(1, 1), bias=False)
        (bn3): SyncBatchNorm(256, eps=1e-05, momentum=0.1, affine=True, track_running_stats=True)
        (relu): ReLU(inplace=True)
      )
    )
    (layer2): ResLayer(
      (0): Bottleneck(
        (conv1): Conv2d(256, 128, kernel_size=(1, 1), stride=(1, 1), bias=False)
        (bn1): SyncBatchNorm(128, eps=1e-05, momentum=0.1, affine=True, track_running_stats=True)
        (conv2): Conv2d(128, 128, kernel_size=(3, 3), stride=(2, 2), padding=(1, 1), bias=False)
        (bn2): SyncBatchNorm(128, eps=1e-05, momentum=0.1, affine=True, track_running_stats=True)
        (conv3): Conv2d(128, 512, kernel_size=(1, 1), stride=(1, 1), bias=False)
        (bn3): SyncBatchNorm(512, eps=1e-05, momentum=0.1, affine=True, track_running_stats=True)
        (relu): ReLU(inplace=True)
        (downsample): Sequential(
          (0): Conv2d(256, 512, kernel_size=(1, 1), stride=(2, 2), bias=False)
          (1): SyncBatchNorm(512, eps=1e-05, momentum=0.1, affine=True, track_running_stats=True)
        )
      )
      (1): Bottleneck(
        (conv1): Conv2d(512, 128, kernel_size=(1, 1), stride=(1, 1), bias=False)
        (bn1): SyncBatchNorm(128, eps=1e-05, momentum=0.1, affine=True, track_running_stats=True)
        (conv2): Conv2d(128, 128, kernel_size=(3, 3), stride=(1, 1), padding=(1, 1), bias=False)
        (bn2): SyncBatchNorm(128, eps=1e-05, momentum=0.1, affine=True, track_running_stats=True)
        (conv3): Conv2d(128, 512, kernel_size=(1, 1), stride=(1, 1), bias=False)
        (bn3): SyncBatchNorm(512, eps=1e-05, momentum=0.1, affine=True, track_running_stats=True)
        (relu): ReLU(inplace=True)
      )
      (2): Bottleneck(
        (conv1): Conv2d(512, 128, kernel_size=(1, 1), stride=(1, 1), bias=False)
        (bn1): SyncBatchNorm(128, eps=1e-05, momentum=0.1, affine=True, track_running_stats=True)
        (conv2): Conv2d(128, 128, kernel_size=(3, 3), stride=(1, 1), padding=(1, 1), bias=False)
        (bn2): SyncBatchNorm(128, eps=1e-05, momentum=0.1, affine=True, track_running_stats=True)
        (conv3): Conv2d(128, 512, kernel_size=(1, 1), stride=(1, 1), bias=False)
        (bn3): SyncBatchNorm(512, eps=1e-05, momentum=0.1, affine=True, track_running_stats=True)
        (relu): ReLU(inplace=True)
      )
      (3): Bottleneck(
        (conv1): Conv2d(512, 128, kernel_size=(1, 1), stride=(1, 1), bias=False)
        (bn1): SyncBatchNorm(128, eps=1e-05, momentum=0.1, affine=True, track_running_stats=True)
        (conv2): Conv2d(128, 128, kernel_size=(3, 3), stride=(1, 1), padding=(1, 1), bias=False)
        (bn2): SyncBatchNorm(128, eps=1e-05, momentum=0.1, affine=True, track_running_stats=True)
        (conv3): Conv2d(128, 512, kernel_size=(1, 1), stride=(1, 1), bias=False)
        (bn3): SyncBatchNorm(512, eps=1e-05, momentum=0.1, affine=True, track_running_stats=True)
        (relu): ReLU(inplace=True)
      )
    )
    (layer3): ResLayer(
      (0): Bottleneck(
        (conv1): Conv2d(512, 256, kernel_size=(1, 1), stride=(1, 1), bias=False)
        (bn1): SyncBatchNorm(256, eps=1e-05, momentum=0.1, affine=True, track_running_stats=True)
        (conv2): Conv2d(256, 256, kernel_size=(3, 3), stride=(1, 1), padding=(1, 1), bias=False)
        (bn2): SyncBatchNorm(256, eps=1e-05, momentum=0.1, affine=True, track_running_stats=True)
        (conv3): Conv2d(256, 1024, kernel_size=(1, 1), stride=(1, 1), bias=False)
        (bn3): SyncBatchNorm(1024, eps=1e-05, momentum=0.1, affine=True, track_running_stats=True)
        (relu): ReLU(inplace=True)
        (downsample): Sequential(
          (0): Conv2d(512, 1024, kernel_size=(1, 1), stride=(1, 1), bias=False)
          (1): SyncBatchNorm(1024, eps=1e-05, momentum=0.1, affine=True, track_running_stats=True)
        )
      )
      (1): Bottleneck(
        (conv1): Conv2d(1024, 256, kernel_size=(1, 1), stride=(1, 1), bias=False)
        (bn1): SyncBatchNorm(256, eps=1e-05, momentum=0.1, affine=True, track_running_stats=True)
        (conv2): Conv2d(256, 256, kernel_size=(3, 3), stride=(1, 1), padding=(2, 2), dilation=(2, 2), bias=False)
        (bn2): SyncBatchNorm(256, eps=1e-05, momentum=0.1, affine=True, track_running_stats=True)
        (conv3): Conv2d(256, 1024, kernel_size=(1, 1), stride=(1, 1), bias=False)
        (bn3): SyncBatchNorm(1024, eps=1e-05, momentum=0.1, affine=True, track_running_stats=True)
        (relu): ReLU(inplace=True)
      )
      (2): Bottleneck(
        (conv1): Conv2d(1024, 256, kernel_size=(1, 1), stride=(1, 1), bias=False)
        (bn1): SyncBatchNorm(256, eps=1e-05, momentum=0.1, affine=True, track_running_stats=True)
        (conv2): Conv2d(256, 256, kernel_size=(3, 3), stride=(1, 1), padding=(2, 2), dilation=(2, 2), bias=False)
        (bn2): SyncBatchNorm(256, eps=1e-05, momentum=0.1, affine=True, track_running_stats=True)
        (conv3): Conv2d(256, 1024, kernel_size=(1, 1), stride=(1, 1), bias=False)
        (bn3): SyncBatchNorm(1024, eps=1e-05, momentum=0.1, affine=True, track_running_stats=True)
        (relu): ReLU(inplace=True)
      )
      (3): Bottleneck(
        (conv1): Conv2d(1024, 256, kernel_size=(1, 1), stride=(1, 1), bias=False)
        (bn1): SyncBatchNorm(256, eps=1e-05, momentum=0.1, affine=True, track_running_stats=True)
        (conv2): Conv2d(256, 256, kernel_size=(3, 3), stride=(1, 1), padding=(2, 2), dilation=(2, 2), bias=False)
        (bn2): SyncBatchNorm(256, eps=1e-05, momentum=0.1, affine=True, track_running_stats=True)
        (conv3): Conv2d(256, 1024, kernel_size=(1, 1), stride=(1, 1), bias=False)
        (bn3): SyncBatchNorm(1024, eps=1e-05, momentum=0.1, affine=True, track_running_stats=True)
        (relu): ReLU(inplace=True)
      )
      (4): Bottleneck(
        (conv1): Conv2d(1024, 256, kernel_size=(1, 1), stride=(1, 1), bias=False)
        (bn1): SyncBatchNorm(256, eps=1e-05, momentum=0.1, affine=True, track_running_stats=True)
        (conv2): Conv2d(256, 256, kernel_size=(3, 3), stride=(1, 1), padding=(2, 2), dilation=(2, 2), bias=False)
        (bn2): SyncBatchNorm(256, eps=1e-05, momentum=0.1, affine=True, track_running_stats=True)
        (conv3): Conv2d(256, 1024, kernel_size=(1, 1), stride=(1, 1), bias=False)
        (bn3): SyncBatchNorm(1024, eps=1e-05, momentum=0.1, affine=True, track_running_stats=True)
        (relu): ReLU(inplace=True)
      )
      (5): Bottleneck(
        (conv1): Conv2d(1024, 256, kernel_size=(1, 1), stride=(1, 1), bias=False)
        (bn1): SyncBatchNorm(256, eps=1e-05, momentum=0.1, affine=True, track_running_stats=True)
        (conv2): Conv2d(256, 256, kernel_size=(3, 3), stride=(1, 1), padding=(2, 2), dilation=(2, 2), bias=False)
        (bn2): SyncBatchNorm(256, eps=1e-05, momentum=0.1, affine=True, track_running_stats=True)
        (conv3): Conv2d(256, 1024, kernel_size=(1, 1), stride=(1, 1), bias=False)
        (bn3): SyncBatchNorm(1024, eps=1e-05, momentum=0.1, affine=True, track_running_stats=True)
        (relu): ReLU(inplace=True)
      )
    )
    (layer4): ResLayer(
      (0): Bottleneck(
        (conv1): Conv2d(1024, 512, kernel_size=(1, 1), stride=(1, 1), bias=False)
        (bn1): SyncBatchNorm(512, eps=1e-05, momentum=0.1, affine=True, track_running_stats=True)
        (conv2): Conv2d(512, 512, kernel_size=(3, 3), stride=(1, 1), padding=(2, 2), dilation=(2, 2), bias=False)
        (bn2): SyncBatchNorm(512, eps=1e-05, momentum=0.1, affine=True, track_running_stats=True)
        (conv3): Conv2d(512, 2048, kernel_size=(1, 1), stride=(1, 1), bias=False)
        (bn3): SyncBatchNorm(2048, eps=1e-05, momentum=0.1, affine=True, track_running_stats=True)
        (relu): ReLU(inplace=True)
        (downsample): Sequential(
          (0): Conv2d(1024, 2048, kernel_size=(1, 1), stride=(1, 1), bias=False)
          (1): SyncBatchNorm(2048, eps=1e-05, momentum=0.1, affine=True, track_running_stats=True)
        )
      )
      (1): Bottleneck(
        (conv1): Conv2d(2048, 512, kernel_size=(1, 1), stride=(1, 1), bias=False)
        (bn1): SyncBatchNorm(512, eps=1e-05, momentum=0.1, affine=True, track_running_stats=True)
        (conv2): Conv2d(512, 512, kernel_size=(3, 3), stride=(1, 1), padding=(4, 4), dilation=(4, 4), bias=False)
        (bn2): SyncBatchNorm(512, eps=1e-05, momentum=0.1, affine=True, track_running_stats=True)
        (conv3): Conv2d(512, 2048, kernel_size=(1, 1), stride=(1, 1), bias=False)
        (bn3): SyncBatchNorm(2048, eps=1e-05, momentum=0.1, affine=True, track_running_stats=True)
        (relu): ReLU(inplace=True)
      )
      (2): Bottleneck(
        (conv1): Conv2d(2048, 512, kernel_size=(1, 1), stride=(1, 1), bias=False)
        (bn1): SyncBatchNorm(512, eps=1e-05, momentum=0.1, affine=True, track_running_stats=True)
        (conv2): Conv2d(512, 512, kernel_size=(3, 3), stride=(1, 1), padding=(4, 4), dilation=(4, 4), bias=False)
        (bn2): SyncBatchNorm(512, eps=1e-05, momentum=0.1, affine=True, track_running_stats=True)
        (conv3): Conv2d(512, 2048, kernel_size=(1, 1), stride=(1, 1), bias=False)
        (bn3): SyncBatchNorm(2048, eps=1e-05, momentum=0.1, affine=True, track_running_stats=True)
        (relu): ReLU(inplace=True)
      )
    )
  )
  init_cfg={'type': 'Pretrained', 'checkpoint': 'open-mmlab://resnet50_v1c'}
  (decode_head): FCNHead(
    input_transform=None, ignore_index=255, align_corners=False
    (loss_decode): CrossEntropyLoss()
    (conv_seg): Conv2d(512, 19, kernel_size=(1, 1), stride=(1, 1))
    (dropout): Dropout2d(p=0.1, inplace=False)
    (convs): Sequential(
      (0): ConvModule(
        (conv): Conv2d(2048, 512, kernel_size=(3, 3), stride=(1, 1), padding=(1, 1), bias=False)
        (bn): SyncBatchNorm(512, eps=1e-05, momentum=0.1, affine=True, track_running_stats=True)
        (activate): ReLU(inplace=True)
      )
      (1): ConvModule(
        (conv): Conv2d(512, 512, kernel_size=(3, 3), stride=(1, 1), padding=(1, 1), bias=False)
        (bn): SyncBatchNorm(512, eps=1e-05, momentum=0.1, affine=True, track_running_stats=True)
        (activate): ReLU(inplace=True)
      )
    )
    (conv_cat): ConvModule(
      (conv): Conv2d(2560, 512, kernel_size=(3, 3), stride=(1, 1), padding=(1, 1), bias=False)
      (bn): SyncBatchNorm(512, eps=1e-05, momentum=0.1, affine=True, track_running_stats=True)
      (activate): ReLU(inplace=True)
    )
  )
  init_cfg={'type': 'Normal', 'std': 0.01, 'override': {'name': 'conv_seg'}}
  (auxiliary_head): FCNHead(
    input_transform=None, ignore_index=255, align_corners=False
    (loss_decode): CrossEntropyLoss()
    (conv_seg): Conv2d(256, 19, kernel_size=(1, 1), stride=(1, 1))
    (dropout): Dropout2d(p=0.1, inplace=False)
    (convs): Sequential(
      (0): ConvModule(
        (conv): Conv2d(1024, 256, kernel_size=(3, 3), stride=(1, 1), padding=(1, 1), bias=False)
        (bn): SyncBatchNorm(256, eps=1e-05, momentum=0.1, affine=True, track_running_stats=True)
        (activate): ReLU(inplace=True)
      )
    )
  )
  init_cfg={'type': 'Normal', 'std': 0.01, 'override': {'name': 'conv_seg'}}
)
2021-07-04 21:15:32,454 - mmseg - INFO - Start running, host: chengzesen@SH-IDC1-10-198-4-71, work_dir: /mnt/cache/chengzesen/workspace/mmsegmentation/work_dirs/fcn_r50-d8_512x1024_4k_dummy_cityscapes
2021-07-04 21:15:32,455 - mmseg - INFO - Hooks will be executed in the following order:
before_run:
(VERY_HIGH   ) PolyLrUpdaterHook
(NORMAL      ) CheckpointHook
(NORMAL      ) DistEvalHook
(VERY_LOW    ) TextLoggerHook
 --------------------
before_train_epoch:
(VERY_HIGH   ) PolyLrUpdaterHook
(NORMAL      ) IterTimerHook
(NORMAL      ) DistEvalHook
(VERY_LOW    ) TextLoggerHook
 --------------------
before_train_iter:
(VERY_HIGH   ) PolyLrUpdaterHook
(NORMAL      ) IterTimerHook
(NORMAL      ) DistEvalHook
 --------------------
after_train_iter:
(ABOVE_NORMAL) OptimizerHook
(NORMAL      ) CheckpointHook
(NORMAL      ) IterTimerHook
(NORMAL      ) DistEvalHook
(VERY_LOW    ) TextLoggerHook
 --------------------
after_train_epoch:
(NORMAL      ) CheckpointHook
(NORMAL      ) DistEvalHook
(VERY_LOW    ) TextLoggerHook
 --------------------
before_val_epoch:
(NORMAL      ) IterTimerHook
(VERY_LOW    ) TextLoggerHook
 --------------------
before_val_iter:
(NORMAL      ) IterTimerHook
 --------------------
after_val_iter:
(NORMAL      ) IterTimerHook
 --------------------
after_val_epoch:
(VERY_LOW    ) TextLoggerHook
 --------------------
2021-07-04 21:15:32,455 - mmseg - INFO - workflow: [('train', 1)], max: 4000 iters
2021-07-04 21:17:22,198 - mmseg - INFO - Iter [50/4000]	lr: 9.891e-03, eta: 0:55:46, time: 0.847, data_time: 0.028, memory: 18774, decode.loss_seg: 2.9504, decode.acc_seg: 5.2635, aux.loss_seg: 1.1792, aux.acc_seg: 5.2621, loss: 4.1297
2021-07-04 21:17:45,167 - mmseg - INFO - Iter [100/4000]	lr: 9.779e-03, eta: 0:42:27, time: 0.459, data_time: 0.014, memory: 18774, decode.loss_seg: 2.9489, decode.acc_seg: 5.2630, aux.loss_seg: 1.1789, aux.acc_seg: 5.2621, loss: 4.1278
2021-07-04 21:18:08,293 - mmseg - INFO - Iter [150/4000]	lr: 9.667e-03, eta: 0:37:50, time: 0.463, data_time: 0.016, memory: 18774, decode.loss_seg: 2.9483, decode.acc_seg: 5.2639, aux.loss_seg: 1.1788, aux.acc_seg: 5.2639, loss: 4.1271
2021-07-04 21:18:31,434 - mmseg - INFO - Iter [200/4000]	lr: 9.556e-03, eta: 0:35:20, time: 0.463, data_time: 0.018, memory: 18774, decode.loss_seg: 2.9477, decode.acc_seg: 5.2649, aux.loss_seg: 1.1787, aux.acc_seg: 5.2606, loss: 4.1264
2021-07-04 21:18:54,862 - mmseg - INFO - Iter [250/4000]	lr: 9.444e-03, eta: 0:33:45, time: 0.469, data_time: 0.016, memory: 18774, decode.loss_seg: 2.9473, decode.acc_seg: 5.2638, aux.loss_seg: 1.1787, aux.acc_seg: 5.2641, loss: 4.1259
2021-07-04 21:19:18,021 - mmseg - INFO - Iter [300/4000]	lr: 9.331e-03, eta: 0:32:30, time: 0.463, data_time: 0.015, memory: 18774, decode.loss_seg: 2.9469, decode.acc_seg: 5.2616, aux.loss_seg: 1.1786, aux.acc_seg: 5.2636, loss: 4.1255
2021-07-04 21:19:41,312 - mmseg - INFO - Iter [350/4000]	lr: 9.219e-03, eta: 0:31:32, time: 0.466, data_time: 0.014, memory: 18774, decode.loss_seg: 2.9466, decode.acc_seg: 5.2626, aux.loss_seg: 1.1785, aux.acc_seg: 5.2634, loss: 4.1252
2021-07-04 21:20:04,508 - mmseg - INFO - Iter [400/4000]	lr: 9.107e-03, eta: 0:30:42, time: 0.464, data_time: 0.021, memory: 18774, decode.loss_seg: 2.9463, decode.acc_seg: 5.2639, aux.loss_seg: 1.1785, aux.acc_seg: 5.2620, loss: 4.1248
2021-07-04 21:20:27,472 - mmseg - INFO - Iter [450/4000]	lr: 8.994e-03, eta: 0:29:55, time: 0.459, data_time: 0.015, memory: 18774, decode.loss_seg: 2.9461, decode.acc_seg: 5.2612, aux.loss_seg: 1.1784, aux.acc_seg: 5.2630, loss: 4.1246
2021-07-04 21:20:50,553 - mmseg - INFO - Iter [500/4000]	lr: 8.881e-03, eta: 0:29:14, time: 0.462, data_time: 0.014, memory: 18774, decode.loss_seg: 2.9459, decode.acc_seg: 5.2635, aux.loss_seg: 1.1784, aux.acc_seg: 5.2662, loss: 4.1243
2021-07-04 21:21:14,011 - mmseg - INFO - Iter [550/4000]	lr: 8.768e-03, eta: 0:28:39, time: 0.469, data_time: 0.014, memory: 18774, decode.loss_seg: 2.9457, decode.acc_seg: 5.2644, aux.loss_seg: 1.1783, aux.acc_seg: 5.2643, loss: 4.1241
2021-07-04 21:21:37,239 - mmseg - INFO - Iter [600/4000]	lr: 8.655e-03, eta: 0:28:05, time: 0.465, data_time: 0.018, memory: 18774, decode.loss_seg: 2.9455, decode.acc_seg: 5.2649, aux.loss_seg: 1.1783, aux.acc_seg: 5.2618, loss: 4.1238
2021-07-04 21:22:00,582 - mmseg - INFO - Iter [650/4000]	lr: 8.542e-03, eta: 0:27:33, time: 0.467, data_time: 0.014, memory: 18774, decode.loss_seg: 2.9453, decode.acc_seg: 5.2629, aux.loss_seg: 1.1783, aux.acc_seg: 5.2613, loss: 4.1236
2021-07-04 21:22:23,789 - mmseg - INFO - Iter [700/4000]	lr: 8.428e-03, eta: 0:27:01, time: 0.464, data_time: 0.014, memory: 18774, decode.loss_seg: 2.9452, decode.acc_seg: 5.2633, aux.loss_seg: 1.1782, aux.acc_seg: 5.2627, loss: 4.1234
2021-07-04 21:22:46,689 - mmseg - INFO - Iter [750/4000]	lr: 8.315e-03, eta: 0:26:29, time: 0.458, data_time: 0.020, memory: 18774, decode.loss_seg: 2.9451, decode.acc_seg: 5.2636, aux.loss_seg: 1.1782, aux.acc_seg: 5.2640, loss: 4.1233
2021-07-04 21:23:10,122 - mmseg - INFO - Iter [800/4000]	lr: 8.201e-03, eta: 0:26:01, time: 0.469, data_time: 0.015, memory: 18774, decode.loss_seg: 2.9450, decode.acc_seg: 5.2624, aux.loss_seg: 1.1782, aux.acc_seg: 5.2625, loss: 4.1232
2021-07-04 21:23:33,953 - mmseg - INFO - Iter [850/4000]	lr: 8.087e-03, eta: 0:25:34, time: 0.477, data_time: 0.015, memory: 18774, decode.loss_seg: 2.9449, decode.acc_seg: 5.2626, aux.loss_seg: 1.1782, aux.acc_seg: 5.2618, loss: 4.1231
2021-07-04 21:23:56,863 - mmseg - INFO - Iter [900/4000]	lr: 7.973e-03, eta: 0:25:05, time: 0.458, data_time: 0.015, memory: 18774, decode.loss_seg: 2.9449, decode.acc_seg: 5.2642, aux.loss_seg: 1.1781, aux.acc_seg: 5.2639, loss: 4.1230
2021-07-04 21:24:19,589 - mmseg - INFO - Iter [950/4000]	lr: 7.859e-03, eta: 0:24:35, time: 0.455, data_time: 0.020, memory: 18774, decode.loss_seg: 2.9448, decode.acc_seg: 5.2607, aux.loss_seg: 1.1781, aux.acc_seg: 5.2629, loss: 4.1229
2021-07-04 21:24:42,294 - mmseg - INFO - Exp name: fcn_r50-d8_512x1024_4k_dummy_cityscapes.py
2021-07-04 21:24:42,310 - mmseg - INFO - Iter [1000/4000]	lr: 7.744e-03, eta: 0:24:07, time: 0.455, data_time: 0.014, memory: 18774, decode.loss_seg: 2.9448, decode.acc_seg: 5.2641, aux.loss_seg: 1.1781, aux.acc_seg: 5.2628, loss: 4.1229
2021-07-04 21:25:05,397 - mmseg - INFO - Iter [1050/4000]	lr: 7.629e-03, eta: 0:23:40, time: 0.462, data_time: 0.015, memory: 18774, decode.loss_seg: 2.9448, decode.acc_seg: 5.2616, aux.loss_seg: 1.1781, aux.acc_seg: 5.2648, loss: 4.1228
2021-07-04 21:25:28,299 - mmseg - INFO - Iter [1100/4000]	lr: 7.514e-03, eta: 0:23:13, time: 0.458, data_time: 0.015, memory: 18774, decode.loss_seg: 2.9447, decode.acc_seg: 5.2627, aux.loss_seg: 1.1781, aux.acc_seg: 5.2643, loss: 4.1228
2021-07-04 21:25:52,368 - mmseg - INFO - Iter [1150/4000]	lr: 7.399e-03, eta: 0:22:49, time: 0.481, data_time: 0.020, memory: 18774, decode.loss_seg: 2.9447, decode.acc_seg: 5.2621, aux.loss_seg: 1.1781, aux.acc_seg: 5.2625, loss: 4.1228
2021-07-04 21:26:15,372 - mmseg - INFO - Iter [1200/4000]	lr: 7.284e-03, eta: 0:22:22, time: 0.460, data_time: 0.014, memory: 18774, decode.loss_seg: 2.9447, decode.acc_seg: 5.2643, aux.loss_seg: 1.1780, aux.acc_seg: 5.2641, loss: 4.1227
2021-07-04 21:26:39,173 - mmseg - INFO - Iter [1250/4000]	lr: 7.168e-03, eta: 0:21:58, time: 0.476, data_time: 0.015, memory: 18774, decode.loss_seg: 2.9447, decode.acc_seg: 5.2644, aux.loss_seg: 1.1780, aux.acc_seg: 5.2630, loss: 4.1227
2021-07-04 21:27:04,780 - mmseg - INFO - Iter [1300/4000]	lr: 7.053e-03, eta: 0:21:37, time: 0.512, data_time: 0.015, memory: 18774, decode.loss_seg: 2.9447, decode.acc_seg: 5.2644, aux.loss_seg: 1.1780, aux.acc_seg: 5.2622, loss: 4.1227
2021-07-04 21:27:28,463 - mmseg - INFO - Iter [1350/4000]	lr: 6.937e-03, eta: 0:21:13, time: 0.474, data_time: 0.025, memory: 18774, decode.loss_seg: 2.9446, decode.acc_seg: 5.2637, aux.loss_seg: 1.1780, aux.acc_seg: 5.2631, loss: 4.1227
2021-07-04 21:27:52,113 - mmseg - INFO - Iter [1400/4000]	lr: 6.821e-03, eta: 0:20:48, time: 0.473, data_time: 0.014, memory: 18774, decode.loss_seg: 2.9446, decode.acc_seg: 5.2626, aux.loss_seg: 1.1780, aux.acc_seg: 5.2626, loss: 4.1226
2021-07-04 21:28:16,403 - mmseg - INFO - Iter [1450/4000]	lr: 6.704e-03, eta: 0:20:24, time: 0.486, data_time: 0.015, memory: 18774, decode.loss_seg: 2.9446, decode.acc_seg: 5.2618, aux.loss_seg: 1.1780, aux.acc_seg: 5.2638, loss: 4.1226
2021-07-04 21:28:39,749 - mmseg - INFO - Iter [1500/4000]	lr: 6.588e-03, eta: 0:19:59, time: 0.467, data_time: 0.023, memory: 18774, decode.loss_seg: 2.9446, decode.acc_seg: 5.2606, aux.loss_seg: 1.1780, aux.acc_seg: 5.2654, loss: 4.1226
2021-07-04 21:29:02,316 - mmseg - INFO - Iter [1550/4000]	lr: 6.471e-03, eta: 0:19:33, time: 0.451, data_time: 0.013, memory: 18774, decode.loss_seg: 2.9446, decode.acc_seg: 5.2632, aux.loss_seg: 1.1780, aux.acc_seg: 5.2647, loss: 4.1226
2021-07-04 21:29:25,765 - mmseg - INFO - Iter [1600/4000]	lr: 6.354e-03, eta: 0:19:08, time: 0.469, data_time: 0.015, memory: 18774, decode.loss_seg: 2.9446, decode.acc_seg: 5.2635, aux.loss_seg: 1.1780, aux.acc_seg: 5.2642, loss: 4.1226
2021-07-04 21:29:48,866 - mmseg - INFO - Iter [1650/4000]	lr: 6.236e-03, eta: 0:18:43, time: 0.462, data_time: 0.016, memory: 18774, decode.loss_seg: 2.9446, decode.acc_seg: 5.2640, aux.loss_seg: 1.1780, aux.acc_seg: 5.2638, loss: 4.1226
2021-07-04 21:30:11,828 - mmseg - INFO - Iter [1700/4000]	lr: 6.119e-03, eta: 0:18:18, time: 0.459, data_time: 0.019, memory: 18774, decode.loss_seg: 2.9446, decode.acc_seg: 5.2630, aux.loss_seg: 1.1780, aux.acc_seg: 5.2647, loss: 4.1225
2021-07-04 21:30:35,231 - mmseg - INFO - Iter [1750/4000]	lr: 6.001e-03, eta: 0:17:54, time: 0.468, data_time: 0.016, memory: 18774, decode.loss_seg: 2.9446, decode.acc_seg: 5.2646, aux.loss_seg: 1.1780, aux.acc_seg: 5.2634, loss: 4.1225
2021-07-04 21:30:58,025 - mmseg - INFO - Iter [1800/4000]	lr: 5.883e-03, eta: 0:17:28, time: 0.456, data_time: 0.014, memory: 18774, decode.loss_seg: 2.9446, decode.acc_seg: 5.2633, aux.loss_seg: 1.1779, aux.acc_seg: 5.2648, loss: 4.1225
2021-07-04 21:31:20,960 - mmseg - INFO - Iter [1850/4000]	lr: 5.764e-03, eta: 0:17:03, time: 0.459, data_time: 0.017, memory: 18774, decode.loss_seg: 2.9446, decode.acc_seg: 5.2648, aux.loss_seg: 1.1779, aux.acc_seg: 5.2614, loss: 4.1225
2021-07-04 21:31:43,977 - mmseg - INFO - Iter [1900/4000]	lr: 5.646e-03, eta: 0:16:39, time: 0.460, data_time: 0.018, memory: 18774, decode.loss_seg: 2.9446, decode.acc_seg: 5.2640, aux.loss_seg: 1.1779, aux.acc_seg: 5.2600, loss: 4.1225
2021-07-04 21:32:06,898 - mmseg - INFO - Iter [1950/4000]	lr: 5.527e-03, eta: 0:16:14, time: 0.458, data_time: 0.016, memory: 18774, decode.loss_seg: 2.9446, decode.acc_seg: 5.2641, aux.loss_seg: 1.1779, aux.acc_seg: 5.2632, loss: 4.1225
2021-07-04 21:32:29,827 - mmseg - INFO - Saving checkpoint at 2000 iterations
2021-07-04 21:34:08,474 - mmseg - INFO - per class results:
2021-07-04 21:34:08,490 - mmseg - INFO -
+---------------+------+-------+
|     Class     | IoU  |  Acc  |
+---------------+------+-------+
|      road     | 1.84 |  2.76 |
|    sidewalk   | 3.83 | 12.37 |
|    building   | 3.03 |  6.66 |
|      wall     | 2.41 |  4.25 |
|     fence     | 3.07 |  6.88 |
|      pole     | 1.78 |  2.62 |
| traffic light | 2.53 |  4.65 |
|  traffic sign | 2.3  |  3.91 |
|   vegetation  | 2.46 |  4.41 |
|    terrain    | 2.25 |  3.79 |
|      sky      | 3.33 |  8.34 |
|     person    | 3.17 |  7.39 |
|     rider     | 1.95 |  2.99 |
|      car      | 3.04 |  6.7  |
|     truck     | 1.75 |  2.56 |
|      bus      | 1.49 |  2.04 |
|     train     | 2.78 |  5.56 |
|   motorcycle  | 3.15 |  7.23 |
|    bicycle    | 2.6  |  4.9  |
+---------------+------+-------+
2021-07-04 21:34:08,491 - mmseg - INFO - Summary:
2021-07-04 21:34:08,491 - mmseg - INFO -
+------+------+------+
| aAcc | mIoU | mAcc |
+------+------+------+
| 5.26 | 2.57 | 5.26 |
+------+------+------+
2021-07-04 21:34:08,711 - mmseg - INFO - Exp name: fcn_r50-d8_512x1024_4k_dummy_cityscapes.py
2021-07-04 21:34:08,712 - mmseg - INFO - Iter [63/4000]	lr: 5.408e-03, eta: 0:15:50, time: 0.479, data_time: 0.016, memory: 18774, aAcc: 0.0526, mIoU: 0.0257, mAcc: 0.0526, IoU.road: 0.0184, IoU.sidewalk: 0.0383, IoU.building: 0.0303, IoU.wall: 0.0241, IoU.fence: 0.0307, IoU.pole: 0.0178, IoU.traffic light: 0.0253, IoU.traffic sign: 0.0230, IoU.vegetation: 0.0246, IoU.terrain: 0.0225, IoU.sky: 0.0333, IoU.person: 0.0317, IoU.rider: 0.0195, IoU.car: 0.0304, IoU.truck: 0.0175, IoU.bus: 0.0149, IoU.train: 0.0278, IoU.motorcycle: 0.0315, IoU.bicycle: 0.0260, Acc.road: 0.0276, Acc.sidewalk: 0.1237, Acc.building: 0.0666, Acc.wall: 0.0425, Acc.fence: 0.0688, Acc.pole: 0.0262, Acc.traffic light: 0.0465, Acc.traffic sign: 0.0391, Acc.vegetation: 0.0441, Acc.terrain: 0.0379, Acc.sky: 0.0834, Acc.person: 0.0739, Acc.rider: 0.0299, Acc.car: 0.0670, Acc.truck: 0.0256, Acc.bus: 0.0204, Acc.train: 0.0556, Acc.motorcycle: 0.0723, Acc.bicycle: 0.0490, decode.loss_seg: 2.9446, decode.acc_seg: 5.2637, aux.loss_seg: 1.1779, aux.acc_seg: 5.2617, loss: 4.1225
2021-07-04 21:34:32,510 - mmseg - INFO - Iter [2050/4000]	lr: 5.288e-03, eta: 0:17:00, time: 2.433, data_time: 1.976, memory: 18774, decode.loss_seg: 2.9446, decode.acc_seg: 5.2622, aux.loss_seg: 1.1779, aux.acc_seg: 5.2640, loss: 4.1225
2021-07-04 21:34:55,368 - mmseg - INFO - Iter [2100/4000]	lr: 5.168e-03, eta: 0:16:31, time: 0.457, data_time: 0.013, memory: 18774, decode.loss_seg: 2.9446, decode.acc_seg: 5.2649, aux.loss_seg: 1.1779, aux.acc_seg: 5.2627, loss: 4.1225
2021-07-04 21:35:18,503 - mmseg - INFO - Iter [2150/4000]	lr: 5.048e-03, eta: 0:16:02, time: 0.463, data_time: 0.016, memory: 18774, decode.loss_seg: 2.9446, decode.acc_seg: 5.2643, aux.loss_seg: 1.1779, aux.acc_seg: 5.2631, loss: 4.1225
2021-07-04 21:35:41,425 - mmseg - INFO - Iter [2200/4000]	lr: 4.928e-03, eta: 0:15:34, time: 0.458, data_time: 0.016, memory: 18774, decode.loss_seg: 2.9445, decode.acc_seg: 5.2637, aux.loss_seg: 1.1779, aux.acc_seg: 5.2623, loss: 4.1225
2021-07-04 21:36:05,428 - mmseg - INFO - Iter [2250/4000]	lr: 4.807e-03, eta: 0:15:06, time: 0.480, data_time: 0.020, memory: 18774, decode.loss_seg: 2.9445, decode.acc_seg: 5.2636, aux.loss_seg: 1.1779, aux.acc_seg: 5.2634, loss: 4.1225
2021-07-04 21:36:29,228 - mmseg - INFO - Iter [2300/4000]	lr: 4.686e-03, eta: 0:14:39, time: 0.476, data_time: 0.016, memory: 18774, decode.loss_seg: 2.9445, decode.acc_seg: 5.2644, aux.loss_seg: 1.1779, aux.acc_seg: 5.2643, loss: 4.1225
2021-07-04 21:36:52,956 - mmseg - INFO - Iter [2350/4000]	lr: 4.564e-03, eta: 0:14:11, time: 0.475, data_time: 0.015, memory: 18774, decode.loss_seg: 2.9445, decode.acc_seg: 5.2625, aux.loss_seg: 1.1779, aux.acc_seg: 5.2641, loss: 4.1225
2021-07-04 21:37:17,105 - mmseg - INFO - Iter [2400/4000]	lr: 4.442e-03, eta: 0:13:44, time: 0.483, data_time: 0.015, memory: 18774, decode.loss_seg: 2.9445, decode.acc_seg: 5.2633, aux.loss_seg: 1.1779, aux.acc_seg: 5.2646, loss: 4.1224
2021-07-04 21:37:40,142 - mmseg - INFO - Iter [2450/4000]	lr: 4.320e-03, eta: 0:13:17, time: 0.461, data_time: 0.021, memory: 18774, decode.loss_seg: 2.9445, decode.acc_seg: 5.2624, aux.loss_seg: 1.1779, aux.acc_seg: 5.2629, loss: 4.1224
2021-07-04 21:38:03,531 - mmseg - INFO - Iter [2500/4000]	lr: 4.198e-03, eta: 0:12:50, time: 0.468, data_time: 0.017, memory: 18774, decode.loss_seg: 2.9445, decode.acc_seg: 5.2624, aux.loss_seg: 1.1779, aux.acc_seg: 5.2648, loss: 4.1224
2021-07-04 21:38:27,944 - mmseg - INFO - Iter [2550/4000]	lr: 4.074e-03, eta: 0:12:23, time: 0.488, data_time: 0.016, memory: 18774, decode.loss_seg: 2.9445, decode.acc_seg: 5.2637, aux.loss_seg: 1.1779, aux.acc_seg: 5.2628, loss: 4.1224
2021-07-04 21:38:51,437 - mmseg - INFO - Iter [2600/4000]	lr: 3.951e-03, eta: 0:11:57, time: 0.470, data_time: 0.014, memory: 18774, decode.loss_seg: 2.9445, decode.acc_seg: 5.2631, aux.loss_seg: 1.1779, aux.acc_seg: 5.2628, loss: 4.1224
2021-07-04 21:39:14,436 - mmseg - INFO - Iter [2650/4000]	lr: 3.827e-03, eta: 0:11:30, time: 0.460, data_time: 0.019, memory: 18774, decode.loss_seg: 2.9445, decode.acc_seg: 5.2638, aux.loss_seg: 1.1779, aux.acc_seg: 5.2631, loss: 4.1224
2021-07-04 21:39:37,439 - mmseg - INFO - Iter [2700/4000]	lr: 3.703e-03, eta: 0:11:03, time: 0.460, data_time: 0.015, memory: 18774, decode.loss_seg: 2.9445, decode.acc_seg: 5.2630, aux.loss_seg: 1.1779, aux.acc_seg: 5.2608, loss: 4.1224
2021-07-04 21:40:00,323 - mmseg - INFO - Iter [2750/4000]	lr: 3.578e-03, eta: 0:10:36, time: 0.457, data_time: 0.015, memory: 18774, decode.loss_seg: 2.9445, decode.acc_seg: 5.2617, aux.loss_seg: 1.1779, aux.acc_seg: 5.2621, loss: 4.1224
2021-07-04 21:40:23,443 - mmseg - INFO - Iter [2800/4000]	lr: 3.453e-03, eta: 0:10:10, time: 0.463, data_time: 0.019, memory: 18774, decode.loss_seg: 2.9445, decode.acc_seg: 5.2638, aux.loss_seg: 1.1779, aux.acc_seg: 5.2627, loss: 4.1224
2021-07-04 21:40:47,192 - mmseg - INFO - Iter [2850/4000]	lr: 3.327e-03, eta: 0:09:44, time: 0.475, data_time: 0.019, memory: 18774, decode.loss_seg: 2.9445, decode.acc_seg: 5.2637, aux.loss_seg: 1.1779, aux.acc_seg: 5.2628, loss: 4.1224
2021-07-04 21:41:10,415 - mmseg - INFO - Iter [2900/4000]	lr: 3.200e-03, eta: 0:09:17, time: 0.464, data_time: 0.015, memory: 18774, decode.loss_seg: 2.9445, decode.acc_seg: 5.2616, aux.loss_seg: 1.1779, aux.acc_seg: 5.2634, loss: 4.1224
2021-07-04 21:41:33,628 - mmseg - INFO - Iter [2950/4000]	lr: 3.073e-03, eta: 0:08:51, time: 0.464, data_time: 0.016, memory: 18774, decode.loss_seg: 2.9445, decode.acc_seg: 5.2629, aux.loss_seg: 1.1779, aux.acc_seg: 5.2622, loss: 4.1224
2021-07-04 21:41:57,114 - mmseg - INFO - Exp name: fcn_r50-d8_512x1024_4k_dummy_cityscapes.py
2021-07-04 21:41:57,136 - mmseg - INFO - Iter [3000/4000]	lr: 2.946e-03, eta: 0:08:25, time: 0.470, data_time: 0.021, memory: 18774, decode.loss_seg: 2.9445, decode.acc_seg: 5.2622, aux.loss_seg: 1.1779, aux.acc_seg: 5.2615, loss: 4.1224
2021-07-04 21:42:20,157 - mmseg - INFO - Iter [3050/4000]	lr: 2.817e-03, eta: 0:07:59, time: 0.461, data_time: 0.015, memory: 18774, decode.loss_seg: 2.9445, decode.acc_seg: 5.2624, aux.loss_seg: 1.1779, aux.acc_seg: 5.2613, loss: 4.1224
2021-07-04 21:42:42,889 - mmseg - INFO - Iter [3100/4000]	lr: 2.688e-03, eta: 0:07:33, time: 0.454, data_time: 0.017, memory: 18774, decode.loss_seg: 2.9445, decode.acc_seg: 5.2661, aux.loss_seg: 1.1779, aux.acc_seg: 5.2637, loss: 4.1224
2021-07-04 21:43:05,988 - mmseg - INFO - Iter [3150/4000]	lr: 2.559e-03, eta: 0:07:08, time: 0.462, data_time: 0.014, memory: 18774, decode.loss_seg: 2.9445, decode.acc_seg: 5.2645, aux.loss_seg: 1.1779, aux.acc_seg: 5.2630, loss: 4.1224
2021-07-04 21:43:29,011 - mmseg - INFO - Iter [3200/4000]	lr: 2.428e-03, eta: 0:06:42, time: 0.460, data_time: 0.019, memory: 18774, decode.loss_seg: 2.9445, decode.acc_seg: 5.2615, aux.loss_seg: 1.1779, aux.acc_seg: 5.2631, loss: 4.1224
2021-07-04 21:43:52,020 - mmseg - INFO - Iter [3250/4000]	lr: 2.297e-03, eta: 0:06:16, time: 0.460, data_time: 0.016, memory: 18774, decode.loss_seg: 2.9445, decode.acc_seg: 5.2653, aux.loss_seg: 1.1779, aux.acc_seg: 5.2610, loss: 4.1224
2021-07-04 21:44:15,075 - mmseg - INFO - Iter [3300/4000]	lr: 2.165e-03, eta: 0:05:51, time: 0.461, data_time: 0.016, memory: 18774, decode.loss_seg: 2.9445, decode.acc_seg: 5.2645, aux.loss_seg: 1.1779, aux.acc_seg: 5.2641, loss: 4.1224
2021-07-04 21:44:39,001 - mmseg - INFO - Iter [3350/4000]	lr: 2.032e-03, eta: 0:05:25, time: 0.479, data_time: 0.021, memory: 18774, decode.loss_seg: 2.9445, decode.acc_seg: 5.2596, aux.loss_seg: 1.1779, aux.acc_seg: 5.2631, loss: 4.1224
2021-07-04 21:45:02,236 - mmseg - INFO - Iter [3400/4000]	lr: 1.898e-03, eta: 0:05:00, time: 0.465, data_time: 0.014, memory: 18774, decode.loss_seg: 2.9445, decode.acc_seg: 5.2626, aux.loss_seg: 1.1779, aux.acc_seg: 5.2649, loss: 4.1224
2021-07-04 21:45:25,511 - mmseg - INFO - Iter [3450/4000]	lr: 1.763e-03, eta: 0:04:35, time: 0.465, data_time: 0.016, memory: 18774, decode.loss_seg: 2.9445, decode.acc_seg: 5.2648, aux.loss_seg: 1.1779, aux.acc_seg: 5.2623, loss: 4.1224
2021-07-04 21:45:49,682 - mmseg - INFO - Iter [3500/4000]	lr: 1.626e-03, eta: 0:04:09, time: 0.483, data_time: 0.016, memory: 18774, decode.loss_seg: 2.9445, decode.acc_seg: 5.2641, aux.loss_seg: 1.1779, aux.acc_seg: 5.2632, loss: 4.1224
2021-07-04 21:46:14,054 - mmseg - INFO - Iter [3550/4000]	lr: 1.488e-03, eta: 0:03:44, time: 0.488, data_time: 0.023, memory: 18774, decode.loss_seg: 2.9445, decode.acc_seg: 5.2613, aux.loss_seg: 1.1779, aux.acc_seg: 5.2633, loss: 4.1224
2021-07-04 21:46:37,122 - mmseg - INFO - Iter [3600/4000]	lr: 1.349e-03, eta: 0:03:19, time: 0.462, data_time: 0.015, memory: 18774, decode.loss_seg: 2.9445, decode.acc_seg: 5.2630, aux.loss_seg: 1.1779, aux.acc_seg: 5.2637, loss: 4.1224
2021-07-04 21:47:00,251 - mmseg - INFO - Iter [3650/4000]	lr: 1.208e-03, eta: 0:02:54, time: 0.462, data_time: 0.014, memory: 18774, decode.loss_seg: 2.9445, decode.acc_seg: 5.2634, aux.loss_seg: 1.1779, aux.acc_seg: 5.2630, loss: 4.1224
2021-07-04 21:47:23,329 - mmseg - INFO - Iter [3700/4000]	lr: 1.065e-03, eta: 0:02:29, time: 0.462, data_time: 0.015, memory: 18774, decode.loss_seg: 2.9445, decode.acc_seg: 5.2645, aux.loss_seg: 1.1779, aux.acc_seg: 5.2642, loss: 4.1224
2021-07-04 21:47:46,934 - mmseg - INFO - Iter [3750/4000]	lr: 9.194e-04, eta: 0:02:04, time: 0.472, data_time: 0.020, memory: 18774, decode.loss_seg: 2.9445, decode.acc_seg: 5.2626, aux.loss_seg: 1.1779, aux.acc_seg: 5.2635, loss: 4.1224
2021-07-04 21:48:10,083 - mmseg - INFO - Iter [3800/4000]	lr: 7.709e-04, eta: 0:01:39, time: 0.463, data_time: 0.016, memory: 18774, decode.loss_seg: 2.9445, decode.acc_seg: 5.2618, aux.loss_seg: 1.1779, aux.acc_seg: 5.2646, loss: 4.1224
2021-07-04 21:48:34,131 - mmseg - INFO - Iter [3850/4000]	lr: 6.186e-04, eta: 0:01:14, time: 0.481, data_time: 0.017, memory: 18774, decode.loss_seg: 2.9445, decode.acc_seg: 5.2643, aux.loss_seg: 1.1779, aux.acc_seg: 5.2634, loss: 4.1224
2021-07-04 21:48:57,224 - mmseg - INFO - Iter [3900/4000]	lr: 4.611e-04, eta: 0:00:49, time: 0.462, data_time: 0.015, memory: 18774, decode.loss_seg: 2.9445, decode.acc_seg: 5.2625, aux.loss_seg: 1.1779, aux.acc_seg: 5.2626, loss: 4.1224
2021-07-04 21:49:20,507 - mmseg - INFO - Iter [3950/4000]	lr: 2.953e-04, eta: 0:00:24, time: 0.462, data_time: 0.021, memory: 18774, decode.loss_seg: 2.9445, decode.acc_seg: 5.2637, aux.loss_seg: 1.1779, aux.acc_seg: 5.2624, loss: 4.1224
2021-07-04 21:49:43,209 - mmseg - INFO - Saving checkpoint at 4000 iterations
2021-07-04 21:50:10,723 - mmseg - INFO - per class results:
2021-07-04 21:50:10,745 - mmseg - INFO -
+---------------+------+-------+
|     Class     | IoU  |  Acc  |
+---------------+------+-------+
|      road     | 2.02 |  3.17 |
|    sidewalk   | 3.65 | 10.62 |
|    building   | 3.3  |  8.14 |
|      wall     | 2.22 |  3.7  |
|     fence     | 3.16 |  7.32 |
|      pole     | 1.99 |  3.11 |
| traffic light | 2.7  |  5.24 |
|  traffic sign | 2.41 |  4.27 |
|   vegetation  | 2.3  |  3.91 |
|    terrain    | 2.14 |  3.48 |
|      sky      | 3.41 |  8.84 |
|     person    | 2.83 |  5.78 |
|     rider     | 1.8  |  2.65 |
|      car      | 2.94 |  6.24 |
|     truck     | 1.87 |  2.82 |
|      bus      | 1.54 |  2.13 |
|     train     | 2.82 |  5.73 |
|   motorcycle  | 3.34 |  8.36 |
|    bicycle    | 2.49 |  4.52 |
+---------------+------+-------+
2021-07-04 21:50:10,745 - mmseg - INFO - Summary:
2021-07-04 21:50:10,746 - mmseg - INFO -
+------+------+------+
| aAcc | mIoU | mAcc |
+------+------+------+
| 5.26 | 2.58 | 5.26 |
+------+------+------+
2021-07-04 21:50:11,037 - mmseg - INFO - Exp name: fcn_r50-d8_512x1024_4k_dummy_cityscapes.py
2021-07-04 21:50:11,037 - mmseg - INFO - Iter [63/4000]	lr: 1.057e-04, eta: 0:00:00, time: 0.478, data_time: 0.019, memory: 18774, aAcc: 0.0526, mIoU: 0.0258, mAcc: 0.0526, IoU.road: 0.0202, IoU.sidewalk: 0.0365, IoU.building: 0.0330, IoU.wall: 0.0222, IoU.fence: 0.0316, IoU.pole: 0.0199, IoU.traffic light: 0.0270, IoU.traffic sign: 0.0241, IoU.vegetation: 0.0230, IoU.terrain: 0.0214, IoU.sky: 0.0341, IoU.person: 0.0283, IoU.rider: 0.0180, IoU.car: 0.0294, IoU.truck: 0.0187, IoU.bus: 0.0154, IoU.train: 0.0282, IoU.motorcycle: 0.0334, IoU.bicycle: 0.0249, Acc.road: 0.0317, Acc.sidewalk: 0.1062, Acc.building: 0.0814, Acc.wall: 0.0370, Acc.fence: 0.0732, Acc.pole: 0.0311, Acc.traffic light: 0.0524, Acc.traffic sign: 0.0427, Acc.vegetation: 0.0391, Acc.terrain: 0.0348, Acc.sky: 0.0884, Acc.person: 0.0578, Acc.rider: 0.0265, Acc.car: 0.0624, Acc.truck: 0.0282, Acc.bus: 0.0213, Acc.train: 0.0573, Acc.motorcycle: 0.0836, Acc.bicycle: 0.0452, decode.loss_seg: 2.9445, decode.acc_seg: 5.2621, aux.loss_seg: 1.1779, aux.acc_seg: 5.2610, loss: 4.1224
