2021-07-04 21:17:52,489 - mmseg - INFO - Environment info:
------------------------------------------------------------
sys.platform: linux
Python: 3.7.10 (default, Feb 26 2021, 18:47:35) [GCC 7.3.0]
CUDA available: True
GPU 0: Tesla V100-SXM2-32GB
CUDA_HOME: /mnt/cache/share/polaris/dep/cuda-10.1-cudnn7.6.5
NVCC: Cuda compilation tools, release 10.1, V10.1.243
GCC: gcc (GCC) 5.4.0
PyTorch: 1.8.0
PyTorch compiling details: PyTorch built with:
  - GCC 7.3
  - C++ Version: 201402
  - Intel(R) Math Kernel Library Version 2020.0.2 Product Build 20200624 for Intel(R) 64 architecture applications
  - Intel(R) MKL-DNN v1.7.0 (Git Hash 7aed236906b1f7a05c0917e5257a1af05e9ff683)
  - OpenMP 201511 (a.k.a. OpenMP 4.5)
  - NNPACK is enabled
  - CPU capability usage: AVX2
  - CUDA Runtime 10.1
  - NVCC architecture flags: -gencode;arch=compute_37,code=sm_37;-gencode;arch=compute_50,code=sm_50;-gencode;arch=compute_60,code=sm_60;-gencode;arch=compute_61,code=sm_61;-gencode;arch=compute_70,code=sm_70;-gencode;arch=compute_75,code=sm_75;-gencode;arch=compute_37,code=compute_37
  - CuDNN 7.6.3
  - Magma 2.5.2
  - Build settings: BLAS_INFO=mkl, BUILD_TYPE=Release, CUDA_VERSION=10.1, CUDNN_VERSION=7.6.3, CXX_COMPILER=/opt/rh/devtoolset-7/root/usr/bin/c++, CXX_FLAGS= -Wno-deprecated -fvisibility-inlines-hidden -DUSE_PTHREADPOOL -fopenmp -DNDEBUG -DUSE_KINETO -DUSE_FBGEMM -DUSE_QNNPACK -DUSE_PYTORCH_QNNPACK -DUSE_XNNPACK -O2 -fPIC -Wno-narrowing -Wall -Wextra -Werror=return-type -Wno-missing-field-initializers -Wno-type-limits -Wno-array-bounds -Wno-unknown-pragmas -Wno-sign-compare -Wno-unused-parameter -Wno-unused-variable -Wno-unused-function -Wno-unused-result -Wno-unused-local-typedefs -Wno-strict-overflow -Wno-strict-aliasing -Wno-error=deprecated-declarations -Wno-stringop-overflow -Wno-psabi -Wno-error=pedantic -Wno-error=redundant-decls -Wno-error=old-style-cast -fdiagnostics-color=always -faligned-new -Wno-unused-but-set-variable -Wno-maybe-uninitialized -fno-math-errno -fno-trapping-math -Werror=format -Wno-stringop-overflow, LAPACK_INFO=mkl, PERF_WITH_AVX=1, PERF_WITH_AVX2=1, PERF_WITH_AVX512=1, TORCH_VERSION=1.8.0, USE_CUDA=ON, USE_CUDNN=ON, USE_EXCEPTION_PTR=1, USE_GFLAGS=OFF, USE_GLOG=OFF, USE_MKL=ON, USE_MKLDNN=ON, USE_MPI=OFF, USE_NCCL=ON, USE_NNPACK=ON, USE_OPENMP=ON,

TorchVision: 0.9.0
OpenCV: 4.5.1
MMCV: 1.3.8
MMCV Compiler: GCC 7.3
MMCV CUDA Compiler: 10.1
MMSegmentation: 0.14.1+9988853
------------------------------------------------------------

2021-07-04 21:17:52,490 - mmseg - INFO - Distributed training: True
2021-07-04 21:17:52,738 - mmseg - INFO - Config:
norm_cfg = dict(type='SyncBN', requires_grad=True)
model = dict(
    type='EncoderDecoder',
    pretrained='open-mmlab://resnet50_v1c',
    backbone=dict(
        type='ResNetV1c',
        depth=50,
        num_stages=4,
        out_indices=(0, 1, 2, 3),
        dilations=(1, 1, 2, 4),
        strides=(1, 2, 1, 1),
        norm_cfg=dict(type='SyncBN', requires_grad=True),
        norm_eval=False,
        style='pytorch',
        contract_dilation=True),
    decode_head=dict(
        type='PSPHead',
        in_channels=2048,
        in_index=3,
        channels=512,
        pool_scales=(1, 2, 3, 6),
        dropout_ratio=0.1,
        num_classes=19,
        norm_cfg=dict(type='SyncBN', requires_grad=True),
        align_corners=False,
        loss_decode=dict(
            type='CrossEntropyLoss', use_sigmoid=False, loss_weight=1.0)),
    auxiliary_head=dict(
        type='FCNHead',
        in_channels=1024,
        in_index=2,
        channels=256,
        num_convs=1,
        concat_input=False,
        dropout_ratio=0.1,
        num_classes=19,
        norm_cfg=dict(type='SyncBN', requires_grad=True),
        align_corners=False,
        loss_decode=dict(
            type='CrossEntropyLoss', use_sigmoid=False, loss_weight=0.4)),
    train_cfg=dict(),
    test_cfg=dict(mode='whole'))
dataset_type = 'DummyCityscapes'
img_norm_cfg = dict(
    mean=[123.675, 116.28, 103.53], std=[58.395, 57.12, 57.375], to_rgb=True)
crop_size = (512, 1024)
train_pipeline = [
    dict(type='Resize', img_scale=(2048, 1024), ratio_range=(0.5, 2.0)),
    dict(type='RandomCrop', crop_size=(512, 1024), cat_max_ratio=0.75),
    dict(type='RandomFlip', prob=0.5),
    dict(type='PhotoMetricDistortion'),
    dict(
        type='Normalize',
        mean=[123.675, 116.28, 103.53],
        std=[58.395, 57.12, 57.375],
        to_rgb=True),
    dict(type='DefaultFormatBundle'),
    dict(type='Collect', keys=['img', 'gt_semantic_seg'])
]
test_pipeline = [
    dict(
        type='MultiScaleFlipAug',
        img_scale=(2048, 1024),
        flip=False,
        transforms=[
            dict(type='Resize', keep_ratio=True),
            dict(type='RandomFlip'),
            dict(
                type='Normalize',
                mean=[123.675, 116.28, 103.53],
                std=[58.395, 57.12, 57.375],
                to_rgb=True),
            dict(type='ImageToTensor', keys=['img']),
            dict(type='Collect', keys=['img'])
        ])
]
data = dict(
    samples_per_gpu=2,
    workers_per_gpu=2,
    train=dict(
        type='DummyCityscapes',
        pipeline=[
            dict(
                type='Resize', img_scale=(2048, 1024), ratio_range=(0.5, 2.0)),
            dict(type='RandomCrop', crop_size=(512, 1024), cat_max_ratio=0.75),
            dict(type='RandomFlip', prob=0.5),
            dict(type='PhotoMetricDistortion'),
            dict(
                type='Normalize',
                mean=[123.675, 116.28, 103.53],
                std=[58.395, 57.12, 57.375],
                to_rgb=True),
            dict(type='DefaultFormatBundle'),
            dict(type='Collect', keys=['img', 'gt_semantic_seg'])
        ]),
    val=dict(
        type='DummyCityscapes',
        pipeline=[
            dict(
                type='MultiScaleFlipAug',
                img_scale=(2048, 1024),
                flip=False,
                transforms=[
                    dict(type='Resize', keep_ratio=True),
                    dict(type='RandomFlip'),
                    dict(
                        type='Normalize',
                        mean=[123.675, 116.28, 103.53],
                        std=[58.395, 57.12, 57.375],
                        to_rgb=True),
                    dict(type='ImageToTensor', keys=['img']),
                    dict(type='Collect', keys=['img'])
                ])
        ]),
    test=dict(
        type='DummyCityscapes',
        pipeline=[
            dict(
                type='MultiScaleFlipAug',
                img_scale=(2048, 1024),
                flip=False,
                transforms=[
                    dict(type='Resize', keep_ratio=True),
                    dict(type='RandomFlip'),
                    dict(
                        type='Normalize',
                        mean=[123.675, 116.28, 103.53],
                        std=[58.395, 57.12, 57.375],
                        to_rgb=True),
                    dict(type='ImageToTensor', keys=['img']),
                    dict(type='Collect', keys=['img'])
                ])
        ]))
log_config = dict(
    interval=50, hooks=[dict(type='TextLoggerHook', by_epoch=False)])
dist_params = dict(backend='nccl')
log_level = 'INFO'
load_from = None
resume_from = None
workflow = [('train', 1)]
cudnn_benchmark = True
optimizer = dict(type='SGD', lr=0.01, momentum=0.9, weight_decay=0.0005)
optimizer_config = dict()
lr_config = dict(policy='poly', power=0.9, min_lr=0.0001, by_epoch=False)
runner = dict(type='IterBasedRunner', max_iters=4000)
checkpoint_config = dict(by_epoch=False, interval=2000)
evaluation = dict(interval=2000, metric='mIoU')
work_dir = 'work_dirs_1node_1gpu/pspnet_r50-d8_512x1024_4k_cityscapes'
gpu_ids = range(0, 1)

2021-07-04 21:17:54,722 - mmseg - INFO - EncoderDecoder(
  (backbone): ResNetV1c(
    (stem): Sequential(
      (0): Conv2d(3, 32, kernel_size=(3, 3), stride=(2, 2), padding=(1, 1), bias=False)
      (1): SyncBatchNorm(32, eps=1e-05, momentum=0.1, affine=True, track_running_stats=True)
      (2): ReLU(inplace=True)
      (3): Conv2d(32, 32, kernel_size=(3, 3), stride=(1, 1), padding=(1, 1), bias=False)
      (4): SyncBatchNorm(32, eps=1e-05, momentum=0.1, affine=True, track_running_stats=True)
      (5): ReLU(inplace=True)
      (6): Conv2d(32, 64, kernel_size=(3, 3), stride=(1, 1), padding=(1, 1), bias=False)
      (7): SyncBatchNorm(64, eps=1e-05, momentum=0.1, affine=True, track_running_stats=True)
      (8): ReLU(inplace=True)
    )
    (maxpool): MaxPool2d(kernel_size=3, stride=2, padding=1, dilation=1, ceil_mode=False)
    (layer1): ResLayer(
      (0): Bottleneck(
        (conv1): Conv2d(64, 64, kernel_size=(1, 1), stride=(1, 1), bias=False)
        (bn1): SyncBatchNorm(64, eps=1e-05, momentum=0.1, affine=True, track_running_stats=True)
        (conv2): Conv2d(64, 64, kernel_size=(3, 3), stride=(1, 1), padding=(1, 1), bias=False)
        (bn2): SyncBatchNorm(64, eps=1e-05, momentum=0.1, affine=True, track_running_stats=True)
        (conv3): Conv2d(64, 256, kernel_size=(1, 1), stride=(1, 1), bias=False)
        (bn3): SyncBatchNorm(256, eps=1e-05, momentum=0.1, affine=True, track_running_stats=True)
        (relu): ReLU(inplace=True)
        (downsample): Sequential(
          (0): Conv2d(64, 256, kernel_size=(1, 1), stride=(1, 1), bias=False)
          (1): SyncBatchNorm(256, eps=1e-05, momentum=0.1, affine=True, track_running_stats=True)
        )
      )
      (1): Bottleneck(
        (conv1): Conv2d(256, 64, kernel_size=(1, 1), stride=(1, 1), bias=False)
        (bn1): SyncBatchNorm(64, eps=1e-05, momentum=0.1, affine=True, track_running_stats=True)
        (conv2): Conv2d(64, 64, kernel_size=(3, 3), stride=(1, 1), padding=(1, 1), bias=False)
        (bn2): SyncBatchNorm(64, eps=1e-05, momentum=0.1, affine=True, track_running_stats=True)
        (conv3): Conv2d(64, 256, kernel_size=(1, 1), stride=(1, 1), bias=False)
        (bn3): SyncBatchNorm(256, eps=1e-05, momentum=0.1, affine=True, track_running_stats=True)
        (relu): ReLU(inplace=True)
      )
      (2): Bottleneck(
        (conv1): Conv2d(256, 64, kernel_size=(1, 1), stride=(1, 1), bias=False)
        (bn1): SyncBatchNorm(64, eps=1e-05, momentum=0.1, affine=True, track_running_stats=True)
        (conv2): Conv2d(64, 64, kernel_size=(3, 3), stride=(1, 1), padding=(1, 1), bias=False)
        (bn2): SyncBatchNorm(64, eps=1e-05, momentum=0.1, affine=True, track_running_stats=True)
        (conv3): Conv2d(64, 256, kernel_size=(1, 1), stride=(1, 1), bias=False)
        (bn3): SyncBatchNorm(256, eps=1e-05, momentum=0.1, affine=True, track_running_stats=True)
        (relu): ReLU(inplace=True)
      )
    )
    (layer2): ResLayer(
      (0): Bottleneck(
        (conv1): Conv2d(256, 128, kernel_size=(1, 1), stride=(1, 1), bias=False)
        (bn1): SyncBatchNorm(128, eps=1e-05, momentum=0.1, affine=True, track_running_stats=True)
        (conv2): Conv2d(128, 128, kernel_size=(3, 3), stride=(2, 2), padding=(1, 1), bias=False)
        (bn2): SyncBatchNorm(128, eps=1e-05, momentum=0.1, affine=True, track_running_stats=True)
        (conv3): Conv2d(128, 512, kernel_size=(1, 1), stride=(1, 1), bias=False)
        (bn3): SyncBatchNorm(512, eps=1e-05, momentum=0.1, affine=True, track_running_stats=True)
        (relu): ReLU(inplace=True)
        (downsample): Sequential(
          (0): Conv2d(256, 512, kernel_size=(1, 1), stride=(2, 2), bias=False)
          (1): SyncBatchNorm(512, eps=1e-05, momentum=0.1, affine=True, track_running_stats=True)
        )
      )
      (1): Bottleneck(
        (conv1): Conv2d(512, 128, kernel_size=(1, 1), stride=(1, 1), bias=False)
        (bn1): SyncBatchNorm(128, eps=1e-05, momentum=0.1, affine=True, track_running_stats=True)
        (conv2): Conv2d(128, 128, kernel_size=(3, 3), stride=(1, 1), padding=(1, 1), bias=False)
        (bn2): SyncBatchNorm(128, eps=1e-05, momentum=0.1, affine=True, track_running_stats=True)
        (conv3): Conv2d(128, 512, kernel_size=(1, 1), stride=(1, 1), bias=False)
        (bn3): SyncBatchNorm(512, eps=1e-05, momentum=0.1, affine=True, track_running_stats=True)
        (relu): ReLU(inplace=True)
      )
      (2): Bottleneck(
        (conv1): Conv2d(512, 128, kernel_size=(1, 1), stride=(1, 1), bias=False)
        (bn1): SyncBatchNorm(128, eps=1e-05, momentum=0.1, affine=True, track_running_stats=True)
        (conv2): Conv2d(128, 128, kernel_size=(3, 3), stride=(1, 1), padding=(1, 1), bias=False)
        (bn2): SyncBatchNorm(128, eps=1e-05, momentum=0.1, affine=True, track_running_stats=True)
        (conv3): Conv2d(128, 512, kernel_size=(1, 1), stride=(1, 1), bias=False)
        (bn3): SyncBatchNorm(512, eps=1e-05, momentum=0.1, affine=True, track_running_stats=True)
        (relu): ReLU(inplace=True)
      )
      (3): Bottleneck(
        (conv1): Conv2d(512, 128, kernel_size=(1, 1), stride=(1, 1), bias=False)
        (bn1): SyncBatchNorm(128, eps=1e-05, momentum=0.1, affine=True, track_running_stats=True)
        (conv2): Conv2d(128, 128, kernel_size=(3, 3), stride=(1, 1), padding=(1, 1), bias=False)
        (bn2): SyncBatchNorm(128, eps=1e-05, momentum=0.1, affine=True, track_running_stats=True)
        (conv3): Conv2d(128, 512, kernel_size=(1, 1), stride=(1, 1), bias=False)
        (bn3): SyncBatchNorm(512, eps=1e-05, momentum=0.1, affine=True, track_running_stats=True)
        (relu): ReLU(inplace=True)
      )
    )
    (layer3): ResLayer(
      (0): Bottleneck(
        (conv1): Conv2d(512, 256, kernel_size=(1, 1), stride=(1, 1), bias=False)
        (bn1): SyncBatchNorm(256, eps=1e-05, momentum=0.1, affine=True, track_running_stats=True)
        (conv2): Conv2d(256, 256, kernel_size=(3, 3), stride=(1, 1), padding=(1, 1), bias=False)
        (bn2): SyncBatchNorm(256, eps=1e-05, momentum=0.1, affine=True, track_running_stats=True)
        (conv3): Conv2d(256, 1024, kernel_size=(1, 1), stride=(1, 1), bias=False)
        (bn3): SyncBatchNorm(1024, eps=1e-05, momentum=0.1, affine=True, track_running_stats=True)
        (relu): ReLU(inplace=True)
        (downsample): Sequential(
          (0): Conv2d(512, 1024, kernel_size=(1, 1), stride=(1, 1), bias=False)
          (1): SyncBatchNorm(1024, eps=1e-05, momentum=0.1, affine=True, track_running_stats=True)
        )
      )
      (1): Bottleneck(
        (conv1): Conv2d(1024, 256, kernel_size=(1, 1), stride=(1, 1), bias=False)
        (bn1): SyncBatchNorm(256, eps=1e-05, momentum=0.1, affine=True, track_running_stats=True)
        (conv2): Conv2d(256, 256, kernel_size=(3, 3), stride=(1, 1), padding=(2, 2), dilation=(2, 2), bias=False)
        (bn2): SyncBatchNorm(256, eps=1e-05, momentum=0.1, affine=True, track_running_stats=True)
        (conv3): Conv2d(256, 1024, kernel_size=(1, 1), stride=(1, 1), bias=False)
        (bn3): SyncBatchNorm(1024, eps=1e-05, momentum=0.1, affine=True, track_running_stats=True)
        (relu): ReLU(inplace=True)
      )
      (2): Bottleneck(
        (conv1): Conv2d(1024, 256, kernel_size=(1, 1), stride=(1, 1), bias=False)
        (bn1): SyncBatchNorm(256, eps=1e-05, momentum=0.1, affine=True, track_running_stats=True)
        (conv2): Conv2d(256, 256, kernel_size=(3, 3), stride=(1, 1), padding=(2, 2), dilation=(2, 2), bias=False)
        (bn2): SyncBatchNorm(256, eps=1e-05, momentum=0.1, affine=True, track_running_stats=True)
        (conv3): Conv2d(256, 1024, kernel_size=(1, 1), stride=(1, 1), bias=False)
        (bn3): SyncBatchNorm(1024, eps=1e-05, momentum=0.1, affine=True, track_running_stats=True)
        (relu): ReLU(inplace=True)
      )
      (3): Bottleneck(
        (conv1): Conv2d(1024, 256, kernel_size=(1, 1), stride=(1, 1), bias=False)
        (bn1): SyncBatchNorm(256, eps=1e-05, momentum=0.1, affine=True, track_running_stats=True)
        (conv2): Conv2d(256, 256, kernel_size=(3, 3), stride=(1, 1), padding=(2, 2), dilation=(2, 2), bias=False)
        (bn2): SyncBatchNorm(256, eps=1e-05, momentum=0.1, affine=True, track_running_stats=True)
        (conv3): Conv2d(256, 1024, kernel_size=(1, 1), stride=(1, 1), bias=False)
        (bn3): SyncBatchNorm(1024, eps=1e-05, momentum=0.1, affine=True, track_running_stats=True)
        (relu): ReLU(inplace=True)
      )
      (4): Bottleneck(
        (conv1): Conv2d(1024, 256, kernel_size=(1, 1), stride=(1, 1), bias=False)
        (bn1): SyncBatchNorm(256, eps=1e-05, momentum=0.1, affine=True, track_running_stats=True)
        (conv2): Conv2d(256, 256, kernel_size=(3, 3), stride=(1, 1), padding=(2, 2), dilation=(2, 2), bias=False)
        (bn2): SyncBatchNorm(256, eps=1e-05, momentum=0.1, affine=True, track_running_stats=True)
        (conv3): Conv2d(256, 1024, kernel_size=(1, 1), stride=(1, 1), bias=False)
        (bn3): SyncBatchNorm(1024, eps=1e-05, momentum=0.1, affine=True, track_running_stats=True)
        (relu): ReLU(inplace=True)
      )
      (5): Bottleneck(
        (conv1): Conv2d(1024, 256, kernel_size=(1, 1), stride=(1, 1), bias=False)
        (bn1): SyncBatchNorm(256, eps=1e-05, momentum=0.1, affine=True, track_running_stats=True)
        (conv2): Conv2d(256, 256, kernel_size=(3, 3), stride=(1, 1), padding=(2, 2), dilation=(2, 2), bias=False)
        (bn2): SyncBatchNorm(256, eps=1e-05, momentum=0.1, affine=True, track_running_stats=True)
        (conv3): Conv2d(256, 1024, kernel_size=(1, 1), stride=(1, 1), bias=False)
        (bn3): SyncBatchNorm(1024, eps=1e-05, momentum=0.1, affine=True, track_running_stats=True)
        (relu): ReLU(inplace=True)
      )
    )
    (layer4): ResLayer(
      (0): Bottleneck(
        (conv1): Conv2d(1024, 512, kernel_size=(1, 1), stride=(1, 1), bias=False)
        (bn1): SyncBatchNorm(512, eps=1e-05, momentum=0.1, affine=True, track_running_stats=True)
        (conv2): Conv2d(512, 512, kernel_size=(3, 3), stride=(1, 1), padding=(2, 2), dilation=(2, 2), bias=False)
        (bn2): SyncBatchNorm(512, eps=1e-05, momentum=0.1, affine=True, track_running_stats=True)
        (conv3): Conv2d(512, 2048, kernel_size=(1, 1), stride=(1, 1), bias=False)
        (bn3): SyncBatchNorm(2048, eps=1e-05, momentum=0.1, affine=True, track_running_stats=True)
        (relu): ReLU(inplace=True)
        (downsample): Sequential(
          (0): Conv2d(1024, 2048, kernel_size=(1, 1), stride=(1, 1), bias=False)
          (1): SyncBatchNorm(2048, eps=1e-05, momentum=0.1, affine=True, track_running_stats=True)
        )
      )
      (1): Bottleneck(
        (conv1): Conv2d(2048, 512, kernel_size=(1, 1), stride=(1, 1), bias=False)
        (bn1): SyncBatchNorm(512, eps=1e-05, momentum=0.1, affine=True, track_running_stats=True)
        (conv2): Conv2d(512, 512, kernel_size=(3, 3), stride=(1, 1), padding=(4, 4), dilation=(4, 4), bias=False)
        (bn2): SyncBatchNorm(512, eps=1e-05, momentum=0.1, affine=True, track_running_stats=True)
        (conv3): Conv2d(512, 2048, kernel_size=(1, 1), stride=(1, 1), bias=False)
        (bn3): SyncBatchNorm(2048, eps=1e-05, momentum=0.1, affine=True, track_running_stats=True)
        (relu): ReLU(inplace=True)
      )
      (2): Bottleneck(
        (conv1): Conv2d(2048, 512, kernel_size=(1, 1), stride=(1, 1), bias=False)
        (bn1): SyncBatchNorm(512, eps=1e-05, momentum=0.1, affine=True, track_running_stats=True)
        (conv2): Conv2d(512, 512, kernel_size=(3, 3), stride=(1, 1), padding=(4, 4), dilation=(4, 4), bias=False)
        (bn2): SyncBatchNorm(512, eps=1e-05, momentum=0.1, affine=True, track_running_stats=True)
        (conv3): Conv2d(512, 2048, kernel_size=(1, 1), stride=(1, 1), bias=False)
        (bn3): SyncBatchNorm(2048, eps=1e-05, momentum=0.1, affine=True, track_running_stats=True)
        (relu): ReLU(inplace=True)
      )
    )
  )
  init_cfg={'type': 'Pretrained', 'checkpoint': 'open-mmlab://resnet50_v1c'}
  (decode_head): PSPHead(
    input_transform=None, ignore_index=255, align_corners=False
    (loss_decode): CrossEntropyLoss()
    (conv_seg): Conv2d(512, 19, kernel_size=(1, 1), stride=(1, 1))
    (dropout): Dropout2d(p=0.1, inplace=False)
    (psp_modules): PPM(
      (0): Sequential(
        (0): AdaptiveAvgPool2d(output_size=1)
        (1): ConvModule(
          (conv): Conv2d(2048, 512, kernel_size=(1, 1), stride=(1, 1), bias=False)
          (bn): SyncBatchNorm(512, eps=1e-05, momentum=0.1, affine=True, track_running_stats=True)
          (activate): ReLU(inplace=True)
        )
      )
      (1): Sequential(
        (0): AdaptiveAvgPool2d(output_size=2)
        (1): ConvModule(
          (conv): Conv2d(2048, 512, kernel_size=(1, 1), stride=(1, 1), bias=False)
          (bn): SyncBatchNorm(512, eps=1e-05, momentum=0.1, affine=True, track_running_stats=True)
          (activate): ReLU(inplace=True)
        )
      )
      (2): Sequential(
        (0): AdaptiveAvgPool2d(output_size=3)
        (1): ConvModule(
          (conv): Conv2d(2048, 512, kernel_size=(1, 1), stride=(1, 1), bias=False)
          (bn): SyncBatchNorm(512, eps=1e-05, momentum=0.1, affine=True, track_running_stats=True)
          (activate): ReLU(inplace=True)
        )
      )
      (3): Sequential(
        (0): AdaptiveAvgPool2d(output_size=6)
        (1): ConvModule(
          (conv): Conv2d(2048, 512, kernel_size=(1, 1), stride=(1, 1), bias=False)
          (bn): SyncBatchNorm(512, eps=1e-05, momentum=0.1, affine=True, track_running_stats=True)
          (activate): ReLU(inplace=True)
        )
      )
    )
    (bottleneck): ConvModule(
      (conv): Conv2d(4096, 512, kernel_size=(3, 3), stride=(1, 1), padding=(1, 1), bias=False)
      (bn): SyncBatchNorm(512, eps=1e-05, momentum=0.1, affine=True, track_running_stats=True)
      (activate): ReLU(inplace=True)
    )
  )
  init_cfg={'type': 'Normal', 'std': 0.01, 'override': {'name': 'conv_seg'}}
  (auxiliary_head): FCNHead(
    input_transform=None, ignore_index=255, align_corners=False
    (loss_decode): CrossEntropyLoss()
    (conv_seg): Conv2d(256, 19, kernel_size=(1, 1), stride=(1, 1))
    (dropout): Dropout2d(p=0.1, inplace=False)
    (convs): Sequential(
      (0): ConvModule(
        (conv): Conv2d(1024, 256, kernel_size=(3, 3), stride=(1, 1), padding=(1, 1), bias=False)
        (bn): SyncBatchNorm(256, eps=1e-05, momentum=0.1, affine=True, track_running_stats=True)
        (activate): ReLU(inplace=True)
      )
    )
  )
  init_cfg={'type': 'Normal', 'std': 0.01, 'override': {'name': 'conv_seg'}}
)
2021-07-04 21:18:03,134 - mmseg - INFO - Start running, host: chengzesen@SH-IDC1-10-198-4-64, work_dir: /mnt/cache/chengzesen/workspace/mmsegmentation/work_dirs_1node_1gpu/pspnet_r50-d8_512x1024_4k_cityscapes
2021-07-04 21:18:03,134 - mmseg - INFO - Hooks will be executed in the following order:
before_run:
(VERY_HIGH   ) PolyLrUpdaterHook
(NORMAL      ) CheckpointHook
(NORMAL      ) DistEvalHook
(VERY_LOW    ) TextLoggerHook
 --------------------
before_train_epoch:
(VERY_HIGH   ) PolyLrUpdaterHook
(NORMAL      ) IterTimerHook
(NORMAL      ) DistEvalHook
(VERY_LOW    ) TextLoggerHook
 --------------------
before_train_iter:
(VERY_HIGH   ) PolyLrUpdaterHook
(NORMAL      ) IterTimerHook
(NORMAL      ) DistEvalHook
 --------------------
after_train_iter:
(ABOVE_NORMAL) OptimizerHook
(NORMAL      ) CheckpointHook
(NORMAL      ) IterTimerHook
(NORMAL      ) DistEvalHook
(VERY_LOW    ) TextLoggerHook
 --------------------
after_train_epoch:
(NORMAL      ) CheckpointHook
(NORMAL      ) DistEvalHook
(VERY_LOW    ) TextLoggerHook
 --------------------
before_val_epoch:
(NORMAL      ) IterTimerHook
(VERY_LOW    ) TextLoggerHook
 --------------------
before_val_iter:
(NORMAL      ) IterTimerHook
 --------------------
after_val_iter:
(NORMAL      ) IterTimerHook
 --------------------
after_val_epoch:
(VERY_LOW    ) TextLoggerHook
 --------------------
2021-07-04 21:18:03,135 - mmseg - INFO - workflow: [('train', 1)], max: 4000 iters
2021-07-04 21:20:06,979 - mmseg - INFO - Iter [50/4000]	lr: 9.891e-03, eta: 0:50:22, time: 0.765, data_time: 0.054, memory: 18765, decode.loss_seg: 2.9505, decode.acc_seg: 5.2602, aux.loss_seg: 1.1792, aux.acc_seg: 5.2590, loss: 4.1296
2021-07-04 21:20:31,558 - mmseg - INFO - Iter [100/4000]	lr: 9.779e-03, eta: 0:40:50, time: 0.492, data_time: 0.020, memory: 18765, decode.loss_seg: 2.9491, decode.acc_seg: 5.2668, aux.loss_seg: 1.1789, aux.acc_seg: 5.2610, loss: 4.1280
2021-07-04 21:20:56,100 - mmseg - INFO - Iter [150/4000]	lr: 9.667e-03, eta: 0:37:22, time: 0.491, data_time: 0.023, memory: 18765, decode.loss_seg: 2.9484, decode.acc_seg: 5.2624, aux.loss_seg: 1.1788, aux.acc_seg: 5.2622, loss: 4.1272
2021-07-04 21:21:20,054 - mmseg - INFO - Iter [200/4000]	lr: 9.556e-03, eta: 0:35:15, time: 0.479, data_time: 0.018, memory: 18765, decode.loss_seg: 2.9478, decode.acc_seg: 5.2595, aux.loss_seg: 1.1787, aux.acc_seg: 5.2608, loss: 4.1266
2021-07-04 21:21:43,957 - mmseg - INFO - Iter [250/4000]	lr: 9.444e-03, eta: 0:33:48, time: 0.478, data_time: 0.017, memory: 18765, decode.loss_seg: 2.9474, decode.acc_seg: 5.2610, aux.loss_seg: 1.1787, aux.acc_seg: 5.2590, loss: 4.1261
2021-07-04 21:22:08,653 - mmseg - INFO - Iter [300/4000]	lr: 9.331e-03, eta: 0:32:52, time: 0.494, data_time: 0.023, memory: 18765, decode.loss_seg: 2.9471, decode.acc_seg: 5.2614, aux.loss_seg: 1.1786, aux.acc_seg: 5.2634, loss: 4.1257
2021-07-04 21:22:31,909 - mmseg - INFO - Iter [350/4000]	lr: 9.219e-03, eta: 0:31:50, time: 0.465, data_time: 0.013, memory: 18765, decode.loss_seg: 2.9467, decode.acc_seg: 5.2664, aux.loss_seg: 1.1785, aux.acc_seg: 5.2606, loss: 4.1253
2021-07-04 21:22:56,007 - mmseg - INFO - Iter [400/4000]	lr: 9.107e-03, eta: 0:31:05, time: 0.482, data_time: 0.014, memory: 18765, decode.loss_seg: 2.9465, decode.acc_seg: 5.2602, aux.loss_seg: 1.1785, aux.acc_seg: 5.2625, loss: 4.1250
2021-07-04 21:23:20,001 - mmseg - INFO - Iter [450/4000]	lr: 8.994e-03, eta: 0:30:24, time: 0.480, data_time: 0.018, memory: 18765, decode.loss_seg: 2.9462, decode.acc_seg: 5.2664, aux.loss_seg: 1.1785, aux.acc_seg: 5.2611, loss: 4.1247
2021-07-04 21:23:44,242 - mmseg - INFO - Iter [500/4000]	lr: 8.881e-03, eta: 0:29:48, time: 0.485, data_time: 0.021, memory: 18765, decode.loss_seg: 2.9461, decode.acc_seg: 5.2613, aux.loss_seg: 1.1784, aux.acc_seg: 5.2662, loss: 4.1245
2021-07-04 21:24:07,985 - mmseg - INFO - Iter [550/4000]	lr: 8.768e-03, eta: 0:29:11, time: 0.475, data_time: 0.015, memory: 18765, decode.loss_seg: 2.9459, decode.acc_seg: 5.2567, aux.loss_seg: 1.1784, aux.acc_seg: 5.2646, loss: 4.1243
2021-07-04 21:24:31,533 - mmseg - INFO - Iter [600/4000]	lr: 8.655e-03, eta: 0:28:35, time: 0.471, data_time: 0.015, memory: 18765, decode.loss_seg: 2.9457, decode.acc_seg: 5.2611, aux.loss_seg: 1.1783, aux.acc_seg: 5.2646, loss: 4.1241
2021-07-04 21:24:55,102 - mmseg - INFO - Iter [650/4000]	lr: 8.542e-03, eta: 0:28:02, time: 0.471, data_time: 0.013, memory: 18765, decode.loss_seg: 2.9456, decode.acc_seg: 5.2667, aux.loss_seg: 1.1783, aux.acc_seg: 5.2573, loss: 4.1239
2021-07-04 21:25:19,464 - mmseg - INFO - Iter [700/4000]	lr: 8.428e-03, eta: 0:27:33, time: 0.487, data_time: 0.017, memory: 18765, decode.loss_seg: 2.9455, decode.acc_seg: 5.2688, aux.loss_seg: 1.1783, aux.acc_seg: 5.2640, loss: 4.1238
2021-07-04 21:25:43,525 - mmseg - INFO - Iter [750/4000]	lr: 8.315e-03, eta: 0:27:04, time: 0.481, data_time: 0.019, memory: 18765, decode.loss_seg: 2.9454, decode.acc_seg: 5.2644, aux.loss_seg: 1.1783, aux.acc_seg: 5.2627, loss: 4.1236
2021-07-04 21:26:07,233 - mmseg - INFO - Iter [800/4000]	lr: 8.201e-03, eta: 0:26:33, time: 0.474, data_time: 0.016, memory: 18765, decode.loss_seg: 2.9453, decode.acc_seg: 5.2694, aux.loss_seg: 1.1782, aux.acc_seg: 5.2614, loss: 4.1235
2021-07-04 21:26:31,199 - mmseg - INFO - Iter [850/4000]	lr: 8.087e-03, eta: 0:26:05, time: 0.480, data_time: 0.018, memory: 18765, decode.loss_seg: 2.9452, decode.acc_seg: 5.2649, aux.loss_seg: 1.1782, aux.acc_seg: 5.2634, loss: 4.1234
2021-07-04 21:26:55,530 - mmseg - INFO - Iter [900/4000]	lr: 7.973e-03, eta: 0:25:38, time: 0.487, data_time: 0.022, memory: 18765, decode.loss_seg: 2.9452, decode.acc_seg: 5.2620, aux.loss_seg: 1.1782, aux.acc_seg: 5.2649, loss: 4.1234
2021-07-04 21:27:19,286 - mmseg - INFO - Iter [950/4000]	lr: 7.859e-03, eta: 0:25:10, time: 0.475, data_time: 0.017, memory: 18765, decode.loss_seg: 2.9451, decode.acc_seg: 5.2698, aux.loss_seg: 1.1782, aux.acc_seg: 5.2677, loss: 4.1233
2021-07-04 21:27:43,734 - mmseg - INFO - Exp name: pspnet_r50-d8_512x1024_4k_cityscapes.py
2021-07-04 21:27:43,735 - mmseg - INFO - Iter [1000/4000]	lr: 7.744e-03, eta: 0:24:45, time: 0.489, data_time: 0.020, memory: 18765, decode.loss_seg: 2.9450, decode.acc_seg: 5.2661, aux.loss_seg: 1.1782, aux.acc_seg: 5.2653, loss: 4.1232
2021-07-04 21:28:08,859 - mmseg - INFO - Iter [1050/4000]	lr: 7.629e-03, eta: 0:24:21, time: 0.502, data_time: 0.024, memory: 18765, decode.loss_seg: 2.9450, decode.acc_seg: 5.2546, aux.loss_seg: 1.1781, aux.acc_seg: 5.2663, loss: 4.1231
2021-07-04 21:28:33,199 - mmseg - INFO - Iter [1100/4000]	lr: 7.514e-03, eta: 0:23:55, time: 0.487, data_time: 0.019, memory: 18765, decode.loss_seg: 2.9449, decode.acc_seg: 5.2611, aux.loss_seg: 1.1781, aux.acc_seg: 5.2589, loss: 4.1231
2021-07-04 21:28:56,692 - mmseg - INFO - Iter [1150/4000]	lr: 7.399e-03, eta: 0:23:27, time: 0.470, data_time: 0.017, memory: 18765, decode.loss_seg: 2.9449, decode.acc_seg: 5.2624, aux.loss_seg: 1.1781, aux.acc_seg: 5.2600, loss: 4.1230
2021-07-04 21:29:20,394 - mmseg - INFO - Iter [1200/4000]	lr: 7.284e-03, eta: 0:23:00, time: 0.474, data_time: 0.013, memory: 18765, decode.loss_seg: 2.9449, decode.acc_seg: 5.2648, aux.loss_seg: 1.1781, aux.acc_seg: 5.2608, loss: 4.1230
2021-07-04 21:29:45,676 - mmseg - INFO - Iter [1250/4000]	lr: 7.168e-03, eta: 0:22:37, time: 0.506, data_time: 0.028, memory: 18765, decode.loss_seg: 2.9449, decode.acc_seg: 5.2619, aux.loss_seg: 1.1781, aux.acc_seg: 5.2624, loss: 4.1229
2021-07-04 21:30:09,965 - mmseg - INFO - Iter [1300/4000]	lr: 7.053e-03, eta: 0:22:11, time: 0.486, data_time: 0.023, memory: 18765, decode.loss_seg: 2.9448, decode.acc_seg: 5.2656, aux.loss_seg: 1.1781, aux.acc_seg: 5.2669, loss: 4.1229
2021-07-04 21:30:33,656 - mmseg - INFO - Iter [1350/4000]	lr: 6.937e-03, eta: 0:21:45, time: 0.474, data_time: 0.018, memory: 18765, decode.loss_seg: 2.9448, decode.acc_seg: 5.2678, aux.loss_seg: 1.1781, aux.acc_seg: 5.2634, loss: 4.1228
2021-07-04 21:30:57,086 - mmseg - INFO - Iter [1400/4000]	lr: 6.821e-03, eta: 0:21:18, time: 0.469, data_time: 0.015, memory: 18765, decode.loss_seg: 2.9448, decode.acc_seg: 5.2651, aux.loss_seg: 1.1780, aux.acc_seg: 5.2620, loss: 4.1228
2021-07-04 21:31:20,678 - mmseg - INFO - Iter [1450/4000]	lr: 6.704e-03, eta: 0:20:52, time: 0.472, data_time: 0.011, memory: 18765, decode.loss_seg: 2.9447, decode.acc_seg: 5.2665, aux.loss_seg: 1.1780, aux.acc_seg: 5.2589, loss: 4.1228
2021-07-04 21:31:44,898 - mmseg - INFO - Iter [1500/4000]	lr: 6.588e-03, eta: 0:20:26, time: 0.484, data_time: 0.022, memory: 18765, decode.loss_seg: 2.9447, decode.acc_seg: 5.2610, aux.loss_seg: 1.1780, aux.acc_seg: 5.2627, loss: 4.1227
2021-07-04 21:32:10,060 - mmseg - INFO - Iter [1550/4000]	lr: 6.471e-03, eta: 0:20:03, time: 0.503, data_time: 0.021, memory: 18765, decode.loss_seg: 2.9447, decode.acc_seg: 5.2664, aux.loss_seg: 1.1780, aux.acc_seg: 5.2676, loss: 4.1227
2021-07-04 21:32:34,603 - mmseg - INFO - Iter [1600/4000]	lr: 6.354e-03, eta: 0:19:38, time: 0.491, data_time: 0.019, memory: 18765, decode.loss_seg: 2.9447, decode.acc_seg: 5.2666, aux.loss_seg: 1.1780, aux.acc_seg: 5.2615, loss: 4.1227
2021-07-04 21:32:59,061 - mmseg - INFO - Iter [1650/4000]	lr: 6.236e-03, eta: 0:19:13, time: 0.487, data_time: 0.014, memory: 18765, decode.loss_seg: 2.9447, decode.acc_seg: 5.2637, aux.loss_seg: 1.1780, aux.acc_seg: 5.2625, loss: 4.1227
2021-07-04 21:33:26,404 - mmseg - INFO - Iter [1700/4000]	lr: 6.119e-03, eta: 0:18:53, time: 0.549, data_time: 0.022, memory: 18765, decode.loss_seg: 2.9447, decode.acc_seg: 5.2625, aux.loss_seg: 1.1780, aux.acc_seg: 5.2659, loss: 4.1227
2021-07-04 21:33:53,882 - mmseg - INFO - Iter [1750/4000]	lr: 6.001e-03, eta: 0:18:32, time: 0.550, data_time: 0.025, memory: 18765, decode.loss_seg: 2.9446, decode.acc_seg: 5.2633, aux.loss_seg: 1.1780, aux.acc_seg: 5.2600, loss: 4.1226
2021-07-04 21:34:17,970 - mmseg - INFO - Iter [1800/4000]	lr: 5.883e-03, eta: 0:18:06, time: 0.482, data_time: 0.013, memory: 18765, decode.loss_seg: 2.9446, decode.acc_seg: 5.2627, aux.loss_seg: 1.1780, aux.acc_seg: 5.2640, loss: 4.1226
2021-07-04 21:34:47,552 - mmseg - INFO - Iter [1850/4000]	lr: 5.764e-03, eta: 0:17:47, time: 0.592, data_time: 0.027, memory: 18765, decode.loss_seg: 2.9446, decode.acc_seg: 5.2660, aux.loss_seg: 1.1780, aux.acc_seg: 5.2623, loss: 4.1226
2021-07-04 21:35:11,275 - mmseg - INFO - Iter [1900/4000]	lr: 5.646e-03, eta: 0:17:21, time: 0.474, data_time: 0.016, memory: 18765, decode.loss_seg: 2.9446, decode.acc_seg: 5.2715, aux.loss_seg: 1.1780, aux.acc_seg: 5.2620, loss: 4.1226
2021-07-04 21:35:34,917 - mmseg - INFO - Iter [1950/4000]	lr: 5.527e-03, eta: 0:16:55, time: 0.473, data_time: 0.013, memory: 18765, decode.loss_seg: 2.9446, decode.acc_seg: 5.2650, aux.loss_seg: 1.1780, aux.acc_seg: 5.2659, loss: 4.1226
2021-07-04 21:35:58,667 - mmseg - INFO - Saving checkpoint at 2000 iterations
2021-07-04 21:40:44,223 - mmseg - INFO - per class results:
2021-07-04 21:40:44,234 - mmseg - INFO -
+---------------+------+-------+
|     Class     | IoU  |  Acc  |
+---------------+------+-------+
|      road     | 4.52 | 24.12 |
|    sidewalk   | 1.84 |  2.76 |
|    building   | 0.08 |  0.08 |
|      wall     | 0.95 |  1.15 |
|     fence     | 0.46 |  0.51 |
|      pole     | 0.28 |  0.3  |
| traffic light | 1.2  |  1.53 |
|  traffic sign | 0.67 |  0.76 |
|   vegetation  | 0.96 |  1.16 |
|    terrain    | 1.07 |  1.32 |
|      sky      | 1.92 |  2.93 |
|     person    | 0.03 |  0.03 |
|     rider     | 0.21 |  0.22 |
|      car      | 4.97 | 47.36 |
|     truck     | 2.34 |  4.06 |
|      bus      | 0.31 |  0.33 |
|     train     | 3.66 | 10.71 |
|   motorcycle  | 0.06 |  0.06 |
|    bicycle    | 0.54 |  0.59 |
+---------------+------+-------+
2021-07-04 21:40:44,239 - mmseg - INFO - Summary:
2021-07-04 21:40:44,240 - mmseg - INFO -
+------+------+------+
| aAcc | mIoU | mAcc |
+------+------+------+
| 5.26 | 1.37 | 5.26 |
+------+------+------+
2021-07-04 21:40:45,586 - mmseg - INFO - Exp name: pspnet_r50-d8_512x1024_4k_cityscapes.py
2021-07-04 21:40:45,593 - mmseg - INFO - Iter [500/4000]	lr: 5.408e-03, eta: 0:16:31, time: 0.515, data_time: 0.016, memory: 18765, aAcc: 0.0526, mIoU: 0.0137, mAcc: 0.0526, IoU.road: 0.0452, IoU.sidewalk: 0.0184, IoU.building: 0.0008, IoU.wall: 0.0095, IoU.fence: 0.0046, IoU.pole: 0.0028, IoU.traffic light: 0.0120, IoU.traffic sign: 0.0067, IoU.vegetation: 0.0096, IoU.terrain: 0.0107, IoU.sky: 0.0192, IoU.person: 0.0003, IoU.rider: 0.0021, IoU.car: 0.0497, IoU.truck: 0.0234, IoU.bus: 0.0031, IoU.train: 0.0366, IoU.motorcycle: 0.0006, IoU.bicycle: 0.0054, Acc.road: 0.2412, Acc.sidewalk: 0.0276, Acc.building: 0.0008, Acc.wall: 0.0115, Acc.fence: 0.0051, Acc.pole: 0.0030, Acc.traffic light: 0.0153, Acc.traffic sign: 0.0076, Acc.vegetation: 0.0116, Acc.terrain: 0.0132, Acc.sky: 0.0293, Acc.person: 0.0003, Acc.rider: 0.0022, Acc.car: 0.4736, Acc.truck: 0.0406, Acc.bus: 0.0033, Acc.train: 0.1071, Acc.motorcycle: 0.0006, Acc.bicycle: 0.0059, decode.loss_seg: 2.9446, decode.acc_seg: 5.2700, aux.loss_seg: 1.1780, aux.acc_seg: 5.2668, loss: 4.1226
2021-07-04 21:41:09,834 - mmseg - INFO - Iter [2050/4000]	lr: 5.288e-03, eta: 0:20:37, time: 6.183, data_time: 5.720, memory: 18765, decode.loss_seg: 2.9446, decode.acc_seg: 5.2678, aux.loss_seg: 1.1780, aux.acc_seg: 5.2660, loss: 4.1225
2021-07-04 21:41:34,008 - mmseg - INFO - Iter [2100/4000]	lr: 5.168e-03, eta: 0:19:59, time: 0.484, data_time: 0.020, memory: 18765, decode.loss_seg: 2.9446, decode.acc_seg: 5.2640, aux.loss_seg: 1.1779, aux.acc_seg: 5.2655, loss: 4.1225
2021-07-04 21:41:58,169 - mmseg - INFO - Iter [2150/4000]	lr: 5.048e-03, eta: 0:19:21, time: 0.483, data_time: 0.022, memory: 18765, decode.loss_seg: 2.9446, decode.acc_seg: 5.2740, aux.loss_seg: 1.1779, aux.acc_seg: 5.2681, loss: 4.1225
2021-07-04 21:42:22,402 - mmseg - INFO - Iter [2200/4000]	lr: 4.928e-03, eta: 0:18:43, time: 0.485, data_time: 0.020, memory: 18765, decode.loss_seg: 2.9446, decode.acc_seg: 5.2658, aux.loss_seg: 1.1779, aux.acc_seg: 5.2661, loss: 4.1225
2021-07-04 21:42:46,578 - mmseg - INFO - Iter [2250/4000]	lr: 4.807e-03, eta: 0:18:07, time: 0.484, data_time: 0.016, memory: 18765, decode.loss_seg: 2.9446, decode.acc_seg: 5.2659, aux.loss_seg: 1.1779, aux.acc_seg: 5.2663, loss: 4.1225
2021-07-04 21:43:11,959 - mmseg - INFO - Iter [2300/4000]	lr: 4.686e-03, eta: 0:17:31, time: 0.508, data_time: 0.018, memory: 18765, decode.loss_seg: 2.9446, decode.acc_seg: 5.2636, aux.loss_seg: 1.1779, aux.acc_seg: 5.2680, loss: 4.1225
2021-07-04 21:43:34,560 - mmseg - INFO - Iter [2350/4000]	lr: 4.564e-03, eta: 0:16:55, time: 0.452, data_time: 0.014, memory: 18765, decode.loss_seg: 2.9446, decode.acc_seg: 5.2624, aux.loss_seg: 1.1779, aux.acc_seg: 5.2652, loss: 4.1225
2021-07-04 21:44:02,004 - mmseg - INFO - Iter [2400/4000]	lr: 4.442e-03, eta: 0:16:22, time: 0.549, data_time: 0.044, memory: 18765, decode.loss_seg: 2.9446, decode.acc_seg: 5.2695, aux.loss_seg: 1.1779, aux.acc_seg: 5.2644, loss: 4.1225
2021-07-04 21:44:29,548 - mmseg - INFO - Iter [2450/4000]	lr: 4.320e-03, eta: 0:15:49, time: 0.551, data_time: 0.028, memory: 18765, decode.loss_seg: 2.9445, decode.acc_seg: 5.2676, aux.loss_seg: 1.1779, aux.acc_seg: 5.2644, loss: 4.1225
2021-07-04 21:44:53,088 - mmseg - INFO - Iter [2500/4000]	lr: 4.198e-03, eta: 0:15:14, time: 0.471, data_time: 0.015, memory: 18765, decode.loss_seg: 2.9445, decode.acc_seg: 5.2671, aux.loss_seg: 1.1779, aux.acc_seg: 5.2647, loss: 4.1225
2021-07-04 21:45:16,213 - mmseg - INFO - Iter [2550/4000]	lr: 4.074e-03, eta: 0:14:39, time: 0.462, data_time: 0.009, memory: 18765, decode.loss_seg: 2.9445, decode.acc_seg: 5.2663, aux.loss_seg: 1.1779, aux.acc_seg: 5.2634, loss: 4.1225
2021-07-04 21:45:45,282 - mmseg - INFO - Iter [2600/4000]	lr: 3.951e-03, eta: 0:14:08, time: 0.580, data_time: 0.021, memory: 18765, decode.loss_seg: 2.9445, decode.acc_seg: 5.2693, aux.loss_seg: 1.1779, aux.acc_seg: 5.2640, loss: 4.1225
2021-07-04 21:46:07,620 - mmseg - INFO - Iter [2650/4000]	lr: 3.827e-03, eta: 0:13:34, time: 0.448, data_time: 0.011, memory: 18765, decode.loss_seg: 2.9445, decode.acc_seg: 5.2659, aux.loss_seg: 1.1779, aux.acc_seg: 5.2605, loss: 4.1224
2021-07-04 21:46:34,237 - mmseg - INFO - Iter [2700/4000]	lr: 3.703e-03, eta: 0:13:02, time: 0.532, data_time: 0.051, memory: 18765, decode.loss_seg: 2.9445, decode.acc_seg: 5.2694, aux.loss_seg: 1.1779, aux.acc_seg: 5.2615, loss: 4.1224
2021-07-04 21:46:57,349 - mmseg - INFO - Iter [2750/4000]	lr: 3.578e-03, eta: 0:12:29, time: 0.462, data_time: 0.010, memory: 18765, decode.loss_seg: 2.9445, decode.acc_seg: 5.2643, aux.loss_seg: 1.1779, aux.acc_seg: 5.2661, loss: 4.1224
2021-07-04 21:47:25,598 - mmseg - INFO - Iter [2800/4000]	lr: 3.453e-03, eta: 0:11:58, time: 0.565, data_time: 0.031, memory: 18765, decode.loss_seg: 2.9445, decode.acc_seg: 5.2674, aux.loss_seg: 1.1779, aux.acc_seg: 5.2593, loss: 4.1224
2021-07-04 21:47:47,697 - mmseg - INFO - Iter [2850/4000]	lr: 3.327e-03, eta: 0:11:25, time: 0.442, data_time: 0.007, memory: 18765, decode.loss_seg: 2.9445, decode.acc_seg: 5.2643, aux.loss_seg: 1.1779, aux.acc_seg: 5.2652, loss: 4.1224
2021-07-04 21:48:09,785 - mmseg - INFO - Iter [2900/4000]	lr: 3.200e-03, eta: 0:10:52, time: 0.442, data_time: 0.007, memory: 18765, decode.loss_seg: 2.9445, decode.acc_seg: 5.2658, aux.loss_seg: 1.1779, aux.acc_seg: 5.2628, loss: 4.1224
2021-07-04 21:48:31,864 - mmseg - INFO - Iter [2950/4000]	lr: 3.073e-03, eta: 0:10:20, time: 0.442, data_time: 0.007, memory: 18765, decode.loss_seg: 2.9445, decode.acc_seg: 5.2666, aux.loss_seg: 1.1779, aux.acc_seg: 5.2634, loss: 4.1224
2021-07-04 21:48:54,210 - mmseg - INFO - Exp name: pspnet_r50-d8_512x1024_4k_cityscapes.py
2021-07-04 21:48:54,210 - mmseg - INFO - Iter [3000/4000]	lr: 2.946e-03, eta: 0:09:48, time: 0.447, data_time: 0.012, memory: 18765, decode.loss_seg: 2.9445, decode.acc_seg: 5.2653, aux.loss_seg: 1.1779, aux.acc_seg: 5.2648, loss: 4.1224
2021-07-04 21:49:16,264 - mmseg - INFO - Iter [3050/4000]	lr: 2.817e-03, eta: 0:09:16, time: 0.441, data_time: 0.007, memory: 18765, decode.loss_seg: 2.9445, decode.acc_seg: 5.2668, aux.loss_seg: 1.1779, aux.acc_seg: 5.2623, loss: 4.1224
2021-07-04 21:49:38,322 - mmseg - INFO - Iter [3100/4000]	lr: 2.688e-03, eta: 0:08:45, time: 0.441, data_time: 0.007, memory: 18765, decode.loss_seg: 2.9445, decode.acc_seg: 5.2643, aux.loss_seg: 1.1779, aux.acc_seg: 5.2633, loss: 4.1224
2021-07-04 21:50:00,373 - mmseg - INFO - Iter [3150/4000]	lr: 2.559e-03, eta: 0:08:14, time: 0.441, data_time: 0.007, memory: 18765, decode.loss_seg: 2.9445, decode.acc_seg: 5.2700, aux.loss_seg: 1.1779, aux.acc_seg: 5.2671, loss: 4.1224
2021-07-04 21:50:22,429 - mmseg - INFO - Iter [3200/4000]	lr: 2.428e-03, eta: 0:07:43, time: 0.441, data_time: 0.007, memory: 18765, decode.loss_seg: 2.9445, decode.acc_seg: 5.2649, aux.loss_seg: 1.1779, aux.acc_seg: 5.2661, loss: 4.1224
2021-07-04 21:50:44,502 - mmseg - INFO - Iter [3250/4000]	lr: 2.297e-03, eta: 0:07:12, time: 0.441, data_time: 0.007, memory: 18765, decode.loss_seg: 2.9445, decode.acc_seg: 5.2681, aux.loss_seg: 1.1779, aux.acc_seg: 5.2653, loss: 4.1224
2021-07-04 21:51:06,537 - mmseg - INFO - Iter [3300/4000]	lr: 2.165e-03, eta: 0:06:42, time: 0.441, data_time: 0.007, memory: 18765, decode.loss_seg: 2.9445, decode.acc_seg: 5.2655, aux.loss_seg: 1.1779, aux.acc_seg: 5.2632, loss: 4.1224
2021-07-04 21:51:28,730 - mmseg - INFO - Iter [3350/4000]	lr: 2.032e-03, eta: 0:06:12, time: 0.444, data_time: 0.008, memory: 18765, decode.loss_seg: 2.9445, decode.acc_seg: 5.2643, aux.loss_seg: 1.1779, aux.acc_seg: 5.2597, loss: 4.1224
2021-07-04 21:51:50,792 - mmseg - INFO - Iter [3400/4000]	lr: 1.898e-03, eta: 0:05:42, time: 0.441, data_time: 0.007, memory: 18765, decode.loss_seg: 2.9445, decode.acc_seg: 5.2658, aux.loss_seg: 1.1779, aux.acc_seg: 5.2625, loss: 4.1224
2021-07-04 21:52:12,918 - mmseg - INFO - Iter [3450/4000]	lr: 1.763e-03, eta: 0:05:13, time: 0.443, data_time: 0.008, memory: 18765, decode.loss_seg: 2.9445, decode.acc_seg: 5.2672, aux.loss_seg: 1.1779, aux.acc_seg: 5.2619, loss: 4.1224
2021-07-04 21:52:34,954 - mmseg - INFO - Iter [3500/4000]	lr: 1.626e-03, eta: 0:04:43, time: 0.441, data_time: 0.007, memory: 18765, decode.loss_seg: 2.9445, decode.acc_seg: 5.2697, aux.loss_seg: 1.1779, aux.acc_seg: 5.2650, loss: 4.1224
2021-07-04 21:52:57,006 - mmseg - INFO - Iter [3550/4000]	lr: 1.488e-03, eta: 0:04:14, time: 0.441, data_time: 0.007, memory: 18765, decode.loss_seg: 2.9445, decode.acc_seg: 5.2633, aux.loss_seg: 1.1779, aux.acc_seg: 5.2640, loss: 4.1224
2021-07-04 21:53:19,027 - mmseg - INFO - Iter [3600/4000]	lr: 1.349e-03, eta: 0:03:45, time: 0.440, data_time: 0.007, memory: 18765, decode.loss_seg: 2.9445, decode.acc_seg: 5.2611, aux.loss_seg: 1.1779, aux.acc_seg: 5.2684, loss: 4.1224
2021-07-04 21:53:41,406 - mmseg - INFO - Iter [3650/4000]	lr: 1.208e-03, eta: 0:03:16, time: 0.448, data_time: 0.007, memory: 18765, decode.loss_seg: 2.9445, decode.acc_seg: 5.2636, aux.loss_seg: 1.1779, aux.acc_seg: 5.2644, loss: 4.1224
2021-07-04 21:54:03,490 - mmseg - INFO - Iter [3700/4000]	lr: 1.065e-03, eta: 0:02:48, time: 0.442, data_time: 0.008, memory: 18765, decode.loss_seg: 2.9445, decode.acc_seg: 5.2687, aux.loss_seg: 1.1779, aux.acc_seg: 5.2639, loss: 4.1224
2021-07-04 21:54:30,736 - mmseg - INFO - Iter [3750/4000]	lr: 9.194e-04, eta: 0:02:20, time: 0.545, data_time: 0.025, memory: 18765, decode.loss_seg: 2.9445, decode.acc_seg: 5.2698, aux.loss_seg: 1.1779, aux.acc_seg: 5.2708, loss: 4.1224
2021-07-04 21:54:52,746 - mmseg - INFO - Iter [3800/4000]	lr: 7.709e-04, eta: 0:01:51, time: 0.440, data_time: 0.007, memory: 18765, decode.loss_seg: 2.9445, decode.acc_seg: 5.2650, aux.loss_seg: 1.1779, aux.acc_seg: 5.2617, loss: 4.1224
2021-07-04 21:55:14,741 - mmseg - INFO - Iter [3850/4000]	lr: 6.186e-04, eta: 0:01:23, time: 0.440, data_time: 0.007, memory: 18765, decode.loss_seg: 2.9445, decode.acc_seg: 5.2669, aux.loss_seg: 1.1779, aux.acc_seg: 5.2632, loss: 4.1224
2021-07-04 21:55:36,748 - mmseg - INFO - Iter [3900/4000]	lr: 4.611e-04, eta: 0:00:55, time: 0.440, data_time: 0.008, memory: 18765, decode.loss_seg: 2.9445, decode.acc_seg: 5.2646, aux.loss_seg: 1.1779, aux.acc_seg: 5.2643, loss: 4.1224
2021-07-04 21:55:58,771 - mmseg - INFO - Iter [3950/4000]	lr: 2.953e-04, eta: 0:00:27, time: 0.440, data_time: 0.008, memory: 18765, decode.loss_seg: 2.9445, decode.acc_seg: 5.2697, aux.loss_seg: 1.1779, aux.acc_seg: 5.2628, loss: 4.1224
2021-07-04 21:56:20,704 - mmseg - INFO - Saving checkpoint at 4000 iterations
2021-07-04 21:58:29,872 - mmseg - INFO - per class results:
2021-07-04 21:58:29,898 - mmseg - INFO -
+---------------+------+-------+
|     Class     | IoU  |  Acc  |
+---------------+------+-------+
|      road     | 4.92 | 42.68 |
|    sidewalk   | 2.78 |  5.57 |
|    building   | 1.43 |  1.92 |
|      wall     | 0.3  |  0.32 |
|     fence     | 0.45 |  0.49 |
|      pole     | 0.31 |  0.33 |
| traffic light | 0.3  |  0.32 |
|  traffic sign | 1.15 |  1.45 |
|   vegetation  | 0.42 |  0.46 |
|    terrain    | 0.51 |  0.56 |
|      sky      | 0.32 |  0.34 |
|     person    | 0.18 |  0.18 |
|     rider     | 0.07 |  0.07 |
|      car      | 4.94 | 44.16 |
|     truck     | 0.27 |  0.28 |
|      bus      | 0.24 |  0.25 |
|     train     | 0.51 |  0.56 |
|   motorcycle  | 0.05 |  0.05 |
|    bicycle    | 0.09 |  0.09 |
+---------------+------+-------+
2021-07-04 21:58:29,898 - mmseg - INFO - Summary:
2021-07-04 21:58:29,898 - mmseg - INFO -
+------+------+------+
| aAcc | mIoU | mAcc |
+------+------+------+
| 5.27 | 1.01 | 5.27 |
+------+------+------+
2021-07-04 21:58:30,382 - mmseg - INFO - Exp name: pspnet_r50-d8_512x1024_4k_cityscapes.py
2021-07-04 21:58:30,382 - mmseg - INFO - Iter [500/4000]	lr: 1.057e-04, eta: 0:00:00, time: 0.464, data_time: 0.007, memory: 18765, aAcc: 0.0527, mIoU: 0.0101, mAcc: 0.0527, IoU.road: 0.0492, IoU.sidewalk: 0.0278, IoU.building: 0.0143, IoU.wall: 0.0030, IoU.fence: 0.0045, IoU.pole: 0.0031, IoU.traffic light: 0.0030, IoU.traffic sign: 0.0115, IoU.vegetation: 0.0042, IoU.terrain: 0.0051, IoU.sky: 0.0032, IoU.person: 0.0018, IoU.rider: 0.0007, IoU.car: 0.0494, IoU.truck: 0.0027, IoU.bus: 0.0024, IoU.train: 0.0051, IoU.motorcycle: 0.0005, IoU.bicycle: 0.0009, Acc.road: 0.4268, Acc.sidewalk: 0.0557, Acc.building: 0.0192, Acc.wall: 0.0032, Acc.fence: 0.0049, Acc.pole: 0.0033, Acc.traffic light: 0.0032, Acc.traffic sign: 0.0145, Acc.vegetation: 0.0046, Acc.terrain: 0.0056, Acc.sky: 0.0034, Acc.person: 0.0018, Acc.rider: 0.0007, Acc.car: 0.4416, Acc.truck: 0.0028, Acc.bus: 0.0025, Acc.train: 0.0056, Acc.motorcycle: 0.0005, Acc.bicycle: 0.0009, decode.loss_seg: 2.9445, decode.acc_seg: 5.2660, aux.loss_seg: 1.1779, aux.acc_seg: 5.2656, loss: 4.1224
