2021-07-04 21:15:35,874 - mmseg - INFO - Environment info:
------------------------------------------------------------
sys.platform: linux
Python: 3.7.10 (default, Feb 26 2021, 18:47:35) [GCC 7.3.0]
CUDA available: True
GPU 0,1,2,3,4,5,6,7: Tesla V100-SXM2-32GB
CUDA_HOME: /mnt/cache/share/polaris/dep/cuda-10.1-cudnn7.6.5
NVCC: Cuda compilation tools, release 10.1, V10.1.243
GCC: gcc (GCC) 5.4.0
PyTorch: 1.8.0
PyTorch compiling details: PyTorch built with:
  - GCC 7.3
  - C++ Version: 201402
  - Intel(R) Math Kernel Library Version 2020.0.2 Product Build 20200624 for Intel(R) 64 architecture applications
  - Intel(R) MKL-DNN v1.7.0 (Git Hash 7aed236906b1f7a05c0917e5257a1af05e9ff683)
  - OpenMP 201511 (a.k.a. OpenMP 4.5)
  - NNPACK is enabled
  - CPU capability usage: AVX2
  - CUDA Runtime 10.1
  - NVCC architecture flags: -gencode;arch=compute_37,code=sm_37;-gencode;arch=compute_50,code=sm_50;-gencode;arch=compute_60,code=sm_60;-gencode;arch=compute_61,code=sm_61;-gencode;arch=compute_70,code=sm_70;-gencode;arch=compute_75,code=sm_75;-gencode;arch=compute_37,code=compute_37
  - CuDNN 7.6.3
  - Magma 2.5.2
  - Build settings: BLAS_INFO=mkl, BUILD_TYPE=Release, CUDA_VERSION=10.1, CUDNN_VERSION=7.6.3, CXX_COMPILER=/opt/rh/devtoolset-7/root/usr/bin/c++, CXX_FLAGS= -Wno-deprecated -fvisibility-inlines-hidden -DUSE_PTHREADPOOL -fopenmp -DNDEBUG -DUSE_KINETO -DUSE_FBGEMM -DUSE_QNNPACK -DUSE_PYTORCH_QNNPACK -DUSE_XNNPACK -O2 -fPIC -Wno-narrowing -Wall -Wextra -Werror=return-type -Wno-missing-field-initializers -Wno-type-limits -Wno-array-bounds -Wno-unknown-pragmas -Wno-sign-compare -Wno-unused-parameter -Wno-unused-variable -Wno-unused-function -Wno-unused-result -Wno-unused-local-typedefs -Wno-strict-overflow -Wno-strict-aliasing -Wno-error=deprecated-declarations -Wno-stringop-overflow -Wno-psabi -Wno-error=pedantic -Wno-error=redundant-decls -Wno-error=old-style-cast -fdiagnostics-color=always -faligned-new -Wno-unused-but-set-variable -Wno-maybe-uninitialized -fno-math-errno -fno-trapping-math -Werror=format -Wno-stringop-overflow, LAPACK_INFO=mkl, PERF_WITH_AVX=1, PERF_WITH_AVX2=1, PERF_WITH_AVX512=1, TORCH_VERSION=1.8.0, USE_CUDA=ON, USE_CUDNN=ON, USE_EXCEPTION_PTR=1, USE_GFLAGS=OFF, USE_GLOG=OFF, USE_MKL=ON, USE_MKLDNN=ON, USE_MPI=OFF, USE_NCCL=ON, USE_NNPACK=ON, USE_OPENMP=ON,

TorchVision: 0.9.0
OpenCV: 4.5.1
MMCV: 1.3.8
MMCV Compiler: GCC 7.3
MMCV CUDA Compiler: 10.1
MMSegmentation: 0.14.1+9988853
------------------------------------------------------------

2021-07-04 21:15:35,876 - mmseg - INFO - Distributed training: True
2021-07-04 21:15:36,124 - mmseg - INFO - Config:
norm_cfg = dict(type='SyncBN', requires_grad=True)
model = dict(
    type='EncoderDecoder',
    pretrained='open-mmlab://resnet50_v1c',
    backbone=dict(
        type='ResNetV1c',
        depth=50,
        num_stages=4,
        out_indices=(0, 1, 2, 3),
        dilations=(1, 1, 2, 4),
        strides=(1, 2, 1, 1),
        norm_cfg=dict(type='SyncBN', requires_grad=True),
        norm_eval=False,
        style='pytorch',
        contract_dilation=True),
    decode_head=dict(
        type='PSPHead',
        in_channels=2048,
        in_index=3,
        channels=512,
        pool_scales=(1, 2, 3, 6),
        dropout_ratio=0.1,
        num_classes=19,
        norm_cfg=dict(type='SyncBN', requires_grad=True),
        align_corners=False,
        loss_decode=dict(
            type='CrossEntropyLoss', use_sigmoid=False, loss_weight=1.0)),
    auxiliary_head=dict(
        type='FCNHead',
        in_channels=1024,
        in_index=2,
        channels=256,
        num_convs=1,
        concat_input=False,
        dropout_ratio=0.1,
        num_classes=19,
        norm_cfg=dict(type='SyncBN', requires_grad=True),
        align_corners=False,
        loss_decode=dict(
            type='CrossEntropyLoss', use_sigmoid=False, loss_weight=0.4)),
    train_cfg=dict(),
    test_cfg=dict(mode='whole'))
dataset_type = 'DummyCityscapes'
img_norm_cfg = dict(
    mean=[123.675, 116.28, 103.53], std=[58.395, 57.12, 57.375], to_rgb=True)
crop_size = (512, 1024)
train_pipeline = [
    dict(type='Resize', img_scale=(2048, 1024), ratio_range=(0.5, 2.0)),
    dict(type='RandomCrop', crop_size=(512, 1024), cat_max_ratio=0.75),
    dict(type='RandomFlip', prob=0.5),
    dict(type='PhotoMetricDistortion'),
    dict(
        type='Normalize',
        mean=[123.675, 116.28, 103.53],
        std=[58.395, 57.12, 57.375],
        to_rgb=True),
    dict(type='DefaultFormatBundle'),
    dict(type='Collect', keys=['img', 'gt_semantic_seg'])
]
test_pipeline = [
    dict(
        type='MultiScaleFlipAug',
        img_scale=(2048, 1024),
        flip=False,
        transforms=[
            dict(type='Resize', keep_ratio=True),
            dict(type='RandomFlip'),
            dict(
                type='Normalize',
                mean=[123.675, 116.28, 103.53],
                std=[58.395, 57.12, 57.375],
                to_rgb=True),
            dict(type='ImageToTensor', keys=['img']),
            dict(type='Collect', keys=['img'])
        ])
]
data = dict(
    samples_per_gpu=2,
    workers_per_gpu=2,
    train=dict(
        type='DummyCityscapes',
        pipeline=[
            dict(
                type='Resize', img_scale=(2048, 1024), ratio_range=(0.5, 2.0)),
            dict(type='RandomCrop', crop_size=(512, 1024), cat_max_ratio=0.75),
            dict(type='RandomFlip', prob=0.5),
            dict(type='PhotoMetricDistortion'),
            dict(
                type='Normalize',
                mean=[123.675, 116.28, 103.53],
                std=[58.395, 57.12, 57.375],
                to_rgb=True),
            dict(type='DefaultFormatBundle'),
            dict(type='Collect', keys=['img', 'gt_semantic_seg'])
        ]),
    val=dict(
        type='DummyCityscapes',
        pipeline=[
            dict(
                type='MultiScaleFlipAug',
                img_scale=(2048, 1024),
                flip=False,
                transforms=[
                    dict(type='Resize', keep_ratio=True),
                    dict(type='RandomFlip'),
                    dict(
                        type='Normalize',
                        mean=[123.675, 116.28, 103.53],
                        std=[58.395, 57.12, 57.375],
                        to_rgb=True),
                    dict(type='ImageToTensor', keys=['img']),
                    dict(type='Collect', keys=['img'])
                ])
        ]),
    test=dict(
        type='DummyCityscapes',
        pipeline=[
            dict(
                type='MultiScaleFlipAug',
                img_scale=(2048, 1024),
                flip=False,
                transforms=[
                    dict(type='Resize', keep_ratio=True),
                    dict(type='RandomFlip'),
                    dict(
                        type='Normalize',
                        mean=[123.675, 116.28, 103.53],
                        std=[58.395, 57.12, 57.375],
                        to_rgb=True),
                    dict(type='ImageToTensor', keys=['img']),
                    dict(type='Collect', keys=['img'])
                ])
        ]))
log_config = dict(
    interval=50, hooks=[dict(type='TextLoggerHook', by_epoch=False)])
dist_params = dict(backend='nccl')
log_level = 'INFO'
load_from = None
resume_from = None
workflow = [('train', 1)]
cudnn_benchmark = True
optimizer = dict(type='SGD', lr=0.01, momentum=0.9, weight_decay=0.0005)
optimizer_config = dict()
lr_config = dict(policy='poly', power=0.9, min_lr=0.0001, by_epoch=False)
runner = dict(type='IterBasedRunner', max_iters=4000)
checkpoint_config = dict(by_epoch=False, interval=2000)
evaluation = dict(interval=2000, metric='mIoU')
work_dir = './work_dirs/pspnet_r50-d8_512x1024_4k_cityscapes'
gpu_ids = range(0, 1)

2021-07-04 21:15:42,467 - mmseg - INFO - EncoderDecoder(
  (backbone): ResNetV1c(
    (stem): Sequential(
      (0): Conv2d(3, 32, kernel_size=(3, 3), stride=(2, 2), padding=(1, 1), bias=False)
      (1): SyncBatchNorm(32, eps=1e-05, momentum=0.1, affine=True, track_running_stats=True)
      (2): ReLU(inplace=True)
      (3): Conv2d(32, 32, kernel_size=(3, 3), stride=(1, 1), padding=(1, 1), bias=False)
      (4): SyncBatchNorm(32, eps=1e-05, momentum=0.1, affine=True, track_running_stats=True)
      (5): ReLU(inplace=True)
      (6): Conv2d(32, 64, kernel_size=(3, 3), stride=(1, 1), padding=(1, 1), bias=False)
      (7): SyncBatchNorm(64, eps=1e-05, momentum=0.1, affine=True, track_running_stats=True)
      (8): ReLU(inplace=True)
    )
    (maxpool): MaxPool2d(kernel_size=3, stride=2, padding=1, dilation=1, ceil_mode=False)
    (layer1): ResLayer(
      (0): Bottleneck(
        (conv1): Conv2d(64, 64, kernel_size=(1, 1), stride=(1, 1), bias=False)
        (bn1): SyncBatchNorm(64, eps=1e-05, momentum=0.1, affine=True, track_running_stats=True)
        (conv2): Conv2d(64, 64, kernel_size=(3, 3), stride=(1, 1), padding=(1, 1), bias=False)
        (bn2): SyncBatchNorm(64, eps=1e-05, momentum=0.1, affine=True, track_running_stats=True)
        (conv3): Conv2d(64, 256, kernel_size=(1, 1), stride=(1, 1), bias=False)
        (bn3): SyncBatchNorm(256, eps=1e-05, momentum=0.1, affine=True, track_running_stats=True)
        (relu): ReLU(inplace=True)
        (downsample): Sequential(
          (0): Conv2d(64, 256, kernel_size=(1, 1), stride=(1, 1), bias=False)
          (1): SyncBatchNorm(256, eps=1e-05, momentum=0.1, affine=True, track_running_stats=True)
        )
      )
      (1): Bottleneck(
        (conv1): Conv2d(256, 64, kernel_size=(1, 1), stride=(1, 1), bias=False)
        (bn1): SyncBatchNorm(64, eps=1e-05, momentum=0.1, affine=True, track_running_stats=True)
        (conv2): Conv2d(64, 64, kernel_size=(3, 3), stride=(1, 1), padding=(1, 1), bias=False)
        (bn2): SyncBatchNorm(64, eps=1e-05, momentum=0.1, affine=True, track_running_stats=True)
        (conv3): Conv2d(64, 256, kernel_size=(1, 1), stride=(1, 1), bias=False)
        (bn3): SyncBatchNorm(256, eps=1e-05, momentum=0.1, affine=True, track_running_stats=True)
        (relu): ReLU(inplace=True)
      )
      (2): Bottleneck(
        (conv1): Conv2d(256, 64, kernel_size=(1, 1), stride=(1, 1), bias=False)
        (bn1): SyncBatchNorm(64, eps=1e-05, momentum=0.1, affine=True, track_running_stats=True)
        (conv2): Conv2d(64, 64, kernel_size=(3, 3), stride=(1, 1), padding=(1, 1), bias=False)
        (bn2): SyncBatchNorm(64, eps=1e-05, momentum=0.1, affine=True, track_running_stats=True)
        (conv3): Conv2d(64, 256, kernel_size=(1, 1), stride=(1, 1), bias=False)
        (bn3): SyncBatchNorm(256, eps=1e-05, momentum=0.1, affine=True, track_running_stats=True)
        (relu): ReLU(inplace=True)
      )
    )
    (layer2): ResLayer(
      (0): Bottleneck(
        (conv1): Conv2d(256, 128, kernel_size=(1, 1), stride=(1, 1), bias=False)
        (bn1): SyncBatchNorm(128, eps=1e-05, momentum=0.1, affine=True, track_running_stats=True)
        (conv2): Conv2d(128, 128, kernel_size=(3, 3), stride=(2, 2), padding=(1, 1), bias=False)
        (bn2): SyncBatchNorm(128, eps=1e-05, momentum=0.1, affine=True, track_running_stats=True)
        (conv3): Conv2d(128, 512, kernel_size=(1, 1), stride=(1, 1), bias=False)
        (bn3): SyncBatchNorm(512, eps=1e-05, momentum=0.1, affine=True, track_running_stats=True)
        (relu): ReLU(inplace=True)
        (downsample): Sequential(
          (0): Conv2d(256, 512, kernel_size=(1, 1), stride=(2, 2), bias=False)
          (1): SyncBatchNorm(512, eps=1e-05, momentum=0.1, affine=True, track_running_stats=True)
        )
      )
      (1): Bottleneck(
        (conv1): Conv2d(512, 128, kernel_size=(1, 1), stride=(1, 1), bias=False)
        (bn1): SyncBatchNorm(128, eps=1e-05, momentum=0.1, affine=True, track_running_stats=True)
        (conv2): Conv2d(128, 128, kernel_size=(3, 3), stride=(1, 1), padding=(1, 1), bias=False)
        (bn2): SyncBatchNorm(128, eps=1e-05, momentum=0.1, affine=True, track_running_stats=True)
        (conv3): Conv2d(128, 512, kernel_size=(1, 1), stride=(1, 1), bias=False)
        (bn3): SyncBatchNorm(512, eps=1e-05, momentum=0.1, affine=True, track_running_stats=True)
        (relu): ReLU(inplace=True)
      )
      (2): Bottleneck(
        (conv1): Conv2d(512, 128, kernel_size=(1, 1), stride=(1, 1), bias=False)
        (bn1): SyncBatchNorm(128, eps=1e-05, momentum=0.1, affine=True, track_running_stats=True)
        (conv2): Conv2d(128, 128, kernel_size=(3, 3), stride=(1, 1), padding=(1, 1), bias=False)
        (bn2): SyncBatchNorm(128, eps=1e-05, momentum=0.1, affine=True, track_running_stats=True)
        (conv3): Conv2d(128, 512, kernel_size=(1, 1), stride=(1, 1), bias=False)
        (bn3): SyncBatchNorm(512, eps=1e-05, momentum=0.1, affine=True, track_running_stats=True)
        (relu): ReLU(inplace=True)
      )
      (3): Bottleneck(
        (conv1): Conv2d(512, 128, kernel_size=(1, 1), stride=(1, 1), bias=False)
        (bn1): SyncBatchNorm(128, eps=1e-05, momentum=0.1, affine=True, track_running_stats=True)
        (conv2): Conv2d(128, 128, kernel_size=(3, 3), stride=(1, 1), padding=(1, 1), bias=False)
        (bn2): SyncBatchNorm(128, eps=1e-05, momentum=0.1, affine=True, track_running_stats=True)
        (conv3): Conv2d(128, 512, kernel_size=(1, 1), stride=(1, 1), bias=False)
        (bn3): SyncBatchNorm(512, eps=1e-05, momentum=0.1, affine=True, track_running_stats=True)
        (relu): ReLU(inplace=True)
      )
    )
    (layer3): ResLayer(
      (0): Bottleneck(
        (conv1): Conv2d(512, 256, kernel_size=(1, 1), stride=(1, 1), bias=False)
        (bn1): SyncBatchNorm(256, eps=1e-05, momentum=0.1, affine=True, track_running_stats=True)
        (conv2): Conv2d(256, 256, kernel_size=(3, 3), stride=(1, 1), padding=(1, 1), bias=False)
        (bn2): SyncBatchNorm(256, eps=1e-05, momentum=0.1, affine=True, track_running_stats=True)
        (conv3): Conv2d(256, 1024, kernel_size=(1, 1), stride=(1, 1), bias=False)
        (bn3): SyncBatchNorm(1024, eps=1e-05, momentum=0.1, affine=True, track_running_stats=True)
        (relu): ReLU(inplace=True)
        (downsample): Sequential(
          (0): Conv2d(512, 1024, kernel_size=(1, 1), stride=(1, 1), bias=False)
          (1): SyncBatchNorm(1024, eps=1e-05, momentum=0.1, affine=True, track_running_stats=True)
        )
      )
      (1): Bottleneck(
        (conv1): Conv2d(1024, 256, kernel_size=(1, 1), stride=(1, 1), bias=False)
        (bn1): SyncBatchNorm(256, eps=1e-05, momentum=0.1, affine=True, track_running_stats=True)
        (conv2): Conv2d(256, 256, kernel_size=(3, 3), stride=(1, 1), padding=(2, 2), dilation=(2, 2), bias=False)
        (bn2): SyncBatchNorm(256, eps=1e-05, momentum=0.1, affine=True, track_running_stats=True)
        (conv3): Conv2d(256, 1024, kernel_size=(1, 1), stride=(1, 1), bias=False)
        (bn3): SyncBatchNorm(1024, eps=1e-05, momentum=0.1, affine=True, track_running_stats=True)
        (relu): ReLU(inplace=True)
      )
      (2): Bottleneck(
        (conv1): Conv2d(1024, 256, kernel_size=(1, 1), stride=(1, 1), bias=False)
        (bn1): SyncBatchNorm(256, eps=1e-05, momentum=0.1, affine=True, track_running_stats=True)
        (conv2): Conv2d(256, 256, kernel_size=(3, 3), stride=(1, 1), padding=(2, 2), dilation=(2, 2), bias=False)
        (bn2): SyncBatchNorm(256, eps=1e-05, momentum=0.1, affine=True, track_running_stats=True)
        (conv3): Conv2d(256, 1024, kernel_size=(1, 1), stride=(1, 1), bias=False)
        (bn3): SyncBatchNorm(1024, eps=1e-05, momentum=0.1, affine=True, track_running_stats=True)
        (relu): ReLU(inplace=True)
      )
      (3): Bottleneck(
        (conv1): Conv2d(1024, 256, kernel_size=(1, 1), stride=(1, 1), bias=False)
        (bn1): SyncBatchNorm(256, eps=1e-05, momentum=0.1, affine=True, track_running_stats=True)
        (conv2): Conv2d(256, 256, kernel_size=(3, 3), stride=(1, 1), padding=(2, 2), dilation=(2, 2), bias=False)
        (bn2): SyncBatchNorm(256, eps=1e-05, momentum=0.1, affine=True, track_running_stats=True)
        (conv3): Conv2d(256, 1024, kernel_size=(1, 1), stride=(1, 1), bias=False)
        (bn3): SyncBatchNorm(1024, eps=1e-05, momentum=0.1, affine=True, track_running_stats=True)
        (relu): ReLU(inplace=True)
      )
      (4): Bottleneck(
        (conv1): Conv2d(1024, 256, kernel_size=(1, 1), stride=(1, 1), bias=False)
        (bn1): SyncBatchNorm(256, eps=1e-05, momentum=0.1, affine=True, track_running_stats=True)
        (conv2): Conv2d(256, 256, kernel_size=(3, 3), stride=(1, 1), padding=(2, 2), dilation=(2, 2), bias=False)
        (bn2): SyncBatchNorm(256, eps=1e-05, momentum=0.1, affine=True, track_running_stats=True)
        (conv3): Conv2d(256, 1024, kernel_size=(1, 1), stride=(1, 1), bias=False)
        (bn3): SyncBatchNorm(1024, eps=1e-05, momentum=0.1, affine=True, track_running_stats=True)
        (relu): ReLU(inplace=True)
      )
      (5): Bottleneck(
        (conv1): Conv2d(1024, 256, kernel_size=(1, 1), stride=(1, 1), bias=False)
        (bn1): SyncBatchNorm(256, eps=1e-05, momentum=0.1, affine=True, track_running_stats=True)
        (conv2): Conv2d(256, 256, kernel_size=(3, 3), stride=(1, 1), padding=(2, 2), dilation=(2, 2), bias=False)
        (bn2): SyncBatchNorm(256, eps=1e-05, momentum=0.1, affine=True, track_running_stats=True)
        (conv3): Conv2d(256, 1024, kernel_size=(1, 1), stride=(1, 1), bias=False)
        (bn3): SyncBatchNorm(1024, eps=1e-05, momentum=0.1, affine=True, track_running_stats=True)
        (relu): ReLU(inplace=True)
      )
    )
    (layer4): ResLayer(
      (0): Bottleneck(
        (conv1): Conv2d(1024, 512, kernel_size=(1, 1), stride=(1, 1), bias=False)
        (bn1): SyncBatchNorm(512, eps=1e-05, momentum=0.1, affine=True, track_running_stats=True)
        (conv2): Conv2d(512, 512, kernel_size=(3, 3), stride=(1, 1), padding=(2, 2), dilation=(2, 2), bias=False)
        (bn2): SyncBatchNorm(512, eps=1e-05, momentum=0.1, affine=True, track_running_stats=True)
        (conv3): Conv2d(512, 2048, kernel_size=(1, 1), stride=(1, 1), bias=False)
        (bn3): SyncBatchNorm(2048, eps=1e-05, momentum=0.1, affine=True, track_running_stats=True)
        (relu): ReLU(inplace=True)
        (downsample): Sequential(
          (0): Conv2d(1024, 2048, kernel_size=(1, 1), stride=(1, 1), bias=False)
          (1): SyncBatchNorm(2048, eps=1e-05, momentum=0.1, affine=True, track_running_stats=True)
        )
      )
      (1): Bottleneck(
        (conv1): Conv2d(2048, 512, kernel_size=(1, 1), stride=(1, 1), bias=False)
        (bn1): SyncBatchNorm(512, eps=1e-05, momentum=0.1, affine=True, track_running_stats=True)
        (conv2): Conv2d(512, 512, kernel_size=(3, 3), stride=(1, 1), padding=(4, 4), dilation=(4, 4), bias=False)
        (bn2): SyncBatchNorm(512, eps=1e-05, momentum=0.1, affine=True, track_running_stats=True)
        (conv3): Conv2d(512, 2048, kernel_size=(1, 1), stride=(1, 1), bias=False)
        (bn3): SyncBatchNorm(2048, eps=1e-05, momentum=0.1, affine=True, track_running_stats=True)
        (relu): ReLU(inplace=True)
      )
      (2): Bottleneck(
        (conv1): Conv2d(2048, 512, kernel_size=(1, 1), stride=(1, 1), bias=False)
        (bn1): SyncBatchNorm(512, eps=1e-05, momentum=0.1, affine=True, track_running_stats=True)
        (conv2): Conv2d(512, 512, kernel_size=(3, 3), stride=(1, 1), padding=(4, 4), dilation=(4, 4), bias=False)
        (bn2): SyncBatchNorm(512, eps=1e-05, momentum=0.1, affine=True, track_running_stats=True)
        (conv3): Conv2d(512, 2048, kernel_size=(1, 1), stride=(1, 1), bias=False)
        (bn3): SyncBatchNorm(2048, eps=1e-05, momentum=0.1, affine=True, track_running_stats=True)
        (relu): ReLU(inplace=True)
      )
    )
  )
  init_cfg={'type': 'Pretrained', 'checkpoint': 'open-mmlab://resnet50_v1c'}
  (decode_head): PSPHead(
    input_transform=None, ignore_index=255, align_corners=False
    (loss_decode): CrossEntropyLoss()
    (conv_seg): Conv2d(512, 19, kernel_size=(1, 1), stride=(1, 1))
    (dropout): Dropout2d(p=0.1, inplace=False)
    (psp_modules): PPM(
      (0): Sequential(
        (0): AdaptiveAvgPool2d(output_size=1)
        (1): ConvModule(
          (conv): Conv2d(2048, 512, kernel_size=(1, 1), stride=(1, 1), bias=False)
          (bn): SyncBatchNorm(512, eps=1e-05, momentum=0.1, affine=True, track_running_stats=True)
          (activate): ReLU(inplace=True)
        )
      )
      (1): Sequential(
        (0): AdaptiveAvgPool2d(output_size=2)
        (1): ConvModule(
          (conv): Conv2d(2048, 512, kernel_size=(1, 1), stride=(1, 1), bias=False)
          (bn): SyncBatchNorm(512, eps=1e-05, momentum=0.1, affine=True, track_running_stats=True)
          (activate): ReLU(inplace=True)
        )
      )
      (2): Sequential(
        (0): AdaptiveAvgPool2d(output_size=3)
        (1): ConvModule(
          (conv): Conv2d(2048, 512, kernel_size=(1, 1), stride=(1, 1), bias=False)
          (bn): SyncBatchNorm(512, eps=1e-05, momentum=0.1, affine=True, track_running_stats=True)
          (activate): ReLU(inplace=True)
        )
      )
      (3): Sequential(
        (0): AdaptiveAvgPool2d(output_size=6)
        (1): ConvModule(
          (conv): Conv2d(2048, 512, kernel_size=(1, 1), stride=(1, 1), bias=False)
          (bn): SyncBatchNorm(512, eps=1e-05, momentum=0.1, affine=True, track_running_stats=True)
          (activate): ReLU(inplace=True)
        )
      )
    )
    (bottleneck): ConvModule(
      (conv): Conv2d(4096, 512, kernel_size=(3, 3), stride=(1, 1), padding=(1, 1), bias=False)
      (bn): SyncBatchNorm(512, eps=1e-05, momentum=0.1, affine=True, track_running_stats=True)
      (activate): ReLU(inplace=True)
    )
  )
  init_cfg={'type': 'Normal', 'std': 0.01, 'override': {'name': 'conv_seg'}}
  (auxiliary_head): FCNHead(
    input_transform=None, ignore_index=255, align_corners=False
    (loss_decode): CrossEntropyLoss()
    (conv_seg): Conv2d(256, 19, kernel_size=(1, 1), stride=(1, 1))
    (dropout): Dropout2d(p=0.1, inplace=False)
    (convs): Sequential(
      (0): ConvModule(
        (conv): Conv2d(1024, 256, kernel_size=(3, 3), stride=(1, 1), padding=(1, 1), bias=False)
        (bn): SyncBatchNorm(256, eps=1e-05, momentum=0.1, affine=True, track_running_stats=True)
        (activate): ReLU(inplace=True)
      )
    )
  )
  init_cfg={'type': 'Normal', 'std': 0.01, 'override': {'name': 'conv_seg'}}
)
2021-07-04 21:15:44,547 - mmseg - INFO - Start running, host: chengzesen@SH-IDC1-10-198-4-145, work_dir: /mnt/cache/chengzesen/workspace/mmsegmentation/work_dirs/pspnet_r50-d8_512x1024_4k_cityscapes
2021-07-04 21:15:44,548 - mmseg - INFO - Hooks will be executed in the following order:
before_run:
(VERY_HIGH   ) PolyLrUpdaterHook
(NORMAL      ) CheckpointHook
(NORMAL      ) DistEvalHook
(VERY_LOW    ) TextLoggerHook
 --------------------
before_train_epoch:
(VERY_HIGH   ) PolyLrUpdaterHook
(NORMAL      ) IterTimerHook
(NORMAL      ) DistEvalHook
(VERY_LOW    ) TextLoggerHook
 --------------------
before_train_iter:
(VERY_HIGH   ) PolyLrUpdaterHook
(NORMAL      ) IterTimerHook
(NORMAL      ) DistEvalHook
 --------------------
after_train_iter:
(ABOVE_NORMAL) OptimizerHook
(NORMAL      ) CheckpointHook
(NORMAL      ) IterTimerHook
(NORMAL      ) DistEvalHook
(VERY_LOW    ) TextLoggerHook
 --------------------
after_train_epoch:
(NORMAL      ) CheckpointHook
(NORMAL      ) DistEvalHook
(VERY_LOW    ) TextLoggerHook
 --------------------
before_val_epoch:
(NORMAL      ) IterTimerHook
(VERY_LOW    ) TextLoggerHook
 --------------------
before_val_iter:
(NORMAL      ) IterTimerHook
 --------------------
after_val_iter:
(NORMAL      ) IterTimerHook
 --------------------
after_val_epoch:
(VERY_LOW    ) TextLoggerHook
 --------------------
2021-07-04 21:15:44,548 - mmseg - INFO - workflow: [('train', 1)], max: 4000 iters
2021-07-04 21:17:51,790 - mmseg - INFO - Iter [50/4000]	lr: 9.891e-03, eta: 1:06:55, time: 1.016, data_time: 0.036, memory: 18766, decode.loss_seg: 2.9509, decode.acc_seg: 5.2620, aux.loss_seg: 1.1792, aux.acc_seg: 5.2627, loss: 4.1301
2021-07-04 21:18:20,371 - mmseg - INFO - Iter [100/4000]	lr: 9.779e-03, eta: 0:51:39, time: 0.573, data_time: 0.017, memory: 18766, decode.loss_seg: 2.9492, decode.acc_seg: 5.2640, aux.loss_seg: 1.1789, aux.acc_seg: 5.2628, loss: 4.1281
2021-07-04 21:18:50,533 - mmseg - INFO - Iter [150/4000]	lr: 9.667e-03, eta: 0:46:53, time: 0.603, data_time: 0.015, memory: 18766, decode.loss_seg: 2.9484, decode.acc_seg: 5.2636, aux.loss_seg: 1.1788, aux.acc_seg: 5.2607, loss: 4.1272
2021-07-04 21:19:20,821 - mmseg - INFO - Iter [200/4000]	lr: 9.556e-03, eta: 0:44:18, time: 0.606, data_time: 0.031, memory: 18766, decode.loss_seg: 2.9479, decode.acc_seg: 5.2643, aux.loss_seg: 1.1787, aux.acc_seg: 5.2625, loss: 4.1266
2021-07-04 21:19:51,503 - mmseg - INFO - Iter [250/4000]	lr: 9.444e-03, eta: 0:42:38, time: 0.613, data_time: 0.028, memory: 18766, decode.loss_seg: 2.9474, decode.acc_seg: 5.2636, aux.loss_seg: 1.1787, aux.acc_seg: 5.2624, loss: 4.1261
2021-07-04 21:20:19,876 - mmseg - INFO - Iter [300/4000]	lr: 9.331e-03, eta: 0:40:53, time: 0.568, data_time: 0.019, memory: 18766, decode.loss_seg: 2.9471, decode.acc_seg: 5.2618, aux.loss_seg: 1.1786, aux.acc_seg: 5.2620, loss: 4.1257
2021-07-04 21:20:49,396 - mmseg - INFO - Iter [350/4000]	lr: 9.219e-03, eta: 0:39:42, time: 0.590, data_time: 0.024, memory: 18766, decode.loss_seg: 2.9467, decode.acc_seg: 5.2627, aux.loss_seg: 1.1785, aux.acc_seg: 5.2632, loss: 4.1253
2021-07-04 21:21:19,410 - mmseg - INFO - Iter [400/4000]	lr: 9.107e-03, eta: 0:38:46, time: 0.601, data_time: 0.025, memory: 18766, decode.loss_seg: 2.9465, decode.acc_seg: 5.2631, aux.loss_seg: 1.1785, aux.acc_seg: 5.2634, loss: 4.1250
2021-07-04 21:21:50,607 - mmseg - INFO - Iter [450/4000]	lr: 8.994e-03, eta: 0:38:04, time: 0.623, data_time: 0.037, memory: 18766, decode.loss_seg: 2.9462, decode.acc_seg: 5.2645, aux.loss_seg: 1.1785, aux.acc_seg: 5.2626, loss: 4.1247
2021-07-04 21:22:19,132 - mmseg - INFO - Iter [500/4000]	lr: 8.881e-03, eta: 0:37:07, time: 0.572, data_time: 0.018, memory: 18766, decode.loss_seg: 2.9460, decode.acc_seg: 5.2625, aux.loss_seg: 1.1784, aux.acc_seg: 5.2627, loss: 4.1245
2021-07-04 21:22:52,451 - mmseg - INFO - Iter [550/4000]	lr: 8.768e-03, eta: 0:36:44, time: 0.665, data_time: 0.020, memory: 18766, decode.loss_seg: 2.9459, decode.acc_seg: 5.2642, aux.loss_seg: 1.1784, aux.acc_seg: 5.2619, loss: 4.1242
2021-07-04 21:23:25,693 - mmseg - INFO - Iter [600/4000]	lr: 8.655e-03, eta: 0:36:20, time: 0.665, data_time: 0.033, memory: 18766, decode.loss_seg: 2.9457, decode.acc_seg: 5.2638, aux.loss_seg: 1.1783, aux.acc_seg: 5.2637, loss: 4.1241
2021-07-04 21:24:00,110 - mmseg - INFO - Iter [650/4000]	lr: 8.542e-03, eta: 0:36:00, time: 0.688, data_time: 0.025, memory: 18766, decode.loss_seg: 2.9456, decode.acc_seg: 5.2634, aux.loss_seg: 1.1783, aux.acc_seg: 5.2645, loss: 4.1239
2021-07-04 21:24:31,823 - mmseg - INFO - Iter [700/4000]	lr: 8.428e-03, eta: 0:35:25, time: 0.634, data_time: 0.030, memory: 18766, decode.loss_seg: 2.9455, decode.acc_seg: 5.2647, aux.loss_seg: 1.1783, aux.acc_seg: 5.2624, loss: 4.1237
2021-07-04 21:25:06,946 - mmseg - INFO - Iter [750/4000]	lr: 8.315e-03, eta: 0:35:05, time: 0.703, data_time: 0.037, memory: 18766, decode.loss_seg: 2.9454, decode.acc_seg: 5.2641, aux.loss_seg: 1.1783, aux.acc_seg: 5.2625, loss: 4.1236
2021-07-04 21:25:41,603 - mmseg - INFO - Iter [800/4000]	lr: 8.201e-03, eta: 0:34:42, time: 0.694, data_time: 0.029, memory: 18766, decode.loss_seg: 2.9453, decode.acc_seg: 5.2639, aux.loss_seg: 1.1782, aux.acc_seg: 5.2630, loss: 4.1235
2021-07-04 21:26:13,632 - mmseg - INFO - Iter [850/4000]	lr: 8.087e-03, eta: 0:34:08, time: 0.640, data_time: 0.022, memory: 18766, decode.loss_seg: 2.9452, decode.acc_seg: 5.2621, aux.loss_seg: 1.1782, aux.acc_seg: 5.2650, loss: 4.1234
2021-07-04 21:26:48,976 - mmseg - INFO - Iter [900/4000]	lr: 7.973e-03, eta: 0:33:45, time: 0.707, data_time: 0.027, memory: 18766, decode.loss_seg: 2.9451, decode.acc_seg: 5.2647, aux.loss_seg: 1.1782, aux.acc_seg: 5.2631, loss: 4.1233
2021-07-04 21:27:22,574 - mmseg - INFO - Iter [950/4000]	lr: 7.859e-03, eta: 0:33:15, time: 0.673, data_time: 0.027, memory: 18766, decode.loss_seg: 2.9451, decode.acc_seg: 5.2627, aux.loss_seg: 1.1782, aux.acc_seg: 5.2616, loss: 4.1232
2021-07-04 21:27:52,676 - mmseg - INFO - Exp name: pspnet_r50-d8_512x1024_4k_cityscapes.py
2021-07-04 21:27:52,732 - mmseg - INFO - Iter [1000/4000]	lr: 7.744e-03, eta: 0:32:35, time: 0.602, data_time: 0.026, memory: 18766, decode.loss_seg: 2.9450, decode.acc_seg: 5.2638, aux.loss_seg: 1.1781, aux.acc_seg: 5.2645, loss: 4.1231
2021-07-04 21:28:24,376 - mmseg - INFO - Iter [1050/4000]	lr: 7.629e-03, eta: 0:32:00, time: 0.634, data_time: 0.018, memory: 18766, decode.loss_seg: 2.9449, decode.acc_seg: 5.2647, aux.loss_seg: 1.1781, aux.acc_seg: 5.2626, loss: 4.1231
2021-07-04 21:28:59,931 - mmseg - INFO - Iter [1100/4000]	lr: 7.514e-03, eta: 0:31:35, time: 0.710, data_time: 0.036, memory: 18766, decode.loss_seg: 2.9449, decode.acc_seg: 5.2641, aux.loss_seg: 1.1781, aux.acc_seg: 5.2623, loss: 4.1230
2021-07-04 21:29:31,565 - mmseg - INFO - Iter [1150/4000]	lr: 7.399e-03, eta: 0:31:00, time: 0.633, data_time: 0.027, memory: 18766, decode.loss_seg: 2.9448, decode.acc_seg: 5.2621, aux.loss_seg: 1.1781, aux.acc_seg: 5.2635, loss: 4.1229
2021-07-04 21:30:00,296 - mmseg - INFO - Iter [1200/4000]	lr: 7.284e-03, eta: 0:30:18, time: 0.575, data_time: 0.020, memory: 18766, decode.loss_seg: 2.9448, decode.acc_seg: 5.2630, aux.loss_seg: 1.1781, aux.acc_seg: 5.2627, loss: 4.1229
2021-07-04 21:30:31,940 - mmseg - INFO - Iter [1250/4000]	lr: 7.168e-03, eta: 0:29:44, time: 0.632, data_time: 0.034, memory: 18766, decode.loss_seg: 2.9448, decode.acc_seg: 5.2623, aux.loss_seg: 1.1781, aux.acc_seg: 5.2634, loss: 4.1228
2021-07-04 21:31:06,984 - mmseg - INFO - Iter [1300/4000]	lr: 7.053e-03, eta: 0:29:17, time: 0.701, data_time: 0.039, memory: 18766, decode.loss_seg: 2.9447, decode.acc_seg: 5.2635, aux.loss_seg: 1.1780, aux.acc_seg: 5.2646, loss: 4.1228
2021-07-04 21:31:34,195 - mmseg - INFO - Iter [1350/4000]	lr: 6.937e-03, eta: 0:28:34, time: 0.545, data_time: 0.026, memory: 18766, decode.loss_seg: 2.9447, decode.acc_seg: 5.2623, aux.loss_seg: 1.1780, aux.acc_seg: 5.2617, loss: 4.1228
2021-07-04 21:32:09,518 - mmseg - INFO - Iter [1400/4000]	lr: 6.821e-03, eta: 0:28:07, time: 0.705, data_time: 0.041, memory: 18766, decode.loss_seg: 2.9447, decode.acc_seg: 5.2631, aux.loss_seg: 1.1780, aux.acc_seg: 5.2632, loss: 4.1227
2021-07-04 21:32:44,879 - mmseg - INFO - Iter [1450/4000]	lr: 6.704e-03, eta: 0:27:39, time: 0.708, data_time: 0.031, memory: 18766, decode.loss_seg: 2.9447, decode.acc_seg: 5.2609, aux.loss_seg: 1.1780, aux.acc_seg: 5.2637, loss: 4.1227
2021-07-04 21:33:16,736 - mmseg - INFO - Iter [1500/4000]	lr: 6.588e-03, eta: 0:27:05, time: 0.631, data_time: 0.031, memory: 18766, decode.loss_seg: 2.9447, decode.acc_seg: 5.2625, aux.loss_seg: 1.1780, aux.acc_seg: 5.2637, loss: 4.1227
2021-07-04 21:33:47,517 - mmseg - INFO - Iter [1550/4000]	lr: 6.471e-03, eta: 0:26:30, time: 0.622, data_time: 0.026, memory: 18766, decode.loss_seg: 2.9446, decode.acc_seg: 5.2635, aux.loss_seg: 1.1780, aux.acc_seg: 5.2638, loss: 4.1226
2021-07-04 21:34:20,761 - mmseg - INFO - Iter [1600/4000]	lr: 6.354e-03, eta: 0:25:59, time: 0.664, data_time: 0.024, memory: 18766, decode.loss_seg: 2.9446, decode.acc_seg: 5.2642, aux.loss_seg: 1.1780, aux.acc_seg: 5.2644, loss: 4.1226
2021-07-04 21:34:53,562 - mmseg - INFO - Iter [1650/4000]	lr: 6.236e-03, eta: 0:25:27, time: 0.656, data_time: 0.032, memory: 18766, decode.loss_seg: 2.9446, decode.acc_seg: 5.2632, aux.loss_seg: 1.1780, aux.acc_seg: 5.2636, loss: 4.1226
2021-07-04 21:35:23,744 - mmseg - INFO - Iter [1700/4000]	lr: 6.119e-03, eta: 0:24:51, time: 0.605, data_time: 0.038, memory: 18766, decode.loss_seg: 2.9446, decode.acc_seg: 5.2619, aux.loss_seg: 1.1780, aux.acc_seg: 5.2624, loss: 4.1226
2021-07-04 21:35:55,148 - mmseg - INFO - Iter [1750/4000]	lr: 6.001e-03, eta: 0:24:18, time: 0.628, data_time: 0.019, memory: 18766, decode.loss_seg: 2.9446, decode.acc_seg: 5.2624, aux.loss_seg: 1.1780, aux.acc_seg: 5.2637, loss: 4.1226
2021-07-04 21:36:29,824 - mmseg - INFO - Iter [1800/4000]	lr: 5.883e-03, eta: 0:23:48, time: 0.693, data_time: 0.026, memory: 18766, decode.loss_seg: 2.9446, decode.acc_seg: 5.2649, aux.loss_seg: 1.1780, aux.acc_seg: 5.2625, loss: 4.1226
2021-07-04 21:37:05,221 - mmseg - INFO - Iter [1850/4000]	lr: 5.764e-03, eta: 0:23:19, time: 0.709, data_time: 0.036, memory: 18766, decode.loss_seg: 2.9446, decode.acc_seg: 5.2637, aux.loss_seg: 1.1780, aux.acc_seg: 5.2625, loss: 4.1225
2021-07-04 21:37:35,470 - mmseg - INFO - Iter [1900/4000]	lr: 5.646e-03, eta: 0:22:44, time: 0.604, data_time: 0.026, memory: 18766, decode.loss_seg: 2.9446, decode.acc_seg: 5.2636, aux.loss_seg: 1.1780, aux.acc_seg: 5.2627, loss: 4.1225
2021-07-04 21:38:05,576 - mmseg - INFO - Iter [1950/4000]	lr: 5.527e-03, eta: 0:22:09, time: 0.602, data_time: 0.023, memory: 18766, decode.loss_seg: 2.9446, decode.acc_seg: 5.2635, aux.loss_seg: 1.1779, aux.acc_seg: 5.2632, loss: 4.1225
2021-07-04 21:38:34,341 - mmseg - INFO - Saving checkpoint at 2000 iterations
2021-07-04 21:40:22,332 - mmseg - INFO - per class results:
2021-07-04 21:40:22,371 - mmseg - INFO -
+---------------+------+-------+
|     Class     | IoU  |  Acc  |
+---------------+------+-------+
|      road     | 1.8  |  2.67 |
|    sidewalk   | 1.21 |  1.54 |
|    building   | 2.37 |  4.13 |
|      wall     | 3.61 | 10.29 |
|     fence     | 4.37 | 20.45 |
|      pole     | 2.51 |  4.58 |
| traffic light | 2.11 |  3.4  |
|  traffic sign | 0.49 |  0.54 |
|   vegetation  | 1.53 |  2.1  |
|    terrain    | 2.2  |  3.64 |
|      sky      | 1.67 |  2.38 |
|     person    | 1.15 |  1.44 |
|     rider     | 2.54 |  4.67 |
|      car      | 0.65 |  0.74 |
|     truck     | 4.49 | 23.73 |
|      bus      | 1.62 |  2.3  |
|     train     | 1.47 |  2.0  |
|   motorcycle  | 3.07 |  6.88 |
|    bicycle    | 1.7  |  2.46 |
+---------------+------+-------+
2021-07-04 21:40:22,371 - mmseg - INFO - Summary:
2021-07-04 21:40:22,371 - mmseg - INFO -
+------+------+------+
| aAcc | mIoU | mAcc |
+------+------+------+
| 5.26 | 2.13 | 5.26 |
+------+------+------+
2021-07-04 21:40:22,550 - mmseg - INFO - Exp name: pspnet_r50-d8_512x1024_4k_cityscapes.py
2021-07-04 21:40:22,550 - mmseg - INFO - Iter [63/4000]	lr: 5.408e-03, eta: 0:21:34, time: 0.600, data_time: 0.018, memory: 18766, aAcc: 0.0526, mIoU: 0.0213, mAcc: 0.0526, IoU.road: 0.0180, IoU.sidewalk: 0.0121, IoU.building: 0.0237, IoU.wall: 0.0361, IoU.fence: 0.0437, IoU.pole: 0.0251, IoU.traffic light: 0.0211, IoU.traffic sign: 0.0049, IoU.vegetation: 0.0153, IoU.terrain: 0.0220, IoU.sky: 0.0167, IoU.person: 0.0115, IoU.rider: 0.0254, IoU.car: 0.0065, IoU.truck: 0.0449, IoU.bus: 0.0162, IoU.train: 0.0147, IoU.motorcycle: 0.0307, IoU.bicycle: 0.0170, Acc.road: 0.0267, Acc.sidewalk: 0.0154, Acc.building: 0.0413, Acc.wall: 0.1029, Acc.fence: 0.2045, Acc.pole: 0.0458, Acc.traffic light: 0.0340, Acc.traffic sign: 0.0054, Acc.vegetation: 0.0210, Acc.terrain: 0.0364, Acc.sky: 0.0238, Acc.person: 0.0144, Acc.rider: 0.0467, Acc.car: 0.0074, Acc.truck: 0.2373, Acc.bus: 0.0230, Acc.train: 0.0200, Acc.motorcycle: 0.0688, Acc.bicycle: 0.0246, decode.loss_seg: 2.9446, decode.acc_seg: 5.2630, aux.loss_seg: 1.1779, aux.acc_seg: 5.2635, loss: 4.1225
2021-07-04 21:40:54,755 - mmseg - INFO - Iter [2050/4000]	lr: 5.288e-03, eta: 0:22:43, time: 2.784, data_time: 2.169, memory: 18766, decode.loss_seg: 2.9446, decode.acc_seg: 5.2635, aux.loss_seg: 1.1779, aux.acc_seg: 5.2634, loss: 4.1225
2021-07-04 21:41:25,573 - mmseg - INFO - Iter [2100/4000]	lr: 5.168e-03, eta: 0:22:05, time: 0.617, data_time: 0.020, memory: 18766, decode.loss_seg: 2.9445, decode.acc_seg: 5.2632, aux.loss_seg: 1.1779, aux.acc_seg: 5.2624, loss: 4.1225
2021-07-04 21:41:55,004 - mmseg - INFO - Iter [2150/4000]	lr: 5.048e-03, eta: 0:21:25, time: 0.589, data_time: 0.015, memory: 18766, decode.loss_seg: 2.9445, decode.acc_seg: 5.2634, aux.loss_seg: 1.1779, aux.acc_seg: 5.2640, loss: 4.1225
2021-07-04 21:42:23,820 - mmseg - INFO - Iter [2200/4000]	lr: 4.928e-03, eta: 0:20:45, time: 0.576, data_time: 0.014, memory: 18766, decode.loss_seg: 2.9445, decode.acc_seg: 5.2632, aux.loss_seg: 1.1779, aux.acc_seg: 5.2647, loss: 4.1225
2021-07-04 21:42:52,944 - mmseg - INFO - Iter [2250/4000]	lr: 4.807e-03, eta: 0:20:07, time: 0.583, data_time: 0.023, memory: 18766, decode.loss_seg: 2.9445, decode.acc_seg: 5.2627, aux.loss_seg: 1.1779, aux.acc_seg: 5.2634, loss: 4.1225
2021-07-04 21:43:28,077 - mmseg - INFO - Iter [2300/4000]	lr: 4.686e-03, eta: 0:19:33, time: 0.702, data_time: 0.023, memory: 18766, decode.loss_seg: 2.9445, decode.acc_seg: 5.2629, aux.loss_seg: 1.1779, aux.acc_seg: 5.2629, loss: 4.1224
2021-07-04 21:44:01,175 - mmseg - INFO - Iter [2350/4000]	lr: 4.564e-03, eta: 0:18:57, time: 0.663, data_time: 0.023, memory: 18766, decode.loss_seg: 2.9445, decode.acc_seg: 5.2641, aux.loss_seg: 1.1779, aux.acc_seg: 5.2625, loss: 4.1224
2021-07-04 21:44:33,552 - mmseg - INFO - Iter [2400/4000]	lr: 4.442e-03, eta: 0:18:21, time: 0.647, data_time: 0.019, memory: 18766, decode.loss_seg: 2.9445, decode.acc_seg: 5.2627, aux.loss_seg: 1.1779, aux.acc_seg: 5.2622, loss: 4.1224
2021-07-04 21:45:04,886 - mmseg - INFO - Iter [2450/4000]	lr: 4.320e-03, eta: 0:17:45, time: 0.626, data_time: 0.030, memory: 18766, decode.loss_seg: 2.9445, decode.acc_seg: 5.2656, aux.loss_seg: 1.1779, aux.acc_seg: 5.2640, loss: 4.1224
2021-07-04 21:45:42,175 - mmseg - INFO - Iter [2500/4000]	lr: 4.198e-03, eta: 0:17:12, time: 0.746, data_time: 0.031, memory: 18766, decode.loss_seg: 2.9445, decode.acc_seg: 5.2619, aux.loss_seg: 1.1779, aux.acc_seg: 5.2635, loss: 4.1224
2021-07-04 21:46:10,542 - mmseg - INFO - Iter [2550/4000]	lr: 4.074e-03, eta: 0:16:34, time: 0.568, data_time: 0.020, memory: 18766, decode.loss_seg: 2.9445, decode.acc_seg: 5.2642, aux.loss_seg: 1.1779, aux.acc_seg: 5.2629, loss: 4.1224
2021-07-04 21:46:43,889 - mmseg - INFO - Iter [2600/4000]	lr: 3.951e-03, eta: 0:16:00, time: 0.667, data_time: 0.016, memory: 18766, decode.loss_seg: 2.9445, decode.acc_seg: 5.2652, aux.loss_seg: 1.1779, aux.acc_seg: 5.2616, loss: 4.1224
2021-07-04 21:47:14,603 - mmseg - INFO - Iter [2650/4000]	lr: 3.827e-03, eta: 0:15:23, time: 0.614, data_time: 0.026, memory: 18766, decode.loss_seg: 2.9445, decode.acc_seg: 5.2644, aux.loss_seg: 1.1779, aux.acc_seg: 5.2622, loss: 4.1224
2021-07-04 21:47:46,572 - mmseg - INFO - Iter [2700/4000]	lr: 3.703e-03, eta: 0:14:48, time: 0.639, data_time: 0.026, memory: 18766, decode.loss_seg: 2.9445, decode.acc_seg: 5.2635, aux.loss_seg: 1.1779, aux.acc_seg: 5.2623, loss: 4.1224
2021-07-04 21:48:15,194 - mmseg - INFO - Iter [2750/4000]	lr: 3.578e-03, eta: 0:14:11, time: 0.572, data_time: 0.018, memory: 18766, decode.loss_seg: 2.9445, decode.acc_seg: 5.2646, aux.loss_seg: 1.1779, aux.acc_seg: 5.2605, loss: 4.1224
2021-07-04 21:48:50,099 - mmseg - INFO - Iter [2800/4000]	lr: 3.453e-03, eta: 0:13:38, time: 0.698, data_time: 0.062, memory: 18766, decode.loss_seg: 2.9445, decode.acc_seg: 5.2636, aux.loss_seg: 1.1779, aux.acc_seg: 5.2625, loss: 4.1224
2021-07-04 21:49:24,666 - mmseg - INFO - Iter [2850/4000]	lr: 3.327e-03, eta: 0:13:04, time: 0.690, data_time: 0.035, memory: 18766, decode.loss_seg: 2.9445, decode.acc_seg: 5.2651, aux.loss_seg: 1.1779, aux.acc_seg: 5.2635, loss: 4.1224
2021-07-04 21:49:52,723 - mmseg - INFO - Iter [2900/4000]	lr: 3.200e-03, eta: 0:12:27, time: 0.562, data_time: 0.018, memory: 18766, decode.loss_seg: 2.9445, decode.acc_seg: 5.2642, aux.loss_seg: 1.1779, aux.acc_seg: 5.2630, loss: 4.1224
2021-07-04 21:50:24,696 - mmseg - INFO - Iter [2950/4000]	lr: 3.073e-03, eta: 0:11:53, time: 0.640, data_time: 0.028, memory: 18766, decode.loss_seg: 2.9445, decode.acc_seg: 5.2630, aux.loss_seg: 1.1779, aux.acc_seg: 5.2630, loss: 4.1224
2021-07-04 21:50:56,630 - mmseg - INFO - Exp name: pspnet_r50-d8_512x1024_4k_cityscapes.py
2021-07-04 21:50:56,740 - mmseg - INFO - Iter [3000/4000]	lr: 2.946e-03, eta: 0:11:18, time: 0.638, data_time: 0.046, memory: 18766, decode.loss_seg: 2.9445, decode.acc_seg: 5.2626, aux.loss_seg: 1.1779, aux.acc_seg: 5.2626, loss: 4.1224
2021-07-04 21:51:27,143 - mmseg - INFO - Iter [3050/4000]	lr: 2.817e-03, eta: 0:10:43, time: 0.610, data_time: 0.022, memory: 18766, decode.loss_seg: 2.9445, decode.acc_seg: 5.2621, aux.loss_seg: 1.1779, aux.acc_seg: 5.2632, loss: 4.1224
2021-07-04 21:52:01,847 - mmseg - INFO - Iter [3100/4000]	lr: 2.688e-03, eta: 0:10:09, time: 0.693, data_time: 0.027, memory: 18766, decode.loss_seg: 2.9445, decode.acc_seg: 5.2634, aux.loss_seg: 1.1779, aux.acc_seg: 5.2623, loss: 4.1224
2021-07-04 21:52:33,097 - mmseg - INFO - Iter [3150/4000]	lr: 2.559e-03, eta: 0:09:35, time: 0.626, data_time: 0.019, memory: 18766, decode.loss_seg: 2.9445, decode.acc_seg: 5.2619, aux.loss_seg: 1.1779, aux.acc_seg: 5.2633, loss: 4.1224
2021-07-04 21:53:07,885 - mmseg - INFO - Iter [3200/4000]	lr: 2.428e-03, eta: 0:09:01, time: 0.696, data_time: 0.034, memory: 18766, decode.loss_seg: 2.9445, decode.acc_seg: 5.2619, aux.loss_seg: 1.1779, aux.acc_seg: 5.2624, loss: 4.1224
2021-07-04 21:53:43,094 - mmseg - INFO - Iter [3250/4000]	lr: 2.297e-03, eta: 0:08:28, time: 0.704, data_time: 0.033, memory: 18766, decode.loss_seg: 2.9445, decode.acc_seg: 5.2623, aux.loss_seg: 1.1779, aux.acc_seg: 5.2631, loss: 4.1224
2021-07-04 21:54:10,586 - mmseg - INFO - Iter [3300/4000]	lr: 2.165e-03, eta: 0:07:52, time: 0.550, data_time: 0.016, memory: 18766, decode.loss_seg: 2.9445, decode.acc_seg: 5.2630, aux.loss_seg: 1.1779, aux.acc_seg: 5.2630, loss: 4.1224
2021-07-04 21:54:45,035 - mmseg - INFO - Iter [3350/4000]	lr: 2.032e-03, eta: 0:07:19, time: 0.688, data_time: 0.051, memory: 18766, decode.loss_seg: 2.9445, decode.acc_seg: 5.2635, aux.loss_seg: 1.1779, aux.acc_seg: 5.2612, loss: 4.1224
2021-07-04 21:55:15,127 - mmseg - INFO - Iter [3400/4000]	lr: 1.898e-03, eta: 0:06:44, time: 0.602, data_time: 0.019, memory: 18766, decode.loss_seg: 2.9445, decode.acc_seg: 5.2639, aux.loss_seg: 1.1779, aux.acc_seg: 5.2628, loss: 4.1224
2021-07-04 21:55:47,886 - mmseg - INFO - Iter [3450/4000]	lr: 1.763e-03, eta: 0:06:10, time: 0.656, data_time: 0.017, memory: 18766, decode.loss_seg: 2.9445, decode.acc_seg: 5.2623, aux.loss_seg: 1.1779, aux.acc_seg: 5.2635, loss: 4.1224
2021-07-04 21:56:21,186 - mmseg - INFO - Iter [3500/4000]	lr: 1.626e-03, eta: 0:05:37, time: 0.655, data_time: 0.017, memory: 18766, decode.loss_seg: 2.9445, decode.acc_seg: 5.2633, aux.loss_seg: 1.1779, aux.acc_seg: 5.2636, loss: 4.1224
2021-07-04 21:56:52,961 - mmseg - INFO - Iter [3550/4000]	lr: 1.488e-03, eta: 0:05:03, time: 0.646, data_time: 0.083, memory: 18766, decode.loss_seg: 2.9445, decode.acc_seg: 5.2646, aux.loss_seg: 1.1779, aux.acc_seg: 5.2641, loss: 4.1224
2021-07-04 21:57:28,249 - mmseg - INFO - Iter [3600/4000]	lr: 1.349e-03, eta: 0:04:29, time: 0.706, data_time: 0.029, memory: 18766, decode.loss_seg: 2.9445, decode.acc_seg: 5.2631, aux.loss_seg: 1.1779, aux.acc_seg: 5.2634, loss: 4.1224
2021-07-04 21:57:56,637 - mmseg - INFO - Iter [3650/4000]	lr: 1.208e-03, eta: 0:03:55, time: 0.568, data_time: 0.018, memory: 18766, decode.loss_seg: 2.9445, decode.acc_seg: 5.2630, aux.loss_seg: 1.1779, aux.acc_seg: 5.2638, loss: 4.1224
2021-07-04 21:58:31,583 - mmseg - INFO - Iter [3700/4000]	lr: 1.065e-03, eta: 0:03:21, time: 0.699, data_time: 0.023, memory: 18766, decode.loss_seg: 2.9445, decode.acc_seg: 5.2634, aux.loss_seg: 1.1779, aux.acc_seg: 5.2645, loss: 4.1224
2021-07-04 21:59:03,408 - mmseg - INFO - Iter [3750/4000]	lr: 9.194e-04, eta: 0:02:48, time: 0.637, data_time: 0.033, memory: 18766, decode.loss_seg: 2.9445, decode.acc_seg: 5.2633, aux.loss_seg: 1.1779, aux.acc_seg: 5.2649, loss: 4.1224
2021-07-04 21:59:33,786 - mmseg - INFO - Iter [3800/4000]	lr: 7.709e-04, eta: 0:02:14, time: 0.607, data_time: 0.021, memory: 18766, decode.loss_seg: 2.9445, decode.acc_seg: 5.2630, aux.loss_seg: 1.1779, aux.acc_seg: 5.2623, loss: 4.1224
2021-07-04 22:00:06,453 - mmseg - INFO - Iter [3850/4000]	lr: 6.186e-04, eta: 0:01:40, time: 0.653, data_time: 0.044, memory: 18766, decode.loss_seg: 2.9445, decode.acc_seg: 5.2619, aux.loss_seg: 1.1779, aux.acc_seg: 5.2640, loss: 4.1224
2021-07-04 22:00:35,046 - mmseg - INFO - Iter [3900/4000]	lr: 4.611e-04, eta: 0:01:07, time: 0.573, data_time: 0.018, memory: 18766, decode.loss_seg: 2.9445, decode.acc_seg: 5.2631, aux.loss_seg: 1.1779, aux.acc_seg: 5.2637, loss: 4.1224
2021-07-04 22:01:06,273 - mmseg - INFO - Iter [3950/4000]	lr: 2.953e-04, eta: 0:00:33, time: 0.624, data_time: 0.023, memory: 18766, decode.loss_seg: 2.9445, decode.acc_seg: 5.2637, aux.loss_seg: 1.1779, aux.acc_seg: 5.2649, loss: 4.1224
2021-07-04 22:01:37,980 - mmseg - INFO - Saving checkpoint at 4000 iterations
2021-07-04 22:02:08,762 - mmseg - INFO - per class results:
2021-07-04 22:02:08,794 - mmseg - INFO -
+---------------+------+-------+
|     Class     | IoU  |  Acc  |
+---------------+------+-------+
|      road     | 1.96 |  3.03 |
|    sidewalk   | 2.1  |  3.36 |
|    building   | 2.47 |  4.44 |
|      wall     | 3.88 | 12.84 |
|     fence     | 4.3  |  19.0 |
|      pole     | 2.15 |  3.5  |
| traffic light | 2.1  |  3.39 |
|  traffic sign | 0.46 |  0.5  |
|   vegetation  | 2.25 |  3.79 |
|    terrain    | 2.53 |  4.65 |
|      sky      | 1.79 |  2.64 |
|     person    | 1.81 |  2.68 |
|     rider     | 2.58 |  4.84 |
|      car      | 0.45 |  0.49 |
|     truck     | 4.26 | 18.52 |
|      bus      | 1.54 |  2.13 |
|     train     | 1.69 |  2.43 |
|   motorcycle  | 2.91 |  6.11 |
|    bicycle    | 1.21 |  1.55 |
+---------------+------+-------+
2021-07-04 22:02:08,794 - mmseg - INFO - Summary:
2021-07-04 22:02:08,794 - mmseg - INFO -
+------+------+------+
| aAcc | mIoU | mAcc |
+------+------+------+
| 5.26 | 2.23 | 5.26 |
+------+------+------+
2021-07-04 22:02:09,084 - mmseg - INFO - Exp name: pspnet_r50-d8_512x1024_4k_cityscapes.py
2021-07-04 22:02:09,084 - mmseg - INFO - Iter [63/4000]	lr: 1.057e-04, eta: 0:00:00, time: 0.658, data_time: 0.026, memory: 18766, aAcc: 0.0526, mIoU: 0.0223, mAcc: 0.0526, IoU.road: 0.0196, IoU.sidewalk: 0.0210, IoU.building: 0.0247, IoU.wall: 0.0388, IoU.fence: 0.0430, IoU.pole: 0.0215, IoU.traffic light: 0.0210, IoU.traffic sign: 0.0046, IoU.vegetation: 0.0225, IoU.terrain: 0.0253, IoU.sky: 0.0179, IoU.person: 0.0181, IoU.rider: 0.0258, IoU.car: 0.0045, IoU.truck: 0.0426, IoU.bus: 0.0154, IoU.train: 0.0169, IoU.motorcycle: 0.0291, IoU.bicycle: 0.0121, Acc.road: 0.0303, Acc.sidewalk: 0.0336, Acc.building: 0.0444, Acc.wall: 0.1284, Acc.fence: 0.1900, Acc.pole: 0.0350, Acc.traffic light: 0.0339, Acc.traffic sign: 0.0050, Acc.vegetation: 0.0379, Acc.terrain: 0.0465, Acc.sky: 0.0264, Acc.person: 0.0268, Acc.rider: 0.0484, Acc.car: 0.0049, Acc.truck: 0.1852, Acc.bus: 0.0213, Acc.train: 0.0243, Acc.motorcycle: 0.0611, Acc.bicycle: 0.0155, decode.loss_seg: 2.9445, decode.acc_seg: 5.2639, aux.loss_seg: 1.1779, aux.acc_seg: 5.2617, loss: 4.1224
