2021-07-04 21:50:54,765 - mmseg - INFO - Environment info:
------------------------------------------------------------
sys.platform: linux
Python: 3.7.10 (default, Feb 26 2021, 18:47:35) [GCC 7.3.0]
CUDA available: True
GPU 0,1,2,3,4,5,6,7: Tesla V100-SXM2-32GB
CUDA_HOME: /mnt/cache/share/polaris/dep/cuda-10.1-cudnn7.6.5
NVCC: Cuda compilation tools, release 10.1, V10.1.243
GCC: gcc (GCC) 5.4.0
PyTorch: 1.8.0
PyTorch compiling details: PyTorch built with:
  - GCC 7.3
  - C++ Version: 201402
  - Intel(R) Math Kernel Library Version 2020.0.2 Product Build 20200624 for Intel(R) 64 architecture applications
  - Intel(R) MKL-DNN v1.7.0 (Git Hash 7aed236906b1f7a05c0917e5257a1af05e9ff683)
  - OpenMP 201511 (a.k.a. OpenMP 4.5)
  - NNPACK is enabled
  - CPU capability usage: AVX2
  - CUDA Runtime 10.1
  - NVCC architecture flags: -gencode;arch=compute_37,code=sm_37;-gencode;arch=compute_50,code=sm_50;-gencode;arch=compute_60,code=sm_60;-gencode;arch=compute_61,code=sm_61;-gencode;arch=compute_70,code=sm_70;-gencode;arch=compute_75,code=sm_75;-gencode;arch=compute_37,code=compute_37
  - CuDNN 7.6.3
  - Magma 2.5.2
  - Build settings: BLAS_INFO=mkl, BUILD_TYPE=Release, CUDA_VERSION=10.1, CUDNN_VERSION=7.6.3, CXX_COMPILER=/opt/rh/devtoolset-7/root/usr/bin/c++, CXX_FLAGS= -Wno-deprecated -fvisibility-inlines-hidden -DUSE_PTHREADPOOL -fopenmp -DNDEBUG -DUSE_KINETO -DUSE_FBGEMM -DUSE_QNNPACK -DUSE_PYTORCH_QNNPACK -DUSE_XNNPACK -O2 -fPIC -Wno-narrowing -Wall -Wextra -Werror=return-type -Wno-missing-field-initializers -Wno-type-limits -Wno-array-bounds -Wno-unknown-pragmas -Wno-sign-compare -Wno-unused-parameter -Wno-unused-variable -Wno-unused-function -Wno-unused-result -Wno-unused-local-typedefs -Wno-strict-overflow -Wno-strict-aliasing -Wno-error=deprecated-declarations -Wno-stringop-overflow -Wno-psabi -Wno-error=pedantic -Wno-error=redundant-decls -Wno-error=old-style-cast -fdiagnostics-color=always -faligned-new -Wno-unused-but-set-variable -Wno-maybe-uninitialized -fno-math-errno -fno-trapping-math -Werror=format -Wno-stringop-overflow, LAPACK_INFO=mkl, PERF_WITH_AVX=1, PERF_WITH_AVX2=1, PERF_WITH_AVX512=1, TORCH_VERSION=1.8.0, USE_CUDA=ON, USE_CUDNN=ON, USE_EXCEPTION_PTR=1, USE_GFLAGS=OFF, USE_GLOG=OFF, USE_MKL=ON, USE_MKLDNN=ON, USE_MPI=OFF, USE_NCCL=ON, USE_NNPACK=ON, USE_OPENMP=ON,

TorchVision: 0.9.0
OpenCV: 4.5.1
MMCV: 1.3.8
MMCV Compiler: GCC 7.3
MMCV CUDA Compiler: 10.1
MMSegmentation: 0.14.1+9988853
------------------------------------------------------------

2021-07-04 21:50:54,767 - mmseg - INFO - Distributed training: True
2021-07-04 21:50:55,050 - mmseg - INFO - Config:
norm_cfg = dict(type='SyncBN', requires_grad=True)
model = dict(
    type='EncoderDecoder',
    pretrained='open-mmlab://resnet50_v1c',
    backbone=dict(
        type='ResNetV1c',
        depth=50,
        num_stages=4,
        out_indices=(0, 1, 2, 3),
        dilations=(1, 1, 2, 4),
        strides=(1, 2, 1, 1),
        norm_cfg=dict(type='SyncBN', requires_grad=True),
        norm_eval=False,
        style='pytorch',
        contract_dilation=True),
    decode_head=dict(
        type='DepthwiseSeparableASPPHead',
        in_channels=2048,
        in_index=3,
        channels=512,
        dilations=(1, 12, 24, 36),
        c1_in_channels=256,
        c1_channels=48,
        dropout_ratio=0.1,
        num_classes=19,
        norm_cfg=dict(type='SyncBN', requires_grad=True),
        align_corners=False,
        loss_decode=dict(
            type='CrossEntropyLoss', use_sigmoid=False, loss_weight=1.0)),
    auxiliary_head=dict(
        type='FCNHead',
        in_channels=1024,
        in_index=2,
        channels=256,
        num_convs=1,
        concat_input=False,
        dropout_ratio=0.1,
        num_classes=19,
        norm_cfg=dict(type='SyncBN', requires_grad=True),
        align_corners=False,
        loss_decode=dict(
            type='CrossEntropyLoss', use_sigmoid=False, loss_weight=0.4)),
    train_cfg=dict(),
    test_cfg=dict(mode='whole'))
dataset_type = 'DummyCityscapes'
img_norm_cfg = dict(
    mean=[123.675, 116.28, 103.53], std=[58.395, 57.12, 57.375], to_rgb=True)
crop_size = (512, 1024)
train_pipeline = [
    dict(type='Resize', img_scale=(2048, 1024), ratio_range=(0.5, 2.0)),
    dict(type='RandomCrop', crop_size=(512, 1024), cat_max_ratio=0.75),
    dict(type='RandomFlip', prob=0.5),
    dict(type='PhotoMetricDistortion'),
    dict(
        type='Normalize',
        mean=[123.675, 116.28, 103.53],
        std=[58.395, 57.12, 57.375],
        to_rgb=True),
    dict(type='DefaultFormatBundle'),
    dict(type='Collect', keys=['img', 'gt_semantic_seg'])
]
test_pipeline = [
    dict(
        type='MultiScaleFlipAug',
        img_scale=(2048, 1024),
        flip=False,
        transforms=[
            dict(type='Resize', keep_ratio=True),
            dict(type='RandomFlip'),
            dict(
                type='Normalize',
                mean=[123.675, 116.28, 103.53],
                std=[58.395, 57.12, 57.375],
                to_rgb=True),
            dict(type='ImageToTensor', keys=['img']),
            dict(type='Collect', keys=['img'])
        ])
]
data = dict(
    samples_per_gpu=2,
    workers_per_gpu=2,
    train=dict(
        type='DummyCityscapes',
        pipeline=[
            dict(
                type='Resize', img_scale=(2048, 1024), ratio_range=(0.5, 2.0)),
            dict(type='RandomCrop', crop_size=(512, 1024), cat_max_ratio=0.75),
            dict(type='RandomFlip', prob=0.5),
            dict(type='PhotoMetricDistortion'),
            dict(
                type='Normalize',
                mean=[123.675, 116.28, 103.53],
                std=[58.395, 57.12, 57.375],
                to_rgb=True),
            dict(type='DefaultFormatBundle'),
            dict(type='Collect', keys=['img', 'gt_semantic_seg'])
        ]),
    val=dict(
        type='DummyCityscapes',
        pipeline=[
            dict(
                type='MultiScaleFlipAug',
                img_scale=(2048, 1024),
                flip=False,
                transforms=[
                    dict(type='Resize', keep_ratio=True),
                    dict(type='RandomFlip'),
                    dict(
                        type='Normalize',
                        mean=[123.675, 116.28, 103.53],
                        std=[58.395, 57.12, 57.375],
                        to_rgb=True),
                    dict(type='ImageToTensor', keys=['img']),
                    dict(type='Collect', keys=['img'])
                ])
        ]),
    test=dict(
        type='DummyCityscapes',
        pipeline=[
            dict(
                type='MultiScaleFlipAug',
                img_scale=(2048, 1024),
                flip=False,
                transforms=[
                    dict(type='Resize', keep_ratio=True),
                    dict(type='RandomFlip'),
                    dict(
                        type='Normalize',
                        mean=[123.675, 116.28, 103.53],
                        std=[58.395, 57.12, 57.375],
                        to_rgb=True),
                    dict(type='ImageToTensor', keys=['img']),
                    dict(type='Collect', keys=['img'])
                ])
        ]))
log_config = dict(
    interval=50, hooks=[dict(type='TextLoggerHook', by_epoch=False)])
dist_params = dict(backend='nccl')
log_level = 'INFO'
load_from = None
resume_from = None
workflow = [('train', 1)]
cudnn_benchmark = True
optimizer = dict(type='SGD', lr=0.01, momentum=0.9, weight_decay=0.0005)
optimizer_config = dict()
lr_config = dict(policy='poly', power=0.9, min_lr=0.0001, by_epoch=False)
runner = dict(type='IterBasedRunner', max_iters=4000)
checkpoint_config = dict(by_epoch=False, interval=2000)
evaluation = dict(interval=2000, metric='mIoU')
work_dir = './work_dirs/deeplabv3plus_r50-d8_512x1024_4k_dummy_cityscapes'
gpu_ids = range(0, 1)

2021-07-04 21:51:02,184 - mmseg - INFO - EncoderDecoder(
  (backbone): ResNetV1c(
    (stem): Sequential(
      (0): Conv2d(3, 32, kernel_size=(3, 3), stride=(2, 2), padding=(1, 1), bias=False)
      (1): SyncBatchNorm(32, eps=1e-05, momentum=0.1, affine=True, track_running_stats=True)
      (2): ReLU(inplace=True)
      (3): Conv2d(32, 32, kernel_size=(3, 3), stride=(1, 1), padding=(1, 1), bias=False)
      (4): SyncBatchNorm(32, eps=1e-05, momentum=0.1, affine=True, track_running_stats=True)
      (5): ReLU(inplace=True)
      (6): Conv2d(32, 64, kernel_size=(3, 3), stride=(1, 1), padding=(1, 1), bias=False)
      (7): SyncBatchNorm(64, eps=1e-05, momentum=0.1, affine=True, track_running_stats=True)
      (8): ReLU(inplace=True)
    )
    (maxpool): MaxPool2d(kernel_size=3, stride=2, padding=1, dilation=1, ceil_mode=False)
    (layer1): ResLayer(
      (0): Bottleneck(
        (conv1): Conv2d(64, 64, kernel_size=(1, 1), stride=(1, 1), bias=False)
        (bn1): SyncBatchNorm(64, eps=1e-05, momentum=0.1, affine=True, track_running_stats=True)
        (conv2): Conv2d(64, 64, kernel_size=(3, 3), stride=(1, 1), padding=(1, 1), bias=False)
        (bn2): SyncBatchNorm(64, eps=1e-05, momentum=0.1, affine=True, track_running_stats=True)
        (conv3): Conv2d(64, 256, kernel_size=(1, 1), stride=(1, 1), bias=False)
        (bn3): SyncBatchNorm(256, eps=1e-05, momentum=0.1, affine=True, track_running_stats=True)
        (relu): ReLU(inplace=True)
        (downsample): Sequential(
          (0): Conv2d(64, 256, kernel_size=(1, 1), stride=(1, 1), bias=False)
          (1): SyncBatchNorm(256, eps=1e-05, momentum=0.1, affine=True, track_running_stats=True)
        )
      )
      (1): Bottleneck(
        (conv1): Conv2d(256, 64, kernel_size=(1, 1), stride=(1, 1), bias=False)
        (bn1): SyncBatchNorm(64, eps=1e-05, momentum=0.1, affine=True, track_running_stats=True)
        (conv2): Conv2d(64, 64, kernel_size=(3, 3), stride=(1, 1), padding=(1, 1), bias=False)
        (bn2): SyncBatchNorm(64, eps=1e-05, momentum=0.1, affine=True, track_running_stats=True)
        (conv3): Conv2d(64, 256, kernel_size=(1, 1), stride=(1, 1), bias=False)
        (bn3): SyncBatchNorm(256, eps=1e-05, momentum=0.1, affine=True, track_running_stats=True)
        (relu): ReLU(inplace=True)
      )
      (2): Bottleneck(
        (conv1): Conv2d(256, 64, kernel_size=(1, 1), stride=(1, 1), bias=False)
        (bn1): SyncBatchNorm(64, eps=1e-05, momentum=0.1, affine=True, track_running_stats=True)
        (conv2): Conv2d(64, 64, kernel_size=(3, 3), stride=(1, 1), padding=(1, 1), bias=False)
        (bn2): SyncBatchNorm(64, eps=1e-05, momentum=0.1, affine=True, track_running_stats=True)
        (conv3): Conv2d(64, 256, kernel_size=(1, 1), stride=(1, 1), bias=False)
        (bn3): SyncBatchNorm(256, eps=1e-05, momentum=0.1, affine=True, track_running_stats=True)
        (relu): ReLU(inplace=True)
      )
    )
    (layer2): ResLayer(
      (0): Bottleneck(
        (conv1): Conv2d(256, 128, kernel_size=(1, 1), stride=(1, 1), bias=False)
        (bn1): SyncBatchNorm(128, eps=1e-05, momentum=0.1, affine=True, track_running_stats=True)
        (conv2): Conv2d(128, 128, kernel_size=(3, 3), stride=(2, 2), padding=(1, 1), bias=False)
        (bn2): SyncBatchNorm(128, eps=1e-05, momentum=0.1, affine=True, track_running_stats=True)
        (conv3): Conv2d(128, 512, kernel_size=(1, 1), stride=(1, 1), bias=False)
        (bn3): SyncBatchNorm(512, eps=1e-05, momentum=0.1, affine=True, track_running_stats=True)
        (relu): ReLU(inplace=True)
        (downsample): Sequential(
          (0): Conv2d(256, 512, kernel_size=(1, 1), stride=(2, 2), bias=False)
          (1): SyncBatchNorm(512, eps=1e-05, momentum=0.1, affine=True, track_running_stats=True)
        )
      )
      (1): Bottleneck(
        (conv1): Conv2d(512, 128, kernel_size=(1, 1), stride=(1, 1), bias=False)
        (bn1): SyncBatchNorm(128, eps=1e-05, momentum=0.1, affine=True, track_running_stats=True)
        (conv2): Conv2d(128, 128, kernel_size=(3, 3), stride=(1, 1), padding=(1, 1), bias=False)
        (bn2): SyncBatchNorm(128, eps=1e-05, momentum=0.1, affine=True, track_running_stats=True)
        (conv3): Conv2d(128, 512, kernel_size=(1, 1), stride=(1, 1), bias=False)
        (bn3): SyncBatchNorm(512, eps=1e-05, momentum=0.1, affine=True, track_running_stats=True)
        (relu): ReLU(inplace=True)
      )
      (2): Bottleneck(
        (conv1): Conv2d(512, 128, kernel_size=(1, 1), stride=(1, 1), bias=False)
        (bn1): SyncBatchNorm(128, eps=1e-05, momentum=0.1, affine=True, track_running_stats=True)
        (conv2): Conv2d(128, 128, kernel_size=(3, 3), stride=(1, 1), padding=(1, 1), bias=False)
        (bn2): SyncBatchNorm(128, eps=1e-05, momentum=0.1, affine=True, track_running_stats=True)
        (conv3): Conv2d(128, 512, kernel_size=(1, 1), stride=(1, 1), bias=False)
        (bn3): SyncBatchNorm(512, eps=1e-05, momentum=0.1, affine=True, track_running_stats=True)
        (relu): ReLU(inplace=True)
      )
      (3): Bottleneck(
        (conv1): Conv2d(512, 128, kernel_size=(1, 1), stride=(1, 1), bias=False)
        (bn1): SyncBatchNorm(128, eps=1e-05, momentum=0.1, affine=True, track_running_stats=True)
        (conv2): Conv2d(128, 128, kernel_size=(3, 3), stride=(1, 1), padding=(1, 1), bias=False)
        (bn2): SyncBatchNorm(128, eps=1e-05, momentum=0.1, affine=True, track_running_stats=True)
        (conv3): Conv2d(128, 512, kernel_size=(1, 1), stride=(1, 1), bias=False)
        (bn3): SyncBatchNorm(512, eps=1e-05, momentum=0.1, affine=True, track_running_stats=True)
        (relu): ReLU(inplace=True)
      )
    )
    (layer3): ResLayer(
      (0): Bottleneck(
        (conv1): Conv2d(512, 256, kernel_size=(1, 1), stride=(1, 1), bias=False)
        (bn1): SyncBatchNorm(256, eps=1e-05, momentum=0.1, affine=True, track_running_stats=True)
        (conv2): Conv2d(256, 256, kernel_size=(3, 3), stride=(1, 1), padding=(1, 1), bias=False)
        (bn2): SyncBatchNorm(256, eps=1e-05, momentum=0.1, affine=True, track_running_stats=True)
        (conv3): Conv2d(256, 1024, kernel_size=(1, 1), stride=(1, 1), bias=False)
        (bn3): SyncBatchNorm(1024, eps=1e-05, momentum=0.1, affine=True, track_running_stats=True)
        (relu): ReLU(inplace=True)
        (downsample): Sequential(
          (0): Conv2d(512, 1024, kernel_size=(1, 1), stride=(1, 1), bias=False)
          (1): SyncBatchNorm(1024, eps=1e-05, momentum=0.1, affine=True, track_running_stats=True)
        )
      )
      (1): Bottleneck(
        (conv1): Conv2d(1024, 256, kernel_size=(1, 1), stride=(1, 1), bias=False)
        (bn1): SyncBatchNorm(256, eps=1e-05, momentum=0.1, affine=True, track_running_stats=True)
        (conv2): Conv2d(256, 256, kernel_size=(3, 3), stride=(1, 1), padding=(2, 2), dilation=(2, 2), bias=False)
        (bn2): SyncBatchNorm(256, eps=1e-05, momentum=0.1, affine=True, track_running_stats=True)
        (conv3): Conv2d(256, 1024, kernel_size=(1, 1), stride=(1, 1), bias=False)
        (bn3): SyncBatchNorm(1024, eps=1e-05, momentum=0.1, affine=True, track_running_stats=True)
        (relu): ReLU(inplace=True)
      )
      (2): Bottleneck(
        (conv1): Conv2d(1024, 256, kernel_size=(1, 1), stride=(1, 1), bias=False)
        (bn1): SyncBatchNorm(256, eps=1e-05, momentum=0.1, affine=True, track_running_stats=True)
        (conv2): Conv2d(256, 256, kernel_size=(3, 3), stride=(1, 1), padding=(2, 2), dilation=(2, 2), bias=False)
        (bn2): SyncBatchNorm(256, eps=1e-05, momentum=0.1, affine=True, track_running_stats=True)
        (conv3): Conv2d(256, 1024, kernel_size=(1, 1), stride=(1, 1), bias=False)
        (bn3): SyncBatchNorm(1024, eps=1e-05, momentum=0.1, affine=True, track_running_stats=True)
        (relu): ReLU(inplace=True)
      )
      (3): Bottleneck(
        (conv1): Conv2d(1024, 256, kernel_size=(1, 1), stride=(1, 1), bias=False)
        (bn1): SyncBatchNorm(256, eps=1e-05, momentum=0.1, affine=True, track_running_stats=True)
        (conv2): Conv2d(256, 256, kernel_size=(3, 3), stride=(1, 1), padding=(2, 2), dilation=(2, 2), bias=False)
        (bn2): SyncBatchNorm(256, eps=1e-05, momentum=0.1, affine=True, track_running_stats=True)
        (conv3): Conv2d(256, 1024, kernel_size=(1, 1), stride=(1, 1), bias=False)
        (bn3): SyncBatchNorm(1024, eps=1e-05, momentum=0.1, affine=True, track_running_stats=True)
        (relu): ReLU(inplace=True)
      )
      (4): Bottleneck(
        (conv1): Conv2d(1024, 256, kernel_size=(1, 1), stride=(1, 1), bias=False)
        (bn1): SyncBatchNorm(256, eps=1e-05, momentum=0.1, affine=True, track_running_stats=True)
        (conv2): Conv2d(256, 256, kernel_size=(3, 3), stride=(1, 1), padding=(2, 2), dilation=(2, 2), bias=False)
        (bn2): SyncBatchNorm(256, eps=1e-05, momentum=0.1, affine=True, track_running_stats=True)
        (conv3): Conv2d(256, 1024, kernel_size=(1, 1), stride=(1, 1), bias=False)
        (bn3): SyncBatchNorm(1024, eps=1e-05, momentum=0.1, affine=True, track_running_stats=True)
        (relu): ReLU(inplace=True)
      )
      (5): Bottleneck(
        (conv1): Conv2d(1024, 256, kernel_size=(1, 1), stride=(1, 1), bias=False)
        (bn1): SyncBatchNorm(256, eps=1e-05, momentum=0.1, affine=True, track_running_stats=True)
        (conv2): Conv2d(256, 256, kernel_size=(3, 3), stride=(1, 1), padding=(2, 2), dilation=(2, 2), bias=False)
        (bn2): SyncBatchNorm(256, eps=1e-05, momentum=0.1, affine=True, track_running_stats=True)
        (conv3): Conv2d(256, 1024, kernel_size=(1, 1), stride=(1, 1), bias=False)
        (bn3): SyncBatchNorm(1024, eps=1e-05, momentum=0.1, affine=True, track_running_stats=True)
        (relu): ReLU(inplace=True)
      )
    )
    (layer4): ResLayer(
      (0): Bottleneck(
        (conv1): Conv2d(1024, 512, kernel_size=(1, 1), stride=(1, 1), bias=False)
        (bn1): SyncBatchNorm(512, eps=1e-05, momentum=0.1, affine=True, track_running_stats=True)
        (conv2): Conv2d(512, 512, kernel_size=(3, 3), stride=(1, 1), padding=(2, 2), dilation=(2, 2), bias=False)
        (bn2): SyncBatchNorm(512, eps=1e-05, momentum=0.1, affine=True, track_running_stats=True)
        (conv3): Conv2d(512, 2048, kernel_size=(1, 1), stride=(1, 1), bias=False)
        (bn3): SyncBatchNorm(2048, eps=1e-05, momentum=0.1, affine=True, track_running_stats=True)
        (relu): ReLU(inplace=True)
        (downsample): Sequential(
          (0): Conv2d(1024, 2048, kernel_size=(1, 1), stride=(1, 1), bias=False)
          (1): SyncBatchNorm(2048, eps=1e-05, momentum=0.1, affine=True, track_running_stats=True)
        )
      )
      (1): Bottleneck(
        (conv1): Conv2d(2048, 512, kernel_size=(1, 1), stride=(1, 1), bias=False)
        (bn1): SyncBatchNorm(512, eps=1e-05, momentum=0.1, affine=True, track_running_stats=True)
        (conv2): Conv2d(512, 512, kernel_size=(3, 3), stride=(1, 1), padding=(4, 4), dilation=(4, 4), bias=False)
        (bn2): SyncBatchNorm(512, eps=1e-05, momentum=0.1, affine=True, track_running_stats=True)
        (conv3): Conv2d(512, 2048, kernel_size=(1, 1), stride=(1, 1), bias=False)
        (bn3): SyncBatchNorm(2048, eps=1e-05, momentum=0.1, affine=True, track_running_stats=True)
        (relu): ReLU(inplace=True)
      )
      (2): Bottleneck(
        (conv1): Conv2d(2048, 512, kernel_size=(1, 1), stride=(1, 1), bias=False)
        (bn1): SyncBatchNorm(512, eps=1e-05, momentum=0.1, affine=True, track_running_stats=True)
        (conv2): Conv2d(512, 512, kernel_size=(3, 3), stride=(1, 1), padding=(4, 4), dilation=(4, 4), bias=False)
        (bn2): SyncBatchNorm(512, eps=1e-05, momentum=0.1, affine=True, track_running_stats=True)
        (conv3): Conv2d(512, 2048, kernel_size=(1, 1), stride=(1, 1), bias=False)
        (bn3): SyncBatchNorm(2048, eps=1e-05, momentum=0.1, affine=True, track_running_stats=True)
        (relu): ReLU(inplace=True)
      )
    )
  )
  init_cfg={'type': 'Pretrained', 'checkpoint': 'open-mmlab://resnet50_v1c'}
  (decode_head): DepthwiseSeparableASPPHead(
    input_transform=None, ignore_index=255, align_corners=False
    (loss_decode): CrossEntropyLoss()
    (conv_seg): Conv2d(512, 19, kernel_size=(1, 1), stride=(1, 1))
    (dropout): Dropout2d(p=0.1, inplace=False)
    (image_pool): Sequential(
      (0): AdaptiveAvgPool2d(output_size=1)
      (1): ConvModule(
        (conv): Conv2d(2048, 512, kernel_size=(1, 1), stride=(1, 1), bias=False)
        (bn): SyncBatchNorm(512, eps=1e-05, momentum=0.1, affine=True, track_running_stats=True)
        (activate): ReLU(inplace=True)
      )
    )
    (aspp_modules): DepthwiseSeparableASPPModule(
      (0): ConvModule(
        (conv): Conv2d(2048, 512, kernel_size=(1, 1), stride=(1, 1), bias=False)
        (bn): SyncBatchNorm(512, eps=1e-05, momentum=0.1, affine=True, track_running_stats=True)
        (activate): ReLU(inplace=True)
      )
      (1): DepthwiseSeparableConvModule(
        (depthwise_conv): ConvModule(
          (conv): Conv2d(2048, 2048, kernel_size=(3, 3), stride=(1, 1), padding=(12, 12), dilation=(12, 12), groups=2048, bias=False)
          (bn): SyncBatchNorm(2048, eps=1e-05, momentum=0.1, affine=True, track_running_stats=True)
          (activate): ReLU(inplace=True)
        )
        (pointwise_conv): ConvModule(
          (conv): Conv2d(2048, 512, kernel_size=(1, 1), stride=(1, 1), bias=False)
          (bn): SyncBatchNorm(512, eps=1e-05, momentum=0.1, affine=True, track_running_stats=True)
          (activate): ReLU(inplace=True)
        )
      )
      (2): DepthwiseSeparableConvModule(
        (depthwise_conv): ConvModule(
          (conv): Conv2d(2048, 2048, kernel_size=(3, 3), stride=(1, 1), padding=(24, 24), dilation=(24, 24), groups=2048, bias=False)
          (bn): SyncBatchNorm(2048, eps=1e-05, momentum=0.1, affine=True, track_running_stats=True)
          (activate): ReLU(inplace=True)
        )
        (pointwise_conv): ConvModule(
          (conv): Conv2d(2048, 512, kernel_size=(1, 1), stride=(1, 1), bias=False)
          (bn): SyncBatchNorm(512, eps=1e-05, momentum=0.1, affine=True, track_running_stats=True)
          (activate): ReLU(inplace=True)
        )
      )
      (3): DepthwiseSeparableConvModule(
        (depthwise_conv): ConvModule(
          (conv): Conv2d(2048, 2048, kernel_size=(3, 3), stride=(1, 1), padding=(36, 36), dilation=(36, 36), groups=2048, bias=False)
          (bn): SyncBatchNorm(2048, eps=1e-05, momentum=0.1, affine=True, track_running_stats=True)
          (activate): ReLU(inplace=True)
        )
        (pointwise_conv): ConvModule(
          (conv): Conv2d(2048, 512, kernel_size=(1, 1), stride=(1, 1), bias=False)
          (bn): SyncBatchNorm(512, eps=1e-05, momentum=0.1, affine=True, track_running_stats=True)
          (activate): ReLU(inplace=True)
        )
      )
    )
    (bottleneck): ConvModule(
      (conv): Conv2d(2560, 512, kernel_size=(3, 3), stride=(1, 1), padding=(1, 1), bias=False)
      (bn): SyncBatchNorm(512, eps=1e-05, momentum=0.1, affine=True, track_running_stats=True)
      (activate): ReLU(inplace=True)
    )
    (c1_bottleneck): ConvModule(
      (conv): Conv2d(256, 48, kernel_size=(1, 1), stride=(1, 1), bias=False)
      (bn): SyncBatchNorm(48, eps=1e-05, momentum=0.1, affine=True, track_running_stats=True)
      (activate): ReLU(inplace=True)
    )
    (sep_bottleneck): Sequential(
      (0): DepthwiseSeparableConvModule(
        (depthwise_conv): ConvModule(
          (conv): Conv2d(560, 560, kernel_size=(3, 3), stride=(1, 1), padding=(1, 1), groups=560, bias=False)
          (bn): SyncBatchNorm(560, eps=1e-05, momentum=0.1, affine=True, track_running_stats=True)
          (activate): ReLU(inplace=True)
        )
        (pointwise_conv): ConvModule(
          (conv): Conv2d(560, 512, kernel_size=(1, 1), stride=(1, 1), bias=False)
          (bn): SyncBatchNorm(512, eps=1e-05, momentum=0.1, affine=True, track_running_stats=True)
          (activate): ReLU(inplace=True)
        )
      )
      (1): DepthwiseSeparableConvModule(
        (depthwise_conv): ConvModule(
          (conv): Conv2d(512, 512, kernel_size=(3, 3), stride=(1, 1), padding=(1, 1), groups=512, bias=False)
          (bn): SyncBatchNorm(512, eps=1e-05, momentum=0.1, affine=True, track_running_stats=True)
          (activate): ReLU(inplace=True)
        )
        (pointwise_conv): ConvModule(
          (conv): Conv2d(512, 512, kernel_size=(1, 1), stride=(1, 1), bias=False)
          (bn): SyncBatchNorm(512, eps=1e-05, momentum=0.1, affine=True, track_running_stats=True)
          (activate): ReLU(inplace=True)
        )
      )
    )
  )
  init_cfg={'type': 'Normal', 'std': 0.01, 'override': {'name': 'conv_seg'}}
  (auxiliary_head): FCNHead(
    input_transform=None, ignore_index=255, align_corners=False
    (loss_decode): CrossEntropyLoss()
    (conv_seg): Conv2d(256, 19, kernel_size=(1, 1), stride=(1, 1))
    (dropout): Dropout2d(p=0.1, inplace=False)
    (convs): Sequential(
      (0): ConvModule(
        (conv): Conv2d(1024, 256, kernel_size=(3, 3), stride=(1, 1), padding=(1, 1), bias=False)
        (bn): SyncBatchNorm(256, eps=1e-05, momentum=0.1, affine=True, track_running_stats=True)
        (activate): ReLU(inplace=True)
      )
    )
  )
  init_cfg={'type': 'Normal', 'std': 0.01, 'override': {'name': 'conv_seg'}}
)
2021-07-04 21:51:04,257 - mmseg - INFO - Start running, host: chengzesen@SH-IDC1-10-198-4-71, work_dir: /mnt/cache/chengzesen/workspace/mmsegmentation/work_dirs/deeplabv3plus_r50-d8_512x1024_4k_dummy_cityscapes
2021-07-04 21:51:04,257 - mmseg - INFO - Hooks will be executed in the following order:
before_run:
(VERY_HIGH   ) PolyLrUpdaterHook
(NORMAL      ) CheckpointHook
(NORMAL      ) DistEvalHook
(VERY_LOW    ) TextLoggerHook
 --------------------
before_train_epoch:
(VERY_HIGH   ) PolyLrUpdaterHook
(NORMAL      ) IterTimerHook
(NORMAL      ) DistEvalHook
(VERY_LOW    ) TextLoggerHook
 --------------------
before_train_iter:
(VERY_HIGH   ) PolyLrUpdaterHook
(NORMAL      ) IterTimerHook
(NORMAL      ) DistEvalHook
 --------------------
after_train_iter:
(ABOVE_NORMAL) OptimizerHook
(NORMAL      ) CheckpointHook
(NORMAL      ) IterTimerHook
(NORMAL      ) DistEvalHook
(VERY_LOW    ) TextLoggerHook
 --------------------
after_train_epoch:
(NORMAL      ) CheckpointHook
(NORMAL      ) DistEvalHook
(VERY_LOW    ) TextLoggerHook
 --------------------
before_val_epoch:
(NORMAL      ) IterTimerHook
(VERY_LOW    ) TextLoggerHook
 --------------------
before_val_iter:
(NORMAL      ) IterTimerHook
 --------------------
after_val_iter:
(NORMAL      ) IterTimerHook
 --------------------
after_val_epoch:
(VERY_LOW    ) TextLoggerHook
 --------------------
2021-07-04 21:51:04,257 - mmseg - INFO - workflow: [('train', 1)], max: 4000 iters
2021-07-04 21:53:03,505 - mmseg - INFO - Iter [50/4000]	lr: 9.891e-03, eta: 1:03:10, time: 0.960, data_time: 0.030, memory: 18770, decode.loss_seg: 2.9509, decode.acc_seg: 5.2625, aux.loss_seg: 1.1792, aux.acc_seg: 5.2613, loss: 4.1300
2021-07-04 21:53:31,466 - mmseg - INFO - Iter [100/4000]	lr: 9.779e-03, eta: 0:49:21, time: 0.559, data_time: 0.016, memory: 18770, decode.loss_seg: 2.9491, decode.acc_seg: 5.2620, aux.loss_seg: 1.1789, aux.acc_seg: 5.2626, loss: 4.1280
2021-07-04 21:54:02,058 - mmseg - INFO - Iter [150/4000]	lr: 9.667e-03, eta: 0:45:34, time: 0.612, data_time: 0.016, memory: 18770, decode.loss_seg: 2.9482, decode.acc_seg: 5.2637, aux.loss_seg: 1.1788, aux.acc_seg: 5.2639, loss: 4.1270
2021-07-04 21:54:30,240 - mmseg - INFO - Iter [200/4000]	lr: 9.556e-03, eta: 0:42:39, time: 0.564, data_time: 0.021, memory: 18770, decode.loss_seg: 2.9476, decode.acc_seg: 5.2612, aux.loss_seg: 1.1788, aux.acc_seg: 5.2623, loss: 4.1263
2021-07-04 21:54:58,964 - mmseg - INFO - Iter [250/4000]	lr: 9.444e-03, eta: 0:40:51, time: 0.575, data_time: 0.014, memory: 18770, decode.loss_seg: 2.9471, decode.acc_seg: 5.2626, aux.loss_seg: 1.1787, aux.acc_seg: 5.2658, loss: 4.1258
2021-07-04 21:55:27,201 - mmseg - INFO - Iter [300/4000]	lr: 9.331e-03, eta: 0:39:24, time: 0.565, data_time: 0.015, memory: 18770, decode.loss_seg: 2.9467, decode.acc_seg: 5.2635, aux.loss_seg: 1.1786, aux.acc_seg: 5.2610, loss: 4.1253
2021-07-04 21:55:55,116 - mmseg - INFO - Iter [350/4000]	lr: 9.219e-03, eta: 0:38:10, time: 0.559, data_time: 0.014, memory: 18770, decode.loss_seg: 2.9464, decode.acc_seg: 5.2629, aux.loss_seg: 1.1786, aux.acc_seg: 5.2626, loss: 4.1250
2021-07-04 21:56:28,605 - mmseg - INFO - Iter [400/4000]	lr: 9.107e-03, eta: 0:37:57, time: 0.669, data_time: 0.019, memory: 18770, decode.loss_seg: 2.9462, decode.acc_seg: 5.2640, aux.loss_seg: 1.1785, aux.acc_seg: 5.2622, loss: 4.1247
2021-07-04 21:56:57,033 - mmseg - INFO - Iter [450/4000]	lr: 8.994e-03, eta: 0:37:00, time: 0.569, data_time: 0.015, memory: 18770, decode.loss_seg: 2.9460, decode.acc_seg: 5.2629, aux.loss_seg: 1.1785, aux.acc_seg: 5.2635, loss: 4.1245
2021-07-04 21:57:25,009 - mmseg - INFO - Iter [500/4000]	lr: 8.881e-03, eta: 0:36:06, time: 0.559, data_time: 0.014, memory: 18770, decode.loss_seg: 2.9458, decode.acc_seg: 5.2635, aux.loss_seg: 1.1784, aux.acc_seg: 5.2607, loss: 4.1243
2021-07-04 21:57:55,772 - mmseg - INFO - Iter [550/4000]	lr: 8.768e-03, eta: 0:35:34, time: 0.615, data_time: 0.015, memory: 18770, decode.loss_seg: 2.9457, decode.acc_seg: 5.2648, aux.loss_seg: 1.1784, aux.acc_seg: 5.2646, loss: 4.1241
2021-07-04 21:58:23,819 - mmseg - INFO - Iter [600/4000]	lr: 8.655e-03, eta: 0:34:46, time: 0.561, data_time: 0.022, memory: 18770, decode.loss_seg: 2.9456, decode.acc_seg: 5.2640, aux.loss_seg: 1.1784, aux.acc_seg: 5.2635, loss: 4.1239
2021-07-04 21:58:51,987 - mmseg - INFO - Iter [650/4000]	lr: 8.542e-03, eta: 0:34:03, time: 0.564, data_time: 0.014, memory: 18770, decode.loss_seg: 2.9455, decode.acc_seg: 5.2641, aux.loss_seg: 1.1783, aux.acc_seg: 5.2615, loss: 4.1238
2021-07-04 21:59:20,430 - mmseg - INFO - Iter [700/4000]	lr: 8.428e-03, eta: 0:33:23, time: 0.569, data_time: 0.016, memory: 18770, decode.loss_seg: 2.9454, decode.acc_seg: 5.2630, aux.loss_seg: 1.1783, aux.acc_seg: 5.2626, loss: 4.1237
2021-07-04 21:59:48,861 - mmseg - INFO - Iter [750/4000]	lr: 8.315e-03, eta: 0:32:44, time: 0.568, data_time: 0.019, memory: 18770, decode.loss_seg: 2.9453, decode.acc_seg: 5.2641, aux.loss_seg: 1.1783, aux.acc_seg: 5.2627, loss: 4.1236
2021-07-04 22:00:16,932 - mmseg - INFO - Iter [800/4000]	lr: 8.201e-03, eta: 0:32:05, time: 0.561, data_time: 0.015, memory: 18770, decode.loss_seg: 2.9452, decode.acc_seg: 5.2641, aux.loss_seg: 1.1782, aux.acc_seg: 5.2631, loss: 4.1235
2021-07-04 22:00:44,724 - mmseg - INFO - Iter [850/4000]	lr: 8.087e-03, eta: 0:31:27, time: 0.556, data_time: 0.015, memory: 18770, decode.loss_seg: 2.9452, decode.acc_seg: 5.2646, aux.loss_seg: 1.1782, aux.acc_seg: 5.2629, loss: 4.1234
2021-07-04 22:01:12,810 - mmseg - INFO - Iter [900/4000]	lr: 7.973e-03, eta: 0:30:50, time: 0.562, data_time: 0.016, memory: 18770, decode.loss_seg: 2.9451, decode.acc_seg: 5.2641, aux.loss_seg: 1.1782, aux.acc_seg: 5.2632, loss: 4.1233
2021-07-04 22:01:40,944 - mmseg - INFO - Iter [950/4000]	lr: 7.859e-03, eta: 0:30:15, time: 0.563, data_time: 0.019, memory: 18770, decode.loss_seg: 2.9451, decode.acc_seg: 5.2644, aux.loss_seg: 1.1782, aux.acc_seg: 5.2631, loss: 4.1233
2021-07-04 22:02:08,954 - mmseg - INFO - Exp name: deeplabv3plus_r50-d8_512x1024_4k_dummy_cityscapes.py
2021-07-04 22:02:08,961 - mmseg - INFO - Iter [1000/4000]	lr: 7.744e-03, eta: 0:29:40, time: 0.560, data_time: 0.014, memory: 18770, decode.loss_seg: 2.9450, decode.acc_seg: 5.2624, aux.loss_seg: 1.1782, aux.acc_seg: 5.2613, loss: 4.1232
2021-07-04 22:02:36,874 - mmseg - INFO - Iter [1050/4000]	lr: 7.629e-03, eta: 0:29:05, time: 0.558, data_time: 0.015, memory: 18770, decode.loss_seg: 2.9450, decode.acc_seg: 5.2635, aux.loss_seg: 1.1781, aux.acc_seg: 5.2645, loss: 4.1231
2021-07-04 22:03:04,504 - mmseg - INFO - Iter [1100/4000]	lr: 7.514e-03, eta: 0:28:30, time: 0.553, data_time: 0.014, memory: 18770, decode.loss_seg: 2.9450, decode.acc_seg: 5.2636, aux.loss_seg: 1.1781, aux.acc_seg: 5.2615, loss: 4.1231
2021-07-04 22:03:32,492 - mmseg - INFO - Iter [1150/4000]	lr: 7.399e-03, eta: 0:27:57, time: 0.560, data_time: 0.018, memory: 18770, decode.loss_seg: 2.9449, decode.acc_seg: 5.2626, aux.loss_seg: 1.1781, aux.acc_seg: 5.2643, loss: 4.1231
2021-07-04 22:04:03,014 - mmseg - INFO - Iter [1200/4000]	lr: 7.284e-03, eta: 0:27:30, time: 0.611, data_time: 0.016, memory: 18770, decode.loss_seg: 2.9449, decode.acc_seg: 5.2641, aux.loss_seg: 1.1781, aux.acc_seg: 5.2629, loss: 4.1230
2021-07-04 22:04:31,055 - mmseg - INFO - Iter [1250/4000]	lr: 7.168e-03, eta: 0:26:58, time: 0.561, data_time: 0.015, memory: 18770, decode.loss_seg: 2.9449, decode.acc_seg: 5.2648, aux.loss_seg: 1.1781, aux.acc_seg: 5.2639, loss: 4.1230
2021-07-04 22:04:59,212 - mmseg - INFO - Iter [1300/4000]	lr: 7.053e-03, eta: 0:26:26, time: 0.563, data_time: 0.016, memory: 18770, decode.loss_seg: 2.9449, decode.acc_seg: 5.2645, aux.loss_seg: 1.1781, aux.acc_seg: 5.2650, loss: 4.1229
2021-07-04 22:05:27,742 - mmseg - INFO - Iter [1350/4000]	lr: 6.937e-03, eta: 0:25:55, time: 0.571, data_time: 0.021, memory: 18770, decode.loss_seg: 2.9448, decode.acc_seg: 5.2646, aux.loss_seg: 1.1781, aux.acc_seg: 5.2628, loss: 4.1229
2021-07-04 22:05:55,830 - mmseg - INFO - Iter [1400/4000]	lr: 6.821e-03, eta: 0:25:23, time: 0.562, data_time: 0.014, memory: 18770, decode.loss_seg: 2.9448, decode.acc_seg: 5.2622, aux.loss_seg: 1.1780, aux.acc_seg: 5.2606, loss: 4.1229
2021-07-04 22:06:23,752 - mmseg - INFO - Iter [1450/4000]	lr: 6.704e-03, eta: 0:24:51, time: 0.558, data_time: 0.015, memory: 18770, decode.loss_seg: 2.9448, decode.acc_seg: 5.2641, aux.loss_seg: 1.1780, aux.acc_seg: 5.2634, loss: 4.1228
2021-07-04 22:06:51,964 - mmseg - INFO - Iter [1500/4000]	lr: 6.588e-03, eta: 0:24:20, time: 0.564, data_time: 0.017, memory: 18770, decode.loss_seg: 2.9448, decode.acc_seg: 5.2640, aux.loss_seg: 1.1780, aux.acc_seg: 5.2618, loss: 4.1228
2021-07-04 22:07:19,822 - mmseg - INFO - Iter [1550/4000]	lr: 6.471e-03, eta: 0:23:49, time: 0.557, data_time: 0.014, memory: 18770, decode.loss_seg: 2.9448, decode.acc_seg: 5.2641, aux.loss_seg: 1.1780, aux.acc_seg: 5.2636, loss: 4.1228
2021-07-04 22:07:47,759 - mmseg - INFO - Iter [1600/4000]	lr: 6.354e-03, eta: 0:23:18, time: 0.559, data_time: 0.014, memory: 18770, decode.loss_seg: 2.9447, decode.acc_seg: 5.2633, aux.loss_seg: 1.1780, aux.acc_seg: 5.2617, loss: 4.1228
2021-07-04 22:08:15,646 - mmseg - INFO - Iter [1650/4000]	lr: 6.236e-03, eta: 0:22:47, time: 0.558, data_time: 0.018, memory: 18770, decode.loss_seg: 2.9447, decode.acc_seg: 5.2640, aux.loss_seg: 1.1780, aux.acc_seg: 5.2622, loss: 4.1227
2021-07-04 22:08:43,607 - mmseg - INFO - Iter [1700/4000]	lr: 6.119e-03, eta: 0:22:16, time: 0.559, data_time: 0.020, memory: 18770, decode.loss_seg: 2.9447, decode.acc_seg: 5.2648, aux.loss_seg: 1.1780, aux.acc_seg: 5.2652, loss: 4.1227
2021-07-04 22:09:11,855 - mmseg - INFO - Iter [1750/4000]	lr: 6.001e-03, eta: 0:21:46, time: 0.565, data_time: 0.012, memory: 18770, decode.loss_seg: 2.9447, decode.acc_seg: 5.2638, aux.loss_seg: 1.1780, aux.acc_seg: 5.2643, loss: 4.1227
2021-07-04 22:09:39,665 - mmseg - INFO - Iter [1800/4000]	lr: 5.883e-03, eta: 0:21:16, time: 0.556, data_time: 0.014, memory: 18770, decode.loss_seg: 2.9447, decode.acc_seg: 5.2633, aux.loss_seg: 1.1780, aux.acc_seg: 5.2631, loss: 4.1227
2021-07-04 22:10:07,619 - mmseg - INFO - Iter [1850/4000]	lr: 5.764e-03, eta: 0:20:45, time: 0.559, data_time: 0.015, memory: 18770, decode.loss_seg: 2.9447, decode.acc_seg: 5.2625, aux.loss_seg: 1.1780, aux.acc_seg: 5.2598, loss: 4.1227
2021-07-04 22:10:35,973 - mmseg - INFO - Iter [1900/4000]	lr: 5.646e-03, eta: 0:20:16, time: 0.567, data_time: 0.017, memory: 18770, decode.loss_seg: 2.9447, decode.acc_seg: 5.2632, aux.loss_seg: 1.1780, aux.acc_seg: 5.2609, loss: 4.1226
2021-07-04 22:11:04,167 - mmseg - INFO - Iter [1950/4000]	lr: 5.527e-03, eta: 0:19:46, time: 0.564, data_time: 0.016, memory: 18770, decode.loss_seg: 2.9447, decode.acc_seg: 5.2623, aux.loss_seg: 1.1780, aux.acc_seg: 5.2629, loss: 4.1226
2021-07-04 22:11:34,613 - mmseg - INFO - Saving checkpoint at 2000 iterations
2021-07-04 22:13:22,407 - mmseg - INFO - per class results:
2021-07-04 22:13:22,439 - mmseg - INFO -
+---------------+------+------+
|     Class     | IoU  | Acc  |
+---------------+------+------+
|      road     | 2.36 | 4.13 |
|    sidewalk   | 2.36 | 4.11 |
|    building   | 3.19 | 7.45 |
|      wall     | 3.31 | 8.17 |
|     fence     | 2.67 | 5.15 |
|      pole     | 2.83 | 5.77 |
| traffic light | 2.9  | 6.06 |
|  traffic sign | 3.09 | 6.99 |
|   vegetation  | 1.78 | 2.63 |
|    terrain    | 2.25 | 3.78 |
|      sky      | 2.06 | 3.27 |
|     person    | 3.08 | 6.92 |
|     rider     | 2.61 | 4.91 |
|      car      | 3.02 | 6.62 |
|     truck     | 1.97 | 3.04 |
|      bus      | 1.84 | 2.75 |
|     train     | 2.82 | 5.74 |
|   motorcycle  | 3.33 | 8.34 |
|    bicycle    | 2.38 | 4.15 |
+---------------+------+------+
2021-07-04 22:13:22,439 - mmseg - INFO - Summary:
2021-07-04 22:13:22,440 - mmseg - INFO -
+------+------+------+
| aAcc | mIoU | mAcc |
+------+------+------+
| 5.26 | 2.62 | 5.26 |
+------+------+------+
2021-07-04 22:13:22,658 - mmseg - INFO - Exp name: deeplabv3plus_r50-d8_512x1024_4k_dummy_cityscapes.py
2021-07-04 22:13:22,659 - mmseg - INFO - Iter [63/4000]	lr: 5.408e-03, eta: 0:19:19, time: 0.626, data_time: 0.015, memory: 18770, aAcc: 0.0526, mIoU: 0.0262, mAcc: 0.0526, IoU.road: 0.0236, IoU.sidewalk: 0.0236, IoU.building: 0.0319, IoU.wall: 0.0331, IoU.fence: 0.0267, IoU.pole: 0.0283, IoU.traffic light: 0.0290, IoU.traffic sign: 0.0309, IoU.vegetation: 0.0178, IoU.terrain: 0.0225, IoU.sky: 0.0206, IoU.person: 0.0308, IoU.rider: 0.0261, IoU.car: 0.0302, IoU.truck: 0.0197, IoU.bus: 0.0184, IoU.train: 0.0282, IoU.motorcycle: 0.0333, IoU.bicycle: 0.0238, Acc.road: 0.0413, Acc.sidewalk: 0.0411, Acc.building: 0.0745, Acc.wall: 0.0817, Acc.fence: 0.0515, Acc.pole: 0.0577, Acc.traffic light: 0.0606, Acc.traffic sign: 0.0699, Acc.vegetation: 0.0263, Acc.terrain: 0.0378, Acc.sky: 0.0327, Acc.person: 0.0692, Acc.rider: 0.0491, Acc.car: 0.0662, Acc.truck: 0.0304, Acc.bus: 0.0275, Acc.train: 0.0574, Acc.motorcycle: 0.0834, Acc.bicycle: 0.0415, decode.loss_seg: 2.9447, decode.acc_seg: 5.2651, aux.loss_seg: 1.1780, aux.acc_seg: 5.2624, loss: 4.1226
2021-07-04 22:13:50,969 - mmseg - INFO - Iter [2050/4000]	lr: 5.288e-03, eta: 0:20:32, time: 2.710, data_time: 2.166, memory: 18770, decode.loss_seg: 2.9447, decode.acc_seg: 5.2631, aux.loss_seg: 1.1780, aux.acc_seg: 5.2621, loss: 4.1226
2021-07-04 22:14:18,998 - mmseg - INFO - Iter [2100/4000]	lr: 5.168e-03, eta: 0:19:57, time: 0.561, data_time: 0.015, memory: 18770, decode.loss_seg: 2.9446, decode.acc_seg: 5.2665, aux.loss_seg: 1.1779, aux.acc_seg: 5.2635, loss: 4.1226
2021-07-04 22:14:46,996 - mmseg - INFO - Iter [2150/4000]	lr: 5.048e-03, eta: 0:19:22, time: 0.560, data_time: 0.015, memory: 18770, decode.loss_seg: 2.9446, decode.acc_seg: 5.2617, aux.loss_seg: 1.1779, aux.acc_seg: 5.2640, loss: 4.1226
2021-07-04 22:15:15,864 - mmseg - INFO - Iter [2200/4000]	lr: 4.928e-03, eta: 0:18:49, time: 0.577, data_time: 0.017, memory: 18770, decode.loss_seg: 2.9446, decode.acc_seg: 5.2632, aux.loss_seg: 1.1779, aux.acc_seg: 5.2641, loss: 4.1226
2021-07-04 22:15:45,725 - mmseg - INFO - Iter [2250/4000]	lr: 4.807e-03, eta: 0:18:16, time: 0.597, data_time: 0.022, memory: 18770, decode.loss_seg: 2.9446, decode.acc_seg: 5.2639, aux.loss_seg: 1.1779, aux.acc_seg: 5.2644, loss: 4.1226
2021-07-04 22:16:14,784 - mmseg - INFO - Iter [2300/4000]	lr: 4.686e-03, eta: 0:17:43, time: 0.581, data_time: 0.014, memory: 18770, decode.loss_seg: 2.9446, decode.acc_seg: 5.2635, aux.loss_seg: 1.1779, aux.acc_seg: 5.2638, loss: 4.1225
2021-07-04 22:16:43,951 - mmseg - INFO - Iter [2350/4000]	lr: 4.564e-03, eta: 0:17:11, time: 0.583, data_time: 0.015, memory: 18770, decode.loss_seg: 2.9446, decode.acc_seg: 5.2620, aux.loss_seg: 1.1779, aux.acc_seg: 5.2635, loss: 4.1225
2021-07-04 22:17:12,509 - mmseg - INFO - Iter [2400/4000]	lr: 4.442e-03, eta: 0:16:37, time: 0.571, data_time: 0.015, memory: 18770, decode.loss_seg: 2.9446, decode.acc_seg: 5.2621, aux.loss_seg: 1.1779, aux.acc_seg: 5.2600, loss: 4.1225
2021-07-04 22:17:41,415 - mmseg - INFO - Iter [2450/4000]	lr: 4.320e-03, eta: 0:16:05, time: 0.578, data_time: 0.018, memory: 18770, decode.loss_seg: 2.9446, decode.acc_seg: 5.2629, aux.loss_seg: 1.1779, aux.acc_seg: 5.2648, loss: 4.1225
2021-07-04 22:18:10,891 - mmseg - INFO - Iter [2500/4000]	lr: 4.198e-03, eta: 0:15:33, time: 0.590, data_time: 0.014, memory: 18770, decode.loss_seg: 2.9446, decode.acc_seg: 5.2641, aux.loss_seg: 1.1779, aux.acc_seg: 5.2641, loss: 4.1225
2021-07-04 22:18:39,074 - mmseg - INFO - Iter [2550/4000]	lr: 4.074e-03, eta: 0:15:00, time: 0.564, data_time: 0.015, memory: 18770, decode.loss_seg: 2.9446, decode.acc_seg: 5.2642, aux.loss_seg: 1.1779, aux.acc_seg: 5.2632, loss: 4.1225
2021-07-04 22:19:07,397 - mmseg - INFO - Iter [2600/4000]	lr: 3.951e-03, eta: 0:14:27, time: 0.566, data_time: 0.017, memory: 18770, decode.loss_seg: 2.9446, decode.acc_seg: 5.2646, aux.loss_seg: 1.1779, aux.acc_seg: 5.2612, loss: 4.1225
2021-07-04 22:19:36,173 - mmseg - INFO - Iter [2650/4000]	lr: 3.827e-03, eta: 0:13:55, time: 0.576, data_time: 0.023, memory: 18770, decode.loss_seg: 2.9446, decode.acc_seg: 5.2630, aux.loss_seg: 1.1779, aux.acc_seg: 5.2632, loss: 4.1225
2021-07-04 22:20:05,751 - mmseg - INFO - Iter [2700/4000]	lr: 3.703e-03, eta: 0:13:24, time: 0.592, data_time: 0.014, memory: 18770, decode.loss_seg: 2.9446, decode.acc_seg: 5.2643, aux.loss_seg: 1.1779, aux.acc_seg: 5.2639, loss: 4.1225
2021-07-04 22:20:34,130 - mmseg - INFO - Iter [2750/4000]	lr: 3.578e-03, eta: 0:12:52, time: 0.567, data_time: 0.013, memory: 18770, decode.loss_seg: 2.9446, decode.acc_seg: 5.2642, aux.loss_seg: 1.1779, aux.acc_seg: 5.2612, loss: 4.1225
2021-07-04 22:21:03,023 - mmseg - INFO - Iter [2800/4000]	lr: 3.453e-03, eta: 0:12:20, time: 0.578, data_time: 0.019, memory: 18770, decode.loss_seg: 2.9446, decode.acc_seg: 5.2630, aux.loss_seg: 1.1779, aux.acc_seg: 5.2630, loss: 4.1225
2021-07-04 22:21:33,859 - mmseg - INFO - Iter [2850/4000]	lr: 3.327e-03, eta: 0:11:49, time: 0.617, data_time: 0.016, memory: 18770, decode.loss_seg: 2.9446, decode.acc_seg: 5.2633, aux.loss_seg: 1.1779, aux.acc_seg: 5.2636, loss: 4.1225
2021-07-04 22:22:02,421 - mmseg - INFO - Iter [2900/4000]	lr: 3.200e-03, eta: 0:11:17, time: 0.571, data_time: 0.017, memory: 18770, decode.loss_seg: 2.9446, decode.acc_seg: 5.2643, aux.loss_seg: 1.1779, aux.acc_seg: 5.2620, loss: 4.1225
2021-07-04 22:22:31,192 - mmseg - INFO - Iter [2950/4000]	lr: 3.073e-03, eta: 0:10:46, time: 0.576, data_time: 0.016, memory: 18770, decode.loss_seg: 2.9446, decode.acc_seg: 5.2632, aux.loss_seg: 1.1779, aux.acc_seg: 5.2632, loss: 4.1225
2021-07-04 22:22:59,507 - mmseg - INFO - Exp name: deeplabv3plus_r50-d8_512x1024_4k_dummy_cityscapes.py
2021-07-04 22:22:59,525 - mmseg - INFO - Iter [3000/4000]	lr: 2.946e-03, eta: 0:10:14, time: 0.567, data_time: 0.022, memory: 18770, decode.loss_seg: 2.9446, decode.acc_seg: 5.2625, aux.loss_seg: 1.1779, aux.acc_seg: 5.2639, loss: 4.1225
2021-07-04 22:23:28,232 - mmseg - INFO - Iter [3050/4000]	lr: 2.817e-03, eta: 0:09:43, time: 0.574, data_time: 0.015, memory: 18770, decode.loss_seg: 2.9446, decode.acc_seg: 5.2652, aux.loss_seg: 1.1779, aux.acc_seg: 5.2616, loss: 4.1225
2021-07-04 22:23:56,189 - mmseg - INFO - Iter [3100/4000]	lr: 2.688e-03, eta: 0:09:11, time: 0.559, data_time: 0.016, memory: 18770, decode.loss_seg: 2.9446, decode.acc_seg: 5.2632, aux.loss_seg: 1.1779, aux.acc_seg: 5.2642, loss: 4.1225
2021-07-04 22:24:26,371 - mmseg - INFO - Iter [3150/4000]	lr: 2.559e-03, eta: 0:08:41, time: 0.604, data_time: 0.014, memory: 18770, decode.loss_seg: 2.9446, decode.acc_seg: 5.2615, aux.loss_seg: 1.1779, aux.acc_seg: 5.2617, loss: 4.1225
2021-07-04 22:24:55,518 - mmseg - INFO - Iter [3200/4000]	lr: 2.428e-03, eta: 0:08:09, time: 0.583, data_time: 0.021, memory: 18770, decode.loss_seg: 2.9446, decode.acc_seg: 5.2642, aux.loss_seg: 1.1779, aux.acc_seg: 5.2653, loss: 4.1224
2021-07-04 22:25:24,453 - mmseg - INFO - Iter [3250/4000]	lr: 2.297e-03, eta: 0:07:38, time: 0.579, data_time: 0.012, memory: 18770, decode.loss_seg: 2.9446, decode.acc_seg: 5.2632, aux.loss_seg: 1.1779, aux.acc_seg: 5.2632, loss: 4.1224
2021-07-04 22:25:55,036 - mmseg - INFO - Iter [3300/4000]	lr: 2.165e-03, eta: 0:07:08, time: 0.611, data_time: 0.015, memory: 18770, decode.loss_seg: 2.9446, decode.acc_seg: 5.2634, aux.loss_seg: 1.1779, aux.acc_seg: 5.2626, loss: 4.1224
2021-07-04 22:26:23,728 - mmseg - INFO - Iter [3350/4000]	lr: 2.032e-03, eta: 0:06:37, time: 0.574, data_time: 0.021, memory: 18770, decode.loss_seg: 2.9446, decode.acc_seg: 5.2637, aux.loss_seg: 1.1779, aux.acc_seg: 5.2631, loss: 4.1224
2021-07-04 22:26:53,495 - mmseg - INFO - Iter [3400/4000]	lr: 1.898e-03, eta: 0:06:06, time: 0.595, data_time: 0.014, memory: 18770, decode.loss_seg: 2.9446, decode.acc_seg: 5.2625, aux.loss_seg: 1.1779, aux.acc_seg: 5.2646, loss: 4.1224
2021-07-04 22:27:26,055 - mmseg - INFO - Iter [3450/4000]	lr: 1.763e-03, eta: 0:05:36, time: 0.651, data_time: 0.014, memory: 18770, decode.loss_seg: 2.9445, decode.acc_seg: 5.2620, aux.loss_seg: 1.1779, aux.acc_seg: 5.2629, loss: 4.1224
2021-07-04 22:27:56,079 - mmseg - INFO - Iter [3500/4000]	lr: 1.626e-03, eta: 0:05:05, time: 0.601, data_time: 0.015, memory: 18770, decode.loss_seg: 2.9445, decode.acc_seg: 5.2635, aux.loss_seg: 1.1779, aux.acc_seg: 5.2653, loss: 4.1224
2021-07-04 22:28:24,298 - mmseg - INFO - Iter [3550/4000]	lr: 1.488e-03, eta: 0:04:34, time: 0.564, data_time: 0.020, memory: 18770, decode.loss_seg: 2.9445, decode.acc_seg: 5.2626, aux.loss_seg: 1.1779, aux.acc_seg: 5.2631, loss: 4.1224
2021-07-04 22:28:52,093 - mmseg - INFO - Iter [3600/4000]	lr: 1.349e-03, eta: 0:04:04, time: 0.556, data_time: 0.015, memory: 18770, decode.loss_seg: 2.9445, decode.acc_seg: 5.2630, aux.loss_seg: 1.1779, aux.acc_seg: 5.2631, loss: 4.1224
2021-07-04 22:29:20,400 - mmseg - INFO - Iter [3650/4000]	lr: 1.208e-03, eta: 0:03:33, time: 0.566, data_time: 0.015, memory: 18770, decode.loss_seg: 2.9445, decode.acc_seg: 5.2644, aux.loss_seg: 1.1779, aux.acc_seg: 5.2647, loss: 4.1224
2021-07-04 22:29:48,262 - mmseg - INFO - Iter [3700/4000]	lr: 1.065e-03, eta: 0:03:02, time: 0.557, data_time: 0.014, memory: 18770, decode.loss_seg: 2.9445, decode.acc_seg: 5.2652, aux.loss_seg: 1.1779, aux.acc_seg: 5.2647, loss: 4.1224
2021-07-04 22:30:16,728 - mmseg - INFO - Iter [3750/4000]	lr: 9.194e-04, eta: 0:02:32, time: 0.569, data_time: 0.019, memory: 18770, decode.loss_seg: 2.9445, decode.acc_seg: 5.2619, aux.loss_seg: 1.1779, aux.acc_seg: 5.2642, loss: 4.1224
2021-07-04 22:30:46,148 - mmseg - INFO - Iter [3800/4000]	lr: 7.709e-04, eta: 0:02:01, time: 0.588, data_time: 0.014, memory: 18770, decode.loss_seg: 2.9445, decode.acc_seg: 5.2625, aux.loss_seg: 1.1779, aux.acc_seg: 5.2638, loss: 4.1224
2021-07-04 22:31:14,190 - mmseg - INFO - Iter [3850/4000]	lr: 6.186e-04, eta: 0:01:31, time: 0.561, data_time: 0.015, memory: 18770, decode.loss_seg: 2.9445, decode.acc_seg: 5.2629, aux.loss_seg: 1.1779, aux.acc_seg: 5.2651, loss: 4.1224
2021-07-04 22:31:42,635 - mmseg - INFO - Iter [3900/4000]	lr: 4.611e-04, eta: 0:01:00, time: 0.569, data_time: 0.017, memory: 18770, decode.loss_seg: 2.9445, decode.acc_seg: 5.2599, aux.loss_seg: 1.1779, aux.acc_seg: 5.2619, loss: 4.1224
2021-07-04 22:32:11,099 - mmseg - INFO - Iter [3950/4000]	lr: 2.953e-04, eta: 0:00:30, time: 0.569, data_time: 0.021, memory: 18770, decode.loss_seg: 2.9445, decode.acc_seg: 5.2623, aux.loss_seg: 1.1779, aux.acc_seg: 5.2641, loss: 4.1224
2021-07-04 22:32:41,718 - mmseg - INFO - Saving checkpoint at 4000 iterations
2021-07-04 22:33:10,366 - mmseg - INFO - per class results:
2021-07-04 22:33:10,369 - mmseg - INFO -
+---------------+------+------+
|     Class     | IoU  | Acc  |
+---------------+------+------+
|      road     | 2.26 | 3.83 |
|    sidewalk   | 2.35 | 4.06 |
|    building   | 2.9  | 6.04 |
|      wall     | 3.17 | 7.35 |
|     fence     | 2.75 | 5.44 |
|      pole     | 2.97 | 6.39 |
| traffic light | 2.86 | 5.9  |
|  traffic sign | 2.82 | 5.74 |
|   vegetation  | 2.31 | 3.96 |
|    terrain    | 2.53 | 4.64 |
|      sky      | 2.49 | 4.52 |
|     person    | 3.2  | 7.58 |
|     rider     | 2.48 | 4.5  |
|      car      | 2.86 | 5.88 |
|     truck     | 1.99 | 3.1  |
|      bus      | 2.34 | 4.04 |
|     train     | 2.75 | 5.45 |
|   motorcycle  | 3.14 | 7.21 |
|    bicycle    | 2.44 | 4.36 |
+---------------+------+------+
2021-07-04 22:33:10,370 - mmseg - INFO - Summary:
2021-07-04 22:33:10,370 - mmseg - INFO -
+------+------+------+
| aAcc | mIoU | mAcc |
+------+------+------+
| 5.26 | 2.66 | 5.26 |
+------+------+------+
2021-07-04 22:33:10,651 - mmseg - INFO - Exp name: deeplabv3plus_r50-d8_512x1024_4k_dummy_cityscapes.py
2021-07-04 22:33:10,651 - mmseg - INFO - Iter [63/4000]	lr: 1.057e-04, eta: 0:00:00, time: 0.634, data_time: 0.016, memory: 18770, aAcc: 0.0526, mIoU: 0.0266, mAcc: 0.0526, IoU.road: 0.0226, IoU.sidewalk: 0.0235, IoU.building: 0.0290, IoU.wall: 0.0317, IoU.fence: 0.0275, IoU.pole: 0.0297, IoU.traffic light: 0.0286, IoU.traffic sign: 0.0282, IoU.vegetation: 0.0231, IoU.terrain: 0.0253, IoU.sky: 0.0249, IoU.person: 0.0320, IoU.rider: 0.0248, IoU.car: 0.0286, IoU.truck: 0.0199, IoU.bus: 0.0234, IoU.train: 0.0275, IoU.motorcycle: 0.0314, IoU.bicycle: 0.0244, Acc.road: 0.0383, Acc.sidewalk: 0.0406, Acc.building: 0.0604, Acc.wall: 0.0735, Acc.fence: 0.0544, Acc.pole: 0.0639, Acc.traffic light: 0.0590, Acc.traffic sign: 0.0574, Acc.vegetation: 0.0396, Acc.terrain: 0.0464, Acc.sky: 0.0452, Acc.person: 0.0758, Acc.rider: 0.0450, Acc.car: 0.0588, Acc.truck: 0.0310, Acc.bus: 0.0404, Acc.train: 0.0545, Acc.motorcycle: 0.0721, Acc.bicycle: 0.0436, decode.loss_seg: 2.9445, decode.acc_seg: 5.2637, aux.loss_seg: 1.1779, aux.acc_seg: 5.2609, loss: 4.1224
